INFO - 2023-11-07 07:31:42 --> Session: Class initialized using 'CodeIgniter\Session\Handlers\FileHandler' driver.
INFO - 2023-11-07 07:31:48 --> Session: Class initialized using 'CodeIgniter\Session\Handlers\FileHandler' driver.
INFO - 2023-11-07 07:47:15 --> Session: Class initialized using 'CodeIgniter\Session\Handlers\FileHandler' driver.
INFO - 2023-11-07 07:47:17 --> Session: Class initialized using 'CodeIgniter\Session\Handlers\FileHandler' driver.
INFO - 2023-11-07 07:49:30 --> Session: Class initialized using 'CodeIgniter\Session\Handlers\FileHandler' driver.
WARNING - 2023-11-07 07:49:30 --> [DEPRECATED] DateTime::__construct(): Passing null to parameter #1 ($datetime) of type string is deprecated in APPPATH/Views/dashboard/article/list.php on line 55.
 1 APPPATH/Views/dashboard/article/list.php(55): DateTime->__construct(null)
 2 SYSTEMPATH/View/View.php(224): include('/home/buyung/Documents/Project/CI 4/themenet/app/Views/dashboard/article/list.php')
 3 SYSTEMPATH/View/View.php(227): CodeIgniter\View\View->CodeIgniter\View\{closure}()
 4 SYSTEMPATH/Common.php(1176): CodeIgniter\View\View->render('dashboard/article/list', [], true)
 5 APPPATH/Controllers/backEnd/ArticleController.php(62): view('dashboard/article/list', [...])
 6 SYSTEMPATH/CodeIgniter.php(932): App\Controllers\backEnd\ArticleController->index()
 7 SYSTEMPATH/CodeIgniter.php(497): CodeIgniter\CodeIgniter->runController(Object(App\Controllers\backEnd\ArticleController))
 8 SYSTEMPATH/CodeIgniter.php(366): CodeIgniter\CodeIgniter->handleRequest(null, Object(Config\Cache), false)
 9 FCPATH/index.php(67): CodeIgniter\CodeIgniter->run()
10 SYSTEMPATH/Commands/Server/rewrite.php(47): require_once('/home/buyung/Documents/Project/CI 4/themenet/public/index.php')
WARNING - 2023-11-07 07:49:30 --> [DEPRECATED] DateTime::__construct(): Passing null to parameter #1 ($datetime) of type string is deprecated in APPPATH/Views/dashboard/article/list.php on line 55.
 1 APPPATH/Views/dashboard/article/list.php(55): DateTime->__construct(null)
 2 SYSTEMPATH/View/View.php(224): include('/home/buyung/Documents/Project/CI 4/themenet/app/Views/dashboard/article/list.php')
 3 SYSTEMPATH/View/View.php(227): CodeIgniter\View\View->CodeIgniter\View\{closure}()
 4 SYSTEMPATH/Common.php(1176): CodeIgniter\View\View->render('dashboard/article/list', [], true)
 5 APPPATH/Controllers/backEnd/ArticleController.php(62): view('dashboard/article/list', [...])
 6 SYSTEMPATH/CodeIgniter.php(932): App\Controllers\backEnd\ArticleController->index()
 7 SYSTEMPATH/CodeIgniter.php(497): CodeIgniter\CodeIgniter->runController(Object(App\Controllers\backEnd\ArticleController))
 8 SYSTEMPATH/CodeIgniter.php(366): CodeIgniter\CodeIgniter->handleRequest(null, Object(Config\Cache), false)
 9 FCPATH/index.php(67): CodeIgniter\CodeIgniter->run()
10 SYSTEMPATH/Commands/Server/rewrite.php(47): require_once('/home/buyung/Documents/Project/CI 4/themenet/public/index.php')
WARNING - 2023-11-07 07:49:30 --> [DEPRECATED] DateTime::__construct(): Passing null to parameter #1 ($datetime) of type string is deprecated in APPPATH/Views/dashboard/article/list.php on line 55.
 1 APPPATH/Views/dashboard/article/list.php(55): DateTime->__construct(null)
 2 SYSTEMPATH/View/View.php(224): include('/home/buyung/Documents/Project/CI 4/themenet/app/Views/dashboard/article/list.php')
 3 SYSTEMPATH/View/View.php(227): CodeIgniter\View\View->CodeIgniter\View\{closure}()
 4 SYSTEMPATH/Common.php(1176): CodeIgniter\View\View->render('dashboard/article/list', [], true)
 5 APPPATH/Controllers/backEnd/ArticleController.php(62): view('dashboard/article/list', [...])
 6 SYSTEMPATH/CodeIgniter.php(932): App\Controllers\backEnd\ArticleController->index()
 7 SYSTEMPATH/CodeIgniter.php(497): CodeIgniter\CodeIgniter->runController(Object(App\Controllers\backEnd\ArticleController))
 8 SYSTEMPATH/CodeIgniter.php(366): CodeIgniter\CodeIgniter->handleRequest(null, Object(Config\Cache), false)
 9 FCPATH/index.php(67): CodeIgniter\CodeIgniter->run()
10 SYSTEMPATH/Commands/Server/rewrite.php(47): require_once('/home/buyung/Documents/Project/CI 4/themenet/public/index.php')
INFO - 2023-11-07 07:49:36 --> Session: Class initialized using 'CodeIgniter\Session\Handlers\FileHandler' driver.
INFO - 2023-11-07 07:49:37 --> Session: Class initialized using 'CodeIgniter\Session\Handlers\FileHandler' driver.
INFO - 2023-11-07 07:49:37 --> Session: Class initialized using 'CodeIgniter\Session\Handlers\FileHandler' driver.
INFO - 2023-11-07 07:55:40 --> Session: Class initialized using 'CodeIgniter\Session\Handlers\FileHandler' driver.
WARNING - 2023-11-07 07:55:40 --> [DEPRECATED] DateTime::__construct(): Passing null to parameter #1 ($datetime) of type string is deprecated in APPPATH/Views/dashboard/article/list.php on line 55.
 1 APPPATH/Views/dashboard/article/list.php(55): DateTime->__construct(null)
 2 SYSTEMPATH/View/View.php(224): include('/home/buyung/Documents/Project/CI 4/themenet/app/Views/dashboard/article/list.php')
 3 SYSTEMPATH/View/View.php(227): CodeIgniter\View\View->CodeIgniter\View\{closure}()
 4 SYSTEMPATH/Common.php(1176): CodeIgniter\View\View->render('dashboard/article/list', [], true)
 5 APPPATH/Controllers/backEnd/ArticleController.php(62): view('dashboard/article/list', [...])
 6 SYSTEMPATH/CodeIgniter.php(932): App\Controllers\backEnd\ArticleController->index()
 7 SYSTEMPATH/CodeIgniter.php(497): CodeIgniter\CodeIgniter->runController(Object(App\Controllers\backEnd\ArticleController))
 8 SYSTEMPATH/CodeIgniter.php(366): CodeIgniter\CodeIgniter->handleRequest(null, Object(Config\Cache), false)
 9 FCPATH/index.php(67): CodeIgniter\CodeIgniter->run()
10 SYSTEMPATH/Commands/Server/rewrite.php(47): require_once('/home/buyung/Documents/Project/CI 4/themenet/public/index.php')
WARNING - 2023-11-07 07:55:40 --> [DEPRECATED] DateTime::__construct(): Passing null to parameter #1 ($datetime) of type string is deprecated in APPPATH/Views/dashboard/article/list.php on line 55.
 1 APPPATH/Views/dashboard/article/list.php(55): DateTime->__construct(null)
 2 SYSTEMPATH/View/View.php(224): include('/home/buyung/Documents/Project/CI 4/themenet/app/Views/dashboard/article/list.php')
 3 SYSTEMPATH/View/View.php(227): CodeIgniter\View\View->CodeIgniter\View\{closure}()
 4 SYSTEMPATH/Common.php(1176): CodeIgniter\View\View->render('dashboard/article/list', [], true)
 5 APPPATH/Controllers/backEnd/ArticleController.php(62): view('dashboard/article/list', [...])
 6 SYSTEMPATH/CodeIgniter.php(932): App\Controllers\backEnd\ArticleController->index()
 7 SYSTEMPATH/CodeIgniter.php(497): CodeIgniter\CodeIgniter->runController(Object(App\Controllers\backEnd\ArticleController))
 8 SYSTEMPATH/CodeIgniter.php(366): CodeIgniter\CodeIgniter->handleRequest(null, Object(Config\Cache), false)
 9 FCPATH/index.php(67): CodeIgniter\CodeIgniter->run()
10 SYSTEMPATH/Commands/Server/rewrite.php(47): require_once('/home/buyung/Documents/Project/CI 4/themenet/public/index.php')
WARNING - 2023-11-07 07:55:40 --> [DEPRECATED] DateTime::__construct(): Passing null to parameter #1 ($datetime) of type string is deprecated in APPPATH/Views/dashboard/article/list.php on line 55.
 1 APPPATH/Views/dashboard/article/list.php(55): DateTime->__construct(null)
 2 SYSTEMPATH/View/View.php(224): include('/home/buyung/Documents/Project/CI 4/themenet/app/Views/dashboard/article/list.php')
 3 SYSTEMPATH/View/View.php(227): CodeIgniter\View\View->CodeIgniter\View\{closure}()
 4 SYSTEMPATH/Common.php(1176): CodeIgniter\View\View->render('dashboard/article/list', [], true)
 5 APPPATH/Controllers/backEnd/ArticleController.php(62): view('dashboard/article/list', [...])
 6 SYSTEMPATH/CodeIgniter.php(932): App\Controllers\backEnd\ArticleController->index()
 7 SYSTEMPATH/CodeIgniter.php(497): CodeIgniter\CodeIgniter->runController(Object(App\Controllers\backEnd\ArticleController))
 8 SYSTEMPATH/CodeIgniter.php(366): CodeIgniter\CodeIgniter->handleRequest(null, Object(Config\Cache), false)
 9 FCPATH/index.php(67): CodeIgniter\CodeIgniter->run()
10 SYSTEMPATH/Commands/Server/rewrite.php(47): require_once('/home/buyung/Documents/Project/CI 4/themenet/public/index.php')
INFO - 2023-11-07 07:55:45 --> Session: Class initialized using 'CodeIgniter\Session\Handlers\FileHandler' driver.
INFO - 2023-11-07 07:55:46 --> Session: Class initialized using 'CodeIgniter\Session\Handlers\FileHandler' driver.
INFO - 2023-11-07 08:08:06 --> Session: Class initialized using 'CodeIgniter\Session\Handlers\FileHandler' driver.
INFO - 2023-11-07 08:08:07 --> Session: Class initialized using 'CodeIgniter\Session\Handlers\FileHandler' driver.
INFO - 2023-11-07 08:09:20 --> Session: Class initialized using 'CodeIgniter\Session\Handlers\FileHandler' driver.
INFO - 2023-11-07 08:09:22 --> Session: Class initialized using 'CodeIgniter\Session\Handlers\FileHandler' driver.
INFO - 2023-11-07 08:10:33 --> Session: Class initialized using 'CodeIgniter\Session\Handlers\FileHandler' driver.
WARNING - 2023-11-07 08:10:33 --> [DEPRECATED] DateTime::__construct(): Passing null to parameter #1 ($datetime) of type string is deprecated in APPPATH/Views/dashboard/article/list.php on line 55.
 1 APPPATH/Views/dashboard/article/list.php(55): DateTime->__construct(null)
 2 SYSTEMPATH/View/View.php(224): include('/home/buyung/Documents/Project/CI 4/themenet/app/Views/dashboard/article/list.php')
 3 SYSTEMPATH/View/View.php(227): CodeIgniter\View\View->CodeIgniter\View\{closure}()
 4 SYSTEMPATH/Common.php(1176): CodeIgniter\View\View->render('dashboard/article/list', [], true)
 5 APPPATH/Controllers/backEnd/ArticleController.php(62): view('dashboard/article/list', [...])
 6 SYSTEMPATH/CodeIgniter.php(932): App\Controllers\backEnd\ArticleController->index()
 7 SYSTEMPATH/CodeIgniter.php(497): CodeIgniter\CodeIgniter->runController(Object(App\Controllers\backEnd\ArticleController))
 8 SYSTEMPATH/CodeIgniter.php(366): CodeIgniter\CodeIgniter->handleRequest(null, Object(Config\Cache), false)
 9 FCPATH/index.php(67): CodeIgniter\CodeIgniter->run()
10 SYSTEMPATH/Commands/Server/rewrite.php(47): require_once('/home/buyung/Documents/Project/CI 4/themenet/public/index.php')
WARNING - 2023-11-07 08:10:33 --> [DEPRECATED] DateTime::__construct(): Passing null to parameter #1 ($datetime) of type string is deprecated in APPPATH/Views/dashboard/article/list.php on line 55.
 1 APPPATH/Views/dashboard/article/list.php(55): DateTime->__construct(null)
 2 SYSTEMPATH/View/View.php(224): include('/home/buyung/Documents/Project/CI 4/themenet/app/Views/dashboard/article/list.php')
 3 SYSTEMPATH/View/View.php(227): CodeIgniter\View\View->CodeIgniter\View\{closure}()
 4 SYSTEMPATH/Common.php(1176): CodeIgniter\View\View->render('dashboard/article/list', [], true)
 5 APPPATH/Controllers/backEnd/ArticleController.php(62): view('dashboard/article/list', [...])
 6 SYSTEMPATH/CodeIgniter.php(932): App\Controllers\backEnd\ArticleController->index()
 7 SYSTEMPATH/CodeIgniter.php(497): CodeIgniter\CodeIgniter->runController(Object(App\Controllers\backEnd\ArticleController))
 8 SYSTEMPATH/CodeIgniter.php(366): CodeIgniter\CodeIgniter->handleRequest(null, Object(Config\Cache), false)
 9 FCPATH/index.php(67): CodeIgniter\CodeIgniter->run()
10 SYSTEMPATH/Commands/Server/rewrite.php(47): require_once('/home/buyung/Documents/Project/CI 4/themenet/public/index.php')
WARNING - 2023-11-07 08:10:33 --> [DEPRECATED] DateTime::__construct(): Passing null to parameter #1 ($datetime) of type string is deprecated in APPPATH/Views/dashboard/article/list.php on line 55.
 1 APPPATH/Views/dashboard/article/list.php(55): DateTime->__construct(null)
 2 SYSTEMPATH/View/View.php(224): include('/home/buyung/Documents/Project/CI 4/themenet/app/Views/dashboard/article/list.php')
 3 SYSTEMPATH/View/View.php(227): CodeIgniter\View\View->CodeIgniter\View\{closure}()
 4 SYSTEMPATH/Common.php(1176): CodeIgniter\View\View->render('dashboard/article/list', [], true)
 5 APPPATH/Controllers/backEnd/ArticleController.php(62): view('dashboard/article/list', [...])
 6 SYSTEMPATH/CodeIgniter.php(932): App\Controllers\backEnd\ArticleController->index()
 7 SYSTEMPATH/CodeIgniter.php(497): CodeIgniter\CodeIgniter->runController(Object(App\Controllers\backEnd\ArticleController))
 8 SYSTEMPATH/CodeIgniter.php(366): CodeIgniter\CodeIgniter->handleRequest(null, Object(Config\Cache), false)
 9 FCPATH/index.php(67): CodeIgniter\CodeIgniter->run()
10 SYSTEMPATH/Commands/Server/rewrite.php(47): require_once('/home/buyung/Documents/Project/CI 4/themenet/public/index.php')
INFO - 2023-11-07 08:11:20 --> Session: Class initialized using 'CodeIgniter\Session\Handlers\FileHandler' driver.
INFO - 2023-11-07 08:11:23 --> Session: Class initialized using 'CodeIgniter\Session\Handlers\FileHandler' driver.
INFO - 2023-11-07 08:14:01 --> Session: Class initialized using 'CodeIgniter\Session\Handlers\FileHandler' driver.
INFO - 2023-11-07 08:14:03 --> Session: Class initialized using 'CodeIgniter\Session\Handlers\FileHandler' driver.
INFO - 2023-11-07 08:15:51 --> Session: Class initialized using 'CodeIgniter\Session\Handlers\FileHandler' driver.
INFO - 2023-11-07 08:15:53 --> Session: Class initialized using 'CodeIgniter\Session\Handlers\FileHandler' driver.
INFO - 2023-11-07 08:25:27 --> Session: Class initialized using 'CodeIgniter\Session\Handlers\FileHandler' driver.
INFO - 2023-11-07 08:25:29 --> Session: Class initialized using 'CodeIgniter\Session\Handlers\FileHandler' driver.
INFO - 2023-11-07 08:26:36 --> Session: Class initialized using 'CodeIgniter\Session\Handlers\FileHandler' driver.
INFO - 2023-11-07 08:26:38 --> Session: Class initialized using 'CodeIgniter\Session\Handlers\FileHandler' driver.
INFO - 2023-11-07 08:30:29 --> Session: Class initialized using 'CodeIgniter\Session\Handlers\FileHandler' driver.
INFO - 2023-11-07 08:30:29 --> Session: Class initialized using 'CodeIgniter\Session\Handlers\FileHandler' driver.
INFO - 2023-11-07 08:34:36 --> Session: Class initialized using 'CodeIgniter\Session\Handlers\FileHandler' driver.
INFO - 2023-11-07 08:34:38 --> Session: Class initialized using 'CodeIgniter\Session\Handlers\FileHandler' driver.
INFO - 2023-11-07 08:35:46 --> Session: Class initialized using 'CodeIgniter\Session\Handlers\FileHandler' driver.
INFO - 2023-11-07 08:35:48 --> Session: Class initialized using 'CodeIgniter\Session\Handlers\FileHandler' driver.
INFO - 2023-11-07 08:37:01 --> Session: Class initialized using 'CodeIgniter\Session\Handlers\FileHandler' driver.
INFO - 2023-11-07 08:37:03 --> Session: Class initialized using 'CodeIgniter\Session\Handlers\FileHandler' driver.
INFO - 2023-11-07 08:38:07 --> Session: Class initialized using 'CodeIgniter\Session\Handlers\FileHandler' driver.
INFO - 2023-11-07 08:38:09 --> Session: Class initialized using 'CodeIgniter\Session\Handlers\FileHandler' driver.
INFO - 2023-11-07 08:40:16 --> Session: Class initialized using 'CodeIgniter\Session\Handlers\FileHandler' driver.
INFO - 2023-11-07 08:40:18 --> Session: Class initialized using 'CodeIgniter\Session\Handlers\FileHandler' driver.
INFO - 2023-11-07 08:49:29 --> Session: Class initialized using 'CodeIgniter\Session\Handlers\FileHandler' driver.
INFO - 2023-11-07 08:49:31 --> Session: Class initialized using 'CodeIgniter\Session\Handlers\FileHandler' driver.
INFO - 2023-11-07 08:50:29 --> Session: Class initialized using 'CodeIgniter\Session\Handlers\FileHandler' driver.
INFO - 2023-11-07 08:50:31 --> Session: Class initialized using 'CodeIgniter\Session\Handlers\FileHandler' driver.
INFO - 2023-11-07 08:52:11 --> Session: Class initialized using 'CodeIgniter\Session\Handlers\FileHandler' driver.
INFO - 2023-11-07 08:52:13 --> Session: Class initialized using 'CodeIgniter\Session\Handlers\FileHandler' driver.
INFO - 2023-11-07 08:54:27 --> Session: Class initialized using 'CodeIgniter\Session\Handlers\FileHandler' driver.
INFO - 2023-11-07 08:54:29 --> Session: Class initialized using 'CodeIgniter\Session\Handlers\FileHandler' driver.
INFO - 2023-11-07 08:58:21 --> Session: Class initialized using 'CodeIgniter\Session\Handlers\FileHandler' driver.
WARNING - 2023-11-07 08:58:21 --> [DEPRECATED] DateTime::__construct(): Passing null to parameter #1 ($datetime) of type string is deprecated in APPPATH/Views/dashboard/article/list.php on line 55.
 1 APPPATH/Views/dashboard/article/list.php(55): DateTime->__construct(null)
 2 SYSTEMPATH/View/View.php(224): include('/home/buyung/Documents/Project/CI 4/themenet/app/Views/dashboard/article/list.php')
 3 SYSTEMPATH/View/View.php(227): CodeIgniter\View\View->CodeIgniter\View\{closure}()
 4 SYSTEMPATH/Common.php(1176): CodeIgniter\View\View->render('dashboard/article/list', [], true)
 5 APPPATH/Controllers/backEnd/ArticleController.php(62): view('dashboard/article/list', [...])
 6 SYSTEMPATH/CodeIgniter.php(932): App\Controllers\backEnd\ArticleController->index()
 7 SYSTEMPATH/CodeIgniter.php(497): CodeIgniter\CodeIgniter->runController(Object(App\Controllers\backEnd\ArticleController))
 8 SYSTEMPATH/CodeIgniter.php(366): CodeIgniter\CodeIgniter->handleRequest(null, Object(Config\Cache), false)
 9 FCPATH/index.php(67): CodeIgniter\CodeIgniter->run()
10 SYSTEMPATH/Commands/Server/rewrite.php(47): require_once('/home/buyung/Documents/Project/CI 4/themenet/public/index.php')
WARNING - 2023-11-07 08:58:21 --> [DEPRECATED] DateTime::__construct(): Passing null to parameter #1 ($datetime) of type string is deprecated in APPPATH/Views/dashboard/article/list.php on line 55.
 1 APPPATH/Views/dashboard/article/list.php(55): DateTime->__construct(null)
 2 SYSTEMPATH/View/View.php(224): include('/home/buyung/Documents/Project/CI 4/themenet/app/Views/dashboard/article/list.php')
 3 SYSTEMPATH/View/View.php(227): CodeIgniter\View\View->CodeIgniter\View\{closure}()
 4 SYSTEMPATH/Common.php(1176): CodeIgniter\View\View->render('dashboard/article/list', [], true)
 5 APPPATH/Controllers/backEnd/ArticleController.php(62): view('dashboard/article/list', [...])
 6 SYSTEMPATH/CodeIgniter.php(932): App\Controllers\backEnd\ArticleController->index()
 7 SYSTEMPATH/CodeIgniter.php(497): CodeIgniter\CodeIgniter->runController(Object(App\Controllers\backEnd\ArticleController))
 8 SYSTEMPATH/CodeIgniter.php(366): CodeIgniter\CodeIgniter->handleRequest(null, Object(Config\Cache), false)
 9 FCPATH/index.php(67): CodeIgniter\CodeIgniter->run()
10 SYSTEMPATH/Commands/Server/rewrite.php(47): require_once('/home/buyung/Documents/Project/CI 4/themenet/public/index.php')
WARNING - 2023-11-07 08:58:21 --> [DEPRECATED] DateTime::__construct(): Passing null to parameter #1 ($datetime) of type string is deprecated in APPPATH/Views/dashboard/article/list.php on line 55.
 1 APPPATH/Views/dashboard/article/list.php(55): DateTime->__construct(null)
 2 SYSTEMPATH/View/View.php(224): include('/home/buyung/Documents/Project/CI 4/themenet/app/Views/dashboard/article/list.php')
 3 SYSTEMPATH/View/View.php(227): CodeIgniter\View\View->CodeIgniter\View\{closure}()
 4 SYSTEMPATH/Common.php(1176): CodeIgniter\View\View->render('dashboard/article/list', [], true)
 5 APPPATH/Controllers/backEnd/ArticleController.php(62): view('dashboard/article/list', [...])
 6 SYSTEMPATH/CodeIgniter.php(932): App\Controllers\backEnd\ArticleController->index()
 7 SYSTEMPATH/CodeIgniter.php(497): CodeIgniter\CodeIgniter->runController(Object(App\Controllers\backEnd\ArticleController))
 8 SYSTEMPATH/CodeIgniter.php(366): CodeIgniter\CodeIgniter->handleRequest(null, Object(Config\Cache), false)
 9 FCPATH/index.php(67): CodeIgniter\CodeIgniter->run()
10 SYSTEMPATH/Commands/Server/rewrite.php(47): require_once('/home/buyung/Documents/Project/CI 4/themenet/public/index.php')
INFO - 2023-11-07 08:58:33 --> Session: Class initialized using 'CodeIgniter\Session\Handlers\FileHandler' driver.
INFO - 2023-11-07 08:58:38 --> Session: Class initialized using 'CodeIgniter\Session\Handlers\FileHandler' driver.
INFO - 2023-11-07 08:58:38 --> Session: Class initialized using 'CodeIgniter\Session\Handlers\FileHandler' driver.
INFO - 2023-11-07 08:59:09 --> Session: Class initialized using 'CodeIgniter\Session\Handlers\FileHandler' driver.
WARNING - 2023-11-07 08:59:09 --> [DEPRECATED] DateTime::__construct(): Passing null to parameter #1 ($datetime) of type string is deprecated in APPPATH/Views/dashboard/article/list.php on line 55.
 1 APPPATH/Views/dashboard/article/list.php(55): DateTime->__construct(null)
 2 SYSTEMPATH/View/View.php(224): include('/home/buyung/Documents/Project/CI 4/themenet/app/Views/dashboard/article/list.php')
 3 SYSTEMPATH/View/View.php(227): CodeIgniter\View\View->CodeIgniter\View\{closure}()
 4 SYSTEMPATH/Common.php(1176): CodeIgniter\View\View->render('dashboard/article/list', [], true)
 5 APPPATH/Controllers/backEnd/ArticleController.php(62): view('dashboard/article/list', [...])
 6 SYSTEMPATH/CodeIgniter.php(932): App\Controllers\backEnd\ArticleController->index()
 7 SYSTEMPATH/CodeIgniter.php(497): CodeIgniter\CodeIgniter->runController(Object(App\Controllers\backEnd\ArticleController))
 8 SYSTEMPATH/CodeIgniter.php(366): CodeIgniter\CodeIgniter->handleRequest(null, Object(Config\Cache), false)
 9 FCPATH/index.php(67): CodeIgniter\CodeIgniter->run()
10 SYSTEMPATH/Commands/Server/rewrite.php(47): require_once('/home/buyung/Documents/Project/CI 4/themenet/public/index.php')
WARNING - 2023-11-07 08:59:09 --> [DEPRECATED] DateTime::__construct(): Passing null to parameter #1 ($datetime) of type string is deprecated in APPPATH/Views/dashboard/article/list.php on line 55.
 1 APPPATH/Views/dashboard/article/list.php(55): DateTime->__construct(null)
 2 SYSTEMPATH/View/View.php(224): include('/home/buyung/Documents/Project/CI 4/themenet/app/Views/dashboard/article/list.php')
 3 SYSTEMPATH/View/View.php(227): CodeIgniter\View\View->CodeIgniter\View\{closure}()
 4 SYSTEMPATH/Common.php(1176): CodeIgniter\View\View->render('dashboard/article/list', [], true)
 5 APPPATH/Controllers/backEnd/ArticleController.php(62): view('dashboard/article/list', [...])
 6 SYSTEMPATH/CodeIgniter.php(932): App\Controllers\backEnd\ArticleController->index()
 7 SYSTEMPATH/CodeIgniter.php(497): CodeIgniter\CodeIgniter->runController(Object(App\Controllers\backEnd\ArticleController))
 8 SYSTEMPATH/CodeIgniter.php(366): CodeIgniter\CodeIgniter->handleRequest(null, Object(Config\Cache), false)
 9 FCPATH/index.php(67): CodeIgniter\CodeIgniter->run()
10 SYSTEMPATH/Commands/Server/rewrite.php(47): require_once('/home/buyung/Documents/Project/CI 4/themenet/public/index.php')
WARNING - 2023-11-07 08:59:09 --> [DEPRECATED] DateTime::__construct(): Passing null to parameter #1 ($datetime) of type string is deprecated in APPPATH/Views/dashboard/article/list.php on line 55.
 1 APPPATH/Views/dashboard/article/list.php(55): DateTime->__construct(null)
 2 SYSTEMPATH/View/View.php(224): include('/home/buyung/Documents/Project/CI 4/themenet/app/Views/dashboard/article/list.php')
 3 SYSTEMPATH/View/View.php(227): CodeIgniter\View\View->CodeIgniter\View\{closure}()
 4 SYSTEMPATH/Common.php(1176): CodeIgniter\View\View->render('dashboard/article/list', [], true)
 5 APPPATH/Controllers/backEnd/ArticleController.php(62): view('dashboard/article/list', [...])
 6 SYSTEMPATH/CodeIgniter.php(932): App\Controllers\backEnd\ArticleController->index()
 7 SYSTEMPATH/CodeIgniter.php(497): CodeIgniter\CodeIgniter->runController(Object(App\Controllers\backEnd\ArticleController))
 8 SYSTEMPATH/CodeIgniter.php(366): CodeIgniter\CodeIgniter->handleRequest(null, Object(Config\Cache), false)
 9 FCPATH/index.php(67): CodeIgniter\CodeIgniter->run()
10 SYSTEMPATH/Commands/Server/rewrite.php(47): require_once('/home/buyung/Documents/Project/CI 4/themenet/public/index.php')
INFO - 2023-11-07 10:00:47 --> Session: Class initialized using 'CodeIgniter\Session\Handlers\FileHandler' driver.
WARNING - 2023-11-07 10:00:48 --> [DEPRECATED] DateTime::__construct(): Passing null to parameter #1 ($datetime) of type string is deprecated in APPPATH/Views/dashboard/article/list.php on line 55.
 1 APPPATH/Views/dashboard/article/list.php(55): DateTime->__construct(null)
 2 SYSTEMPATH/View/View.php(224): include('/home/buyung/Documents/Project/CI 4/themenet/app/Views/dashboard/article/list.php')
 3 SYSTEMPATH/View/View.php(227): CodeIgniter\View\View->CodeIgniter\View\{closure}()
 4 SYSTEMPATH/Common.php(1176): CodeIgniter\View\View->render('dashboard/article/list', [], true)
 5 APPPATH/Controllers/backEnd/ArticleController.php(62): view('dashboard/article/list', [...])
 6 SYSTEMPATH/CodeIgniter.php(932): App\Controllers\backEnd\ArticleController->index()
 7 SYSTEMPATH/CodeIgniter.php(497): CodeIgniter\CodeIgniter->runController(Object(App\Controllers\backEnd\ArticleController))
 8 SYSTEMPATH/CodeIgniter.php(366): CodeIgniter\CodeIgniter->handleRequest(null, Object(Config\Cache), false)
 9 FCPATH/index.php(67): CodeIgniter\CodeIgniter->run()
10 SYSTEMPATH/Commands/Server/rewrite.php(47): require_once('/home/buyung/Documents/Project/CI 4/themenet/public/index.php')
WARNING - 2023-11-07 10:00:48 --> [DEPRECATED] DateTime::__construct(): Passing null to parameter #1 ($datetime) of type string is deprecated in APPPATH/Views/dashboard/article/list.php on line 55.
 1 APPPATH/Views/dashboard/article/list.php(55): DateTime->__construct(null)
 2 SYSTEMPATH/View/View.php(224): include('/home/buyung/Documents/Project/CI 4/themenet/app/Views/dashboard/article/list.php')
 3 SYSTEMPATH/View/View.php(227): CodeIgniter\View\View->CodeIgniter\View\{closure}()
 4 SYSTEMPATH/Common.php(1176): CodeIgniter\View\View->render('dashboard/article/list', [], true)
 5 APPPATH/Controllers/backEnd/ArticleController.php(62): view('dashboard/article/list', [...])
 6 SYSTEMPATH/CodeIgniter.php(932): App\Controllers\backEnd\ArticleController->index()
 7 SYSTEMPATH/CodeIgniter.php(497): CodeIgniter\CodeIgniter->runController(Object(App\Controllers\backEnd\ArticleController))
 8 SYSTEMPATH/CodeIgniter.php(366): CodeIgniter\CodeIgniter->handleRequest(null, Object(Config\Cache), false)
 9 FCPATH/index.php(67): CodeIgniter\CodeIgniter->run()
10 SYSTEMPATH/Commands/Server/rewrite.php(47): require_once('/home/buyung/Documents/Project/CI 4/themenet/public/index.php')
WARNING - 2023-11-07 10:00:48 --> [DEPRECATED] DateTime::__construct(): Passing null to parameter #1 ($datetime) of type string is deprecated in APPPATH/Views/dashboard/article/list.php on line 55.
 1 APPPATH/Views/dashboard/article/list.php(55): DateTime->__construct(null)
 2 SYSTEMPATH/View/View.php(224): include('/home/buyung/Documents/Project/CI 4/themenet/app/Views/dashboard/article/list.php')
 3 SYSTEMPATH/View/View.php(227): CodeIgniter\View\View->CodeIgniter\View\{closure}()
 4 SYSTEMPATH/Common.php(1176): CodeIgniter\View\View->render('dashboard/article/list', [], true)
 5 APPPATH/Controllers/backEnd/ArticleController.php(62): view('dashboard/article/list', [...])
 6 SYSTEMPATH/CodeIgniter.php(932): App\Controllers\backEnd\ArticleController->index()
 7 SYSTEMPATH/CodeIgniter.php(497): CodeIgniter\CodeIgniter->runController(Object(App\Controllers\backEnd\ArticleController))
 8 SYSTEMPATH/CodeIgniter.php(366): CodeIgniter\CodeIgniter->handleRequest(null, Object(Config\Cache), false)
 9 FCPATH/index.php(67): CodeIgniter\CodeIgniter->run()
10 SYSTEMPATH/Commands/Server/rewrite.php(47): require_once('/home/buyung/Documents/Project/CI 4/themenet/public/index.php')
INFO - 2023-11-07 10:00:58 --> Session: Class initialized using 'CodeIgniter\Session\Handlers\FileHandler' driver.
INFO - 2023-11-07 10:09:45 --> Session: Class initialized using 'CodeIgniter\Session\Handlers\FileHandler' driver.
INFO - 2023-11-07 10:09:58 --> Session: Class initialized using 'CodeIgniter\Session\Handlers\FileHandler' driver.
INFO - 2023-11-07 10:10:32 --> Session: Class initialized using 'CodeIgniter\Session\Handlers\FileHandler' driver.
INFO - 2023-11-07 10:10:43 --> Session: Class initialized using 'CodeIgniter\Session\Handlers\FileHandler' driver.
INFO - 2023-11-07 10:10:43 --> Session: Class initialized using 'CodeIgniter\Session\Handlers\FileHandler' driver.
INFO - 2023-11-07 10:10:56 --> Session: Class initialized using 'CodeIgniter\Session\Handlers\FileHandler' driver.
INFO - 2023-11-07 10:10:56 --> Session: Class initialized using 'CodeIgniter\Session\Handlers\FileHandler' driver.
INFO - 2023-11-07 10:11:01 --> Session: Class initialized using 'CodeIgniter\Session\Handlers\FileHandler' driver.
INFO - 2023-11-07 10:11:01 --> Session: Class initialized using 'CodeIgniter\Session\Handlers\FileHandler' driver.
INFO - 2023-11-07 10:11:09 --> Session: Class initialized using 'CodeIgniter\Session\Handlers\FileHandler' driver.
INFO - 2023-11-07 10:11:09 --> Session: Class initialized using 'CodeIgniter\Session\Handlers\FileHandler' driver.
INFO - 2023-11-07 10:33:57 --> Session: Class initialized using 'CodeIgniter\Session\Handlers\FileHandler' driver.
INFO - 2023-11-07 10:34:02 --> Session: Class initialized using 'CodeIgniter\Session\Handlers\FileHandler' driver.
INFO - 2023-11-07 10:34:16 --> Session: Class initialized using 'CodeIgniter\Session\Handlers\FileHandler' driver.
INFO - 2023-11-07 10:34:16 --> Session: Class initialized using 'CodeIgniter\Session\Handlers\FileHandler' driver.
INFO - 2023-11-07 10:34:26 --> Session: Class initialized using 'CodeIgniter\Session\Handlers\FileHandler' driver.
INFO - 2023-11-07 10:34:26 --> Session: Class initialized using 'CodeIgniter\Session\Handlers\FileHandler' driver.
INFO - 2023-11-07 10:34:33 --> Session: Class initialized using 'CodeIgniter\Session\Handlers\FileHandler' driver.
INFO - 2023-11-07 10:34:33 --> Session: Class initialized using 'CodeIgniter\Session\Handlers\FileHandler' driver.
INFO - 2023-11-07 10:41:21 --> Session: Class initialized using 'CodeIgniter\Session\Handlers\FileHandler' driver.
INFO - 2023-11-07 10:44:25 --> Session: Class initialized using 'CodeIgniter\Session\Handlers\FileHandler' driver.
INFO - 2023-11-07 10:44:31 --> Session: Class initialized using 'CodeIgniter\Session\Handlers\FileHandler' driver.
INFO - 2023-11-07 10:45:12 --> Session: Class initialized using 'CodeIgniter\Session\Handlers\FileHandler' driver.
INFO - 2023-11-07 10:49:39 --> Session: Class initialized using 'CodeIgniter\Session\Handlers\FileHandler' driver.
INFO - 2023-11-07 10:49:46 --> Session: Class initialized using 'CodeIgniter\Session\Handlers\FileHandler' driver.
INFO - 2023-11-07 10:49:51 --> Session: Class initialized using 'CodeIgniter\Session\Handlers\FileHandler' driver.
INFO - 2023-11-07 10:50:00 --> Session: Class initialized using 'CodeIgniter\Session\Handlers\FileHandler' driver.
INFO - 2023-11-07 10:51:17 --> Session: Class initialized using 'CodeIgniter\Session\Handlers\FileHandler' driver.
INFO - 2023-11-07 10:51:21 --> Session: Class initialized using 'CodeIgniter\Session\Handlers\FileHandler' driver.
INFO - 2023-11-07 10:51:31 --> Session: Class initialized using 'CodeIgniter\Session\Handlers\FileHandler' driver.
INFO - 2023-11-07 10:51:36 --> Session: Class initialized using 'CodeIgniter\Session\Handlers\FileHandler' driver.
INFO - 2023-11-07 10:52:21 --> Session: Class initialized using 'CodeIgniter\Session\Handlers\FileHandler' driver.
INFO - 2023-11-07 10:52:27 --> Session: Class initialized using 'CodeIgniter\Session\Handlers\FileHandler' driver.
INFO - 2023-11-07 10:52:34 --> Session: Class initialized using 'CodeIgniter\Session\Handlers\FileHandler' driver.
INFO - 2023-11-07 11:11:22 --> Session: Class initialized using 'CodeIgniter\Session\Handlers\FileHandler' driver.
CRITICAL - 2023-11-07 11:11:22 --> whereNotIn() expects $values to be of type array or closure
in SYSTEMPATH/Database/BaseBuilder.php on line 940.
 1 SYSTEMPATH/Database/BaseBuilder.php(853): CodeIgniter\Database\BaseBuilder->_whereIn()
 2 SYSTEMPATH/Model.php(836): CodeIgniter\Database\BaseBuilder->whereNotIn()
 3 APPPATH/Controllers/backEnd/Preference/UserController.php(23): CodeIgniter\Model->__call()
 4 SYSTEMPATH/CodeIgniter.php(932): App\Controllers\backEnd\Preference\UserController->index()
 5 SYSTEMPATH/CodeIgniter.php(497): CodeIgniter\CodeIgniter->runController()
 6 SYSTEMPATH/CodeIgniter.php(366): CodeIgniter\CodeIgniter->handleRequest()
 7 FCPATH/index.php(67): CodeIgniter\CodeIgniter->run()
 8 SYSTEMPATH/Commands/Server/rewrite.php(47): require_once('/home/buyung/Documents/Project/CI 4/themenet/public/index.php')
INFO - 2023-11-07 11:13:52 --> Session: Class initialized using 'CodeIgniter\Session\Handlers\FileHandler' driver.
CRITICAL - 2023-11-07 11:13:52 --> whereNotIn() expects $values to be of type array or closure
in SYSTEMPATH/Database/BaseBuilder.php on line 940.
 1 SYSTEMPATH/Database/BaseBuilder.php(853): CodeIgniter\Database\BaseBuilder->_whereIn()
 2 SYSTEMPATH/Model.php(836): CodeIgniter\Database\BaseBuilder->whereNotIn()
 3 APPPATH/Controllers/backEnd/Preference/UserController.php(23): CodeIgniter\Model->__call()
 4 SYSTEMPATH/CodeIgniter.php(932): App\Controllers\backEnd\Preference\UserController->index()
 5 SYSTEMPATH/CodeIgniter.php(497): CodeIgniter\CodeIgniter->runController()
 6 SYSTEMPATH/CodeIgniter.php(366): CodeIgniter\CodeIgniter->handleRequest()
 7 FCPATH/index.php(67): CodeIgniter\CodeIgniter->run()
 8 SYSTEMPATH/Commands/Server/rewrite.php(47): require_once('/home/buyung/Documents/Project/CI 4/themenet/public/index.php')
INFO - 2023-11-07 11:14:27 --> Session: Class initialized using 'CodeIgniter\Session\Handlers\FileHandler' driver.
CRITICAL - 2023-11-07 11:14:27 --> Call to undefined method Myth\Auth\Models\UserModel::whereNot
in SYSTEMPATH/Model.php on line 838.
 1 APPPATH/Controllers/backEnd/Preference/UserController.php(23): CodeIgniter\Model->__call()
 2 SYSTEMPATH/CodeIgniter.php(932): App\Controllers\backEnd\Preference\UserController->index()
 3 SYSTEMPATH/CodeIgniter.php(497): CodeIgniter\CodeIgniter->runController()
 4 SYSTEMPATH/CodeIgniter.php(366): CodeIgniter\CodeIgniter->handleRequest()
 5 FCPATH/index.php(67): CodeIgniter\CodeIgniter->run()
 6 SYSTEMPATH/Commands/Server/rewrite.php(47): require_once('/home/buyung/Documents/Project/CI 4/themenet/public/index.php')
INFO - 2023-11-07 11:15:40 --> Session: Class initialized using 'CodeIgniter\Session\Handlers\FileHandler' driver.
ERROR - 2023-11-07 11:15:40 --> mysqli_sql_exception: You have an error in your SQL syntax; check the manual that corresponds to your MySQL server version for the right syntax to use near '!
AND `users`.`deleted_at` IS NULL' at line 3 in /home/buyung/Documents/Project/CI 4/themenet/vendor/codeigniter4/framework/system/Database/MySQLi/Connection.php:295
Stack trace:
#0 /home/buyung/Documents/Project/CI 4/themenet/vendor/codeigniter4/framework/system/Database/MySQLi/Connection.php(295): mysqli->query()
#1 /home/buyung/Documents/Project/CI 4/themenet/vendor/codeigniter4/framework/system/Database/BaseConnection.php(692): CodeIgniter\Database\MySQLi\Connection->execute()
#2 /home/buyung/Documents/Project/CI 4/themenet/vendor/codeigniter4/framework/system/Database/BaseConnection.php(606): CodeIgniter\Database\BaseConnection->simpleQuery()
#3 /home/buyung/Documents/Project/CI 4/themenet/vendor/codeigniter4/framework/system/Database/BaseBuilder.php(1616): CodeIgniter\Database\BaseConnection->query()
#4 /home/buyung/Documents/Project/CI 4/themenet/vendor/codeigniter4/framework/system/Model.php(241): CodeIgniter\Database\BaseBuilder->get()
#5 /home/buyung/Documents/Project/CI 4/themenet/vendor/codeigniter4/framework/system/BaseModel.php(618): CodeIgniter\Model->doFindAll()
#6 /home/buyung/Documents/Project/CI 4/themenet/app/Controllers/backEnd/Preference/UserController.php(23): CodeIgniter\BaseModel->findAll()
#7 /home/buyung/Documents/Project/CI 4/themenet/vendor/codeigniter4/framework/system/CodeIgniter.php(932): App\Controllers\backEnd\Preference\UserController->index()
#8 /home/buyung/Documents/Project/CI 4/themenet/vendor/codeigniter4/framework/system/CodeIgniter.php(497): CodeIgniter\CodeIgniter->runController()
#9 /home/buyung/Documents/Project/CI 4/themenet/vendor/codeigniter4/framework/system/CodeIgniter.php(366): CodeIgniter\CodeIgniter->handleRequest()
#10 /home/buyung/Documents/Project/CI 4/themenet/public/index.php(67): CodeIgniter\CodeIgniter->run()
#11 /home/buyung/Documents/Project/CI 4/themenet/vendor/codeigniter4/framework/system/Commands/Server/rewrite.php(47): require_once('...')
#12 {main}
CRITICAL - 2023-11-07 11:15:40 --> You have an error in your SQL syntax; check the manual that corresponds to your MySQL server version for the right syntax to use near '!
AND `users`.`deleted_at` IS NULL' at line 3
in SYSTEMPATH/Database/MySQLi/Connection.php on line 295.
 1 SYSTEMPATH/Database/MySQLi/Connection.php(295): mysqli->query()
 2 SYSTEMPATH/Database/BaseConnection.php(692): CodeIgniter\Database\MySQLi\Connection->execute()
 3 SYSTEMPATH/Database/BaseConnection.php(606): CodeIgniter\Database\BaseConnection->simpleQuery()
 4 SYSTEMPATH/Database/BaseBuilder.php(1616): CodeIgniter\Database\BaseConnection->query()
 5 SYSTEMPATH/Model.php(241): CodeIgniter\Database\BaseBuilder->get()
 6 SYSTEMPATH/BaseModel.php(618): CodeIgniter\Model->doFindAll()
 7 APPPATH/Controllers/backEnd/Preference/UserController.php(23): CodeIgniter\BaseModel->findAll()
 8 SYSTEMPATH/CodeIgniter.php(932): App\Controllers\backEnd\Preference\UserController->index()
 9 SYSTEMPATH/CodeIgniter.php(497): CodeIgniter\CodeIgniter->runController()
10 SYSTEMPATH/CodeIgniter.php(366): CodeIgniter\CodeIgniter->handleRequest()
11 FCPATH/index.php(67): CodeIgniter\CodeIgniter->run()
12 SYSTEMPATH/Commands/Server/rewrite.php(47): require_once('/home/buyung/Documents/Project/CI 4/themenet/public/index.php')
INFO - 2023-11-07 11:16:00 --> Session: Class initialized using 'CodeIgniter\Session\Handlers\FileHandler' driver.
INFO - 2023-11-07 11:16:29 --> Session: Class initialized using 'CodeIgniter\Session\Handlers\FileHandler' driver.
INFO - 2023-11-07 11:17:54 --> Session: Class initialized using 'CodeIgniter\Session\Handlers\FileHandler' driver.
INFO - 2023-11-07 11:18:08 --> Session: Class initialized using 'CodeIgniter\Session\Handlers\FileHandler' driver.
INFO - 2023-11-07 11:18:16 --> Session: Class initialized using 'CodeIgniter\Session\Handlers\FileHandler' driver.
INFO - 2023-11-07 11:19:17 --> Session: Class initialized using 'CodeIgniter\Session\Handlers\FileHandler' driver.
INFO - 2023-11-07 11:19:27 --> Session: Class initialized using 'CodeIgniter\Session\Handlers\FileHandler' driver.
INFO - 2023-11-07 11:19:59 --> Session: Class initialized using 'CodeIgniter\Session\Handlers\FileHandler' driver.
INFO - 2023-11-07 11:21:20 --> Session: Class initialized using 'CodeIgniter\Session\Handlers\FileHandler' driver.
INFO - 2023-11-07 11:21:41 --> Session: Class initialized using 'CodeIgniter\Session\Handlers\FileHandler' driver.
INFO - 2023-11-07 11:22:48 --> Session: Class initialized using 'CodeIgniter\Session\Handlers\FileHandler' driver.
INFO - 2023-11-07 11:24:47 --> Session: Class initialized using 'CodeIgniter\Session\Handlers\FileHandler' driver.
INFO - 2023-11-07 11:25:36 --> Session: Class initialized using 'CodeIgniter\Session\Handlers\FileHandler' driver.
INFO - 2023-11-07 11:57:58 --> Session: Class initialized using 'CodeIgniter\Session\Handlers\FileHandler' driver.
INFO - 2023-11-07 12:01:38 --> Session: Class initialized using 'CodeIgniter\Session\Handlers\FileHandler' driver.
INFO - 2023-11-07 12:02:45 --> Session: Class initialized using 'CodeIgniter\Session\Handlers\FileHandler' driver.
WARNING - 2023-11-07 17:02:17 --> [DEPRECATED] Creation of dynamic property jcobhams\NewsApi\NewsApi::$client is deprecated in VENDORPATH/jcobhams/newsapi/src/NewsApi.php on line 18.
 1 APPPATH/Database/Seeds/CategorySeeder.php(11): jcobhams\NewsApi\NewsApi->__construct('e3251800c3f84b94955818bea4a37d86')
 2 SYSTEMPATH/Database/Seeder.php(146): App\Database\Seeds\CategorySeeder->run()
 3 SYSTEMPATH/Commands/Database/Seed.php(77): CodeIgniter\Database\Seeder->call('App\\Database\\Seeds\\CategorySeeder')
 4 SYSTEMPATH/CLI/Commands.php(65): CodeIgniter\Commands\Database\Seed->run([])
 5 SYSTEMPATH/CLI/Console.php(37): CodeIgniter\CLI\Commands->run('db:seed', [...])
 6 ROOTPATH/spark(97): CodeIgniter\CLI\Console->run()
WARNING - 2023-11-07 17:02:33 --> [DEPRECATED] Creation of dynamic property jcobhams\NewsApi\NewsApi::$client is deprecated in VENDORPATH/jcobhams/newsapi/src/NewsApi.php on line 18.
 1 APPPATH/Database/Seeds/ArticleSeeder.php(14): jcobhams\NewsApi\NewsApi->__construct('e3251800c3f84b94955818bea4a37d86')
 2 SYSTEMPATH/Database/Seeder.php(146): App\Database\Seeds\ArticleSeeder->run()
 3 SYSTEMPATH/Commands/Database/Seed.php(77): CodeIgniter\Database\Seeder->call('App\\Database\\Seeds\\ArticleSeeder')
 4 SYSTEMPATH/CLI/Commands.php(65): CodeIgniter\Commands\Database\Seed->run([])
 5 SYSTEMPATH/CLI/Console.php(37): CodeIgniter\CLI\Commands->run('db:seed', [...])
 6 ROOTPATH/spark(97): CodeIgniter\CLI\Console->run()
ERROR - 2023-11-07 17:02:37 --> mysqli_sql_exception: Column 'picture' cannot be null in /home/buyung/Documents/Project/CI 4/themenet/vendor/codeigniter4/framework/system/Database/MySQLi/Connection.php:295
Stack trace:
#0 /home/buyung/Documents/Project/CI 4/themenet/vendor/codeigniter4/framework/system/Database/MySQLi/Connection.php(295): mysqli->query()
#1 /home/buyung/Documents/Project/CI 4/themenet/vendor/codeigniter4/framework/system/Database/BaseConnection.php(692): CodeIgniter\Database\MySQLi\Connection->execute()
#2 /home/buyung/Documents/Project/CI 4/themenet/vendor/codeigniter4/framework/system/Database/BaseConnection.php(606): CodeIgniter\Database\BaseConnection->simpleQuery()
#3 /home/buyung/Documents/Project/CI 4/themenet/vendor/codeigniter4/framework/system/Database/BaseBuilder.php(2309): CodeIgniter\Database\BaseConnection->query()
#4 /home/buyung/Documents/Project/CI 4/themenet/vendor/codeigniter4/framework/system/Model.php(330): CodeIgniter\Database\BaseBuilder->insert()
#5 /home/buyung/Documents/Project/CI 4/themenet/vendor/codeigniter4/framework/system/BaseModel.php(782): CodeIgniter\Model->doInsert()
#6 /home/buyung/Documents/Project/CI 4/themenet/vendor/codeigniter4/framework/system/Model.php(730): CodeIgniter\BaseModel->insert()
#7 /home/buyung/Documents/Project/CI 4/themenet/app/Database/Seeds/ArticleSeeder.php(32): CodeIgniter\Model->insert()
#8 /home/buyung/Documents/Project/CI 4/themenet/vendor/codeigniter4/framework/system/Database/Seeder.php(146): App\Database\Seeds\ArticleSeeder->run()
#9 /home/buyung/Documents/Project/CI 4/themenet/vendor/codeigniter4/framework/system/Commands/Database/Seed.php(77): CodeIgniter\Database\Seeder->call()
#10 /home/buyung/Documents/Project/CI 4/themenet/vendor/codeigniter4/framework/system/CLI/Commands.php(65): CodeIgniter\Commands\Database\Seed->run()
#11 /home/buyung/Documents/Project/CI 4/themenet/vendor/codeigniter4/framework/system/CLI/Console.php(37): CodeIgniter\CLI\Commands->run()
#12 /home/buyung/Documents/Project/CI 4/themenet/spark(97): CodeIgniter\CLI\Console->run()
#13 {main}
WARNING - 2023-11-07 17:06:40 --> [DEPRECATED] Creation of dynamic property Myth\Auth\Models\GroupModel::$name is deprecated in APPPATH/Database/Seeds/UserSeeder.php on line 16.
 1 SYSTEMPATH/Database/Seeder.php(146): App\Database\Seeds\UserSeeder->run()
 2 SYSTEMPATH/Commands/Database/Seed.php(77): CodeIgniter\Database\Seeder->call('App\\Database\\Seeds\\UserSeeder')
 3 SYSTEMPATH/CLI/Commands.php(65): CodeIgniter\Commands\Database\Seed->run([])
 4 SYSTEMPATH/CLI/Console.php(37): CodeIgniter\CLI\Commands->run('db:seed', [...])
 5 ROOTPATH/spark(97): CodeIgniter\CLI\Console->run()
WARNING - 2023-11-07 17:06:40 --> [DEPRECATED] Creation of dynamic property Myth\Auth\Models\GroupModel::$description is deprecated in APPPATH/Database/Seeds/UserSeeder.php on line 17.
 1 SYSTEMPATH/Database/Seeder.php(146): App\Database\Seeds\UserSeeder->run()
 2 SYSTEMPATH/Commands/Database/Seed.php(77): CodeIgniter\Database\Seeder->call('App\\Database\\Seeds\\UserSeeder')
 3 SYSTEMPATH/CLI/Commands.php(65): CodeIgniter\Commands\Database\Seed->run([])
 4 SYSTEMPATH/CLI/Console.php(37): CodeIgniter\CLI\Commands->run('db:seed', [...])
 5 ROOTPATH/spark(97): CodeIgniter\CLI\Console->run()
WARNING - 2023-11-07 17:07:20 --> [DEPRECATED] Creation of dynamic property Myth\Auth\Models\GroupModel::$name is deprecated in APPPATH/Database/Seeds/UserSeeder.php on line 16.
 1 SYSTEMPATH/Database/Seeder.php(146): App\Database\Seeds\UserSeeder->run()
 2 SYSTEMPATH/Commands/Database/Seed.php(77): CodeIgniter\Database\Seeder->call('App\\Database\\Seeds\\UserSeeder')
 3 SYSTEMPATH/CLI/Commands.php(65): CodeIgniter\Commands\Database\Seed->run([])
 4 SYSTEMPATH/CLI/Console.php(37): CodeIgniter\CLI\Commands->run('db:seed', [...])
 5 ROOTPATH/spark(97): CodeIgniter\CLI\Console->run()
WARNING - 2023-11-07 17:07:20 --> [DEPRECATED] Creation of dynamic property Myth\Auth\Models\GroupModel::$description is deprecated in APPPATH/Database/Seeds/UserSeeder.php on line 17.
 1 SYSTEMPATH/Database/Seeder.php(146): App\Database\Seeds\UserSeeder->run()
 2 SYSTEMPATH/Commands/Database/Seed.php(77): CodeIgniter\Database\Seeder->call('App\\Database\\Seeds\\UserSeeder')
 3 SYSTEMPATH/CLI/Commands.php(65): CodeIgniter\Commands\Database\Seed->run([])
 4 SYSTEMPATH/CLI/Console.php(37): CodeIgniter\CLI\Commands->run('db:seed', [...])
 5 ROOTPATH/spark(97): CodeIgniter\CLI\Console->run()
WARNING - 2023-11-07 18:16:32 --> [DEPRECATED] Creation of dynamic property jcobhams\NewsApi\NewsApi::$client is deprecated in VENDORPATH/jcobhams/newsapi/src/NewsApi.php on line 18.
 1 APPPATH/Database/Seeds/CategorySeeder.php(11): jcobhams\NewsApi\NewsApi->__construct('e3251800c3f84b94955818bea4a37d86')
 2 SYSTEMPATH/Database/Seeder.php(146): App\Database\Seeds\CategorySeeder->run()
 3 SYSTEMPATH/Commands/Database/Seed.php(77): CodeIgniter\Database\Seeder->call('App\\Database\\Seeds\\CategorySeeder')
 4 SYSTEMPATH/CLI/Commands.php(65): CodeIgniter\Commands\Database\Seed->run([])
 5 SYSTEMPATH/CLI/Console.php(37): CodeIgniter\CLI\Commands->run('db:seed', [...])
 6 ROOTPATH/spark(97): CodeIgniter\CLI\Console->run()
INFO - 2023-11-07 18:40:33 --> Session: Class initialized using 'CodeIgniter\Session\Handlers\FileHandler' driver.
INFO - 2023-11-07 18:40:33 --> Session: Class initialized using 'CodeIgniter\Session\Handlers\FileHandler' driver.
INFO - 2023-11-07 18:40:42 --> Session: Class initialized using 'CodeIgniter\Session\Handlers\FileHandler' driver.
INFO - 2023-11-07 18:40:42 --> Session: Class initialized using 'CodeIgniter\Session\Handlers\FileHandler' driver.
INFO - 2023-11-07 18:40:51 --> Session: Class initialized using 'CodeIgniter\Session\Handlers\FileHandler' driver.
INFO - 2023-11-07 18:40:58 --> Session: Class initialized using 'CodeIgniter\Session\Handlers\FileHandler' driver.
INFO - 2023-11-07 18:40:58 --> Session: Class initialized using 'CodeIgniter\Session\Handlers\FileHandler' driver.
INFO - 2023-11-07 18:40:58 --> Session: Class initialized using 'CodeIgniter\Session\Handlers\FileHandler' driver.
INFO - 2023-11-07 18:41:21 --> Session: Class initialized using 'CodeIgniter\Session\Handlers\FileHandler' driver.
INFO - 2023-11-07 18:41:21 --> Session: Class initialized using 'CodeIgniter\Session\Handlers\FileHandler' driver.
INFO - 2023-11-07 18:41:54 --> Session: Class initialized using 'CodeIgniter\Session\Handlers\FileHandler' driver.
INFO - 2023-11-07 18:41:55 --> Session: Class initialized using 'CodeIgniter\Session\Handlers\FileHandler' driver.
INFO - 2023-11-07 18:41:55 --> Session: Class initialized using 'CodeIgniter\Session\Handlers\FileHandler' driver.
INFO - 2023-11-07 18:42:28 --> Session: Class initialized using 'CodeIgniter\Session\Handlers\FileHandler' driver.
INFO - 2023-11-07 18:42:28 --> Session: Class initialized using 'CodeIgniter\Session\Handlers\FileHandler' driver.
INFO - 2023-11-07 18:42:39 --> Session: Class initialized using 'CodeIgniter\Session\Handlers\FileHandler' driver.
INFO - 2023-11-07 18:42:39 --> Session: Class initialized using 'CodeIgniter\Session\Handlers\FileHandler' driver.
INFO - 2023-11-07 18:44:08 --> Session: Class initialized using 'CodeIgniter\Session\Handlers\FileHandler' driver.
INFO - 2023-11-07 18:44:08 --> Session: Class initialized using 'CodeIgniter\Session\Handlers\FileHandler' driver.
INFO - 2023-11-07 18:44:17 --> Session: Class initialized using 'CodeIgniter\Session\Handlers\FileHandler' driver.
INFO - 2023-11-07 18:45:33 --> Session: Class initialized using 'CodeIgniter\Session\Handlers\FileHandler' driver.
INFO - 2023-11-07 18:45:35 --> Session: Class initialized using 'CodeIgniter\Session\Handlers\FileHandler' driver.
INFO - 2023-11-07 18:45:43 --> Session: Class initialized using 'CodeIgniter\Session\Handlers\FileHandler' driver.
INFO - 2023-11-07 18:45:51 --> Session: Class initialized using 'CodeIgniter\Session\Handlers\FileHandler' driver.
INFO - 2023-11-07 18:45:54 --> Session: Class initialized using 'CodeIgniter\Session\Handlers\FileHandler' driver.
WARNING - 2023-11-07 18:46:22 --> [DEPRECATED] Creation of dynamic property jcobhams\NewsApi\NewsApi::$client is deprecated in VENDORPATH/jcobhams/newsapi/src/NewsApi.php on line 18.
 1 APPPATH/Database/Seeds/ArticleSeeder.php(14): jcobhams\NewsApi\NewsApi->__construct('e3251800c3f84b94955818bea4a37d86')
 2 SYSTEMPATH/Database/Seeder.php(146): App\Database\Seeds\ArticleSeeder->run()
 3 SYSTEMPATH/Commands/Database/Seed.php(77): CodeIgniter\Database\Seeder->call('App\\Database\\Seeds\\ArticleSeeder')
 4 SYSTEMPATH/CLI/Commands.php(65): CodeIgniter\Commands\Database\Seed->run([])
 5 SYSTEMPATH/CLI/Console.php(37): CodeIgniter\CLI\Commands->run('db:seed', [...])
 6 ROOTPATH/spark(97): CodeIgniter\CLI\Console->run()
ERROR - 2023-11-07 18:46:27 --> mysqli_sql_exception: Column 'picture' cannot be null in /home/buyung/Documents/Project/CI 4/themenet/vendor/codeigniter4/framework/system/Database/MySQLi/Connection.php:295
Stack trace:
#0 /home/buyung/Documents/Project/CI 4/themenet/vendor/codeigniter4/framework/system/Database/MySQLi/Connection.php(295): mysqli->query()
#1 /home/buyung/Documents/Project/CI 4/themenet/vendor/codeigniter4/framework/system/Database/BaseConnection.php(692): CodeIgniter\Database\MySQLi\Connection->execute()
#2 /home/buyung/Documents/Project/CI 4/themenet/vendor/codeigniter4/framework/system/Database/BaseConnection.php(606): CodeIgniter\Database\BaseConnection->simpleQuery()
#3 /home/buyung/Documents/Project/CI 4/themenet/vendor/codeigniter4/framework/system/Database/BaseBuilder.php(2309): CodeIgniter\Database\BaseConnection->query()
#4 /home/buyung/Documents/Project/CI 4/themenet/vendor/codeigniter4/framework/system/Model.php(330): CodeIgniter\Database\BaseBuilder->insert()
#5 /home/buyung/Documents/Project/CI 4/themenet/vendor/codeigniter4/framework/system/BaseModel.php(782): CodeIgniter\Model->doInsert()
#6 /home/buyung/Documents/Project/CI 4/themenet/vendor/codeigniter4/framework/system/Model.php(730): CodeIgniter\BaseModel->insert()
#7 /home/buyung/Documents/Project/CI 4/themenet/app/Database/Seeds/ArticleSeeder.php(32): CodeIgniter\Model->insert()
#8 /home/buyung/Documents/Project/CI 4/themenet/vendor/codeigniter4/framework/system/Database/Seeder.php(146): App\Database\Seeds\ArticleSeeder->run()
#9 /home/buyung/Documents/Project/CI 4/themenet/vendor/codeigniter4/framework/system/Commands/Database/Seed.php(77): CodeIgniter\Database\Seeder->call()
#10 /home/buyung/Documents/Project/CI 4/themenet/vendor/codeigniter4/framework/system/CLI/Commands.php(65): CodeIgniter\Commands\Database\Seed->run()
#11 /home/buyung/Documents/Project/CI 4/themenet/vendor/codeigniter4/framework/system/CLI/Console.php(37): CodeIgniter\CLI\Commands->run()
#12 /home/buyung/Documents/Project/CI 4/themenet/spark(97): CodeIgniter\CLI\Console->run()
#13 {main}
INFO - 2023-11-07 18:46:37 --> Session: Class initialized using 'CodeIgniter\Session\Handlers\FileHandler' driver.
INFO - 2023-11-07 18:46:38 --> Session: Class initialized using 'CodeIgniter\Session\Handlers\FileHandler' driver.
INFO - 2023-11-07 18:46:55 --> Session: Class initialized using 'CodeIgniter\Session\Handlers\FileHandler' driver.
INFO - 2023-11-07 18:47:02 --> Session: Class initialized using 'CodeIgniter\Session\Handlers\FileHandler' driver.
INFO - 2023-11-07 18:47:10 --> Session: Class initialized using 'CodeIgniter\Session\Handlers\FileHandler' driver.
INFO - 2023-11-07 18:48:22 --> Session: Class initialized using 'CodeIgniter\Session\Handlers\FileHandler' driver.
INFO - 2023-11-07 19:26:48 --> Session: Class initialized using 'CodeIgniter\Session\Handlers\FileHandler' driver.
INFO - 2023-11-07 19:27:01 --> Session: Class initialized using 'CodeIgniter\Session\Handlers\FileHandler' driver.
CRITICAL - 2023-11-07 19:27:01 --> You do not have sufficient permissions to access that page.
in VENDORPATH/myth/auth/src/Filters/RoleFilter.php on line 45.
 1 SYSTEMPATH/Filters/Filters.php(173): Myth\Auth\Filters\RoleFilter->before()
 2 SYSTEMPATH/CodeIgniter.php(471): CodeIgniter\Filters\Filters->run()
 3 SYSTEMPATH/CodeIgniter.php(366): CodeIgniter\CodeIgniter->handleRequest()
 4 FCPATH/index.php(67): CodeIgniter\CodeIgniter->run()
 5 SYSTEMPATH/Commands/Server/rewrite.php(47): require_once('/home/buyung/Documents/Project/CI 4/themenet/public/index.php')
INFO - 2023-11-07 19:27:31 --> Session: Class initialized using 'CodeIgniter\Session\Handlers\FileHandler' driver.
CRITICAL - 2023-11-07 19:27:31 --> You do not have sufficient permissions to access that page.
in VENDORPATH/myth/auth/src/Filters/RoleFilter.php on line 45.
 1 SYSTEMPATH/Filters/Filters.php(173): Myth\Auth\Filters\RoleFilter->before()
 2 SYSTEMPATH/CodeIgniter.php(471): CodeIgniter\Filters\Filters->run()
 3 SYSTEMPATH/CodeIgniter.php(366): CodeIgniter\CodeIgniter->handleRequest()
 4 FCPATH/index.php(67): CodeIgniter\CodeIgniter->run()
 5 SYSTEMPATH/Commands/Server/rewrite.php(47): require_once('/home/buyung/Documents/Project/CI 4/themenet/public/index.php')
INFO - 2023-11-07 19:29:05 --> Session: Class initialized using 'CodeIgniter\Session\Handlers\FileHandler' driver.
CRITICAL - 2023-11-07 19:34:22 --> CodeIgniter\Router\RouteCollection::getFilterForRoute(): Return value must be of type string, array returned
in SYSTEMPATH/Router/RouteCollection.php on line 1147.
 1 SYSTEMPATH/Router/Router.php(191): CodeIgniter\Router\RouteCollection->getFilterForRoute()
 2 SYSTEMPATH/CodeIgniter.php(813): CodeIgniter\Router\Router->handle()
 3 SYSTEMPATH/CodeIgniter.php(447): CodeIgniter\CodeIgniter->tryToRouteIt()
 4 SYSTEMPATH/CodeIgniter.php(366): CodeIgniter\CodeIgniter->handleRequest()
 5 FCPATH/index.php(67): CodeIgniter\CodeIgniter->run()
 6 SYSTEMPATH/Commands/Server/rewrite.php(47): require_once('/home/buyung/Documents/Project/CI 4/themenet/public/index.php')
INFO - 2023-11-07 19:38:08 --> Session: Class initialized using 'CodeIgniter\Session\Handlers\FileHandler' driver.
CRITICAL - 2023-11-07 19:38:08 --> You do not have sufficient permissions to access that page.
in VENDORPATH/myth/auth/src/Filters/RoleFilter.php on line 45.
 1 SYSTEMPATH/Filters/Filters.php(173): Myth\Auth\Filters\RoleFilter->before()
 2 SYSTEMPATH/CodeIgniter.php(471): CodeIgniter\Filters\Filters->run()
 3 SYSTEMPATH/CodeIgniter.php(366): CodeIgniter\CodeIgniter->handleRequest()
 4 FCPATH/index.php(67): CodeIgniter\CodeIgniter->run()
 5 SYSTEMPATH/Commands/Server/rewrite.php(47): require_once('/home/buyung/Documents/Project/CI 4/themenet/public/index.php')
