ERROR - 2023-10-12 08:22:04 --> mysqli_sql_exception: Unknown table 'mpp.blacklink' in /var/www/app.inisurabaya.id/vendor/codeigniter4/framework/system/Database/MySQLi/Connection.php:295
Stack trace:
#0 /var/www/app.inisurabaya.id/vendor/codeigniter4/framework/system/Database/MySQLi/Connection.php(295): mysqli->query()
#1 /var/www/app.inisurabaya.id/vendor/codeigniter4/framework/system/Database/BaseConnection.php(692): CodeIgniter\Database\MySQLi\Connection->execute()
#2 /var/www/app.inisurabaya.id/vendor/codeigniter4/framework/system/Database/BaseConnection.php(606): CodeIgniter\Database\BaseConnection->simpleQuery()
#3 /var/www/app.inisurabaya.id/vendor/codeigniter4/framework/system/Database/Forge.php(637): CodeIgniter\Database\BaseConnection->query()
#4 /var/www/app.inisurabaya.id/app/Database/Migrations/2023-09-01-102150_blacklink.php(43): CodeIgniter\Database\Forge->dropTable()
#5 /var/www/app.inisurabaya.id/vendor/codeigniter4/framework/system/Database/MigrationRunner.php(877): App\Database\Migrations\Blacklink->down()
#6 /var/www/app.inisurabaya.id/vendor/codeigniter4/framework/system/Database/MigrationRunner.php(299): CodeIgniter\Database\MigrationRunner->migrate()
#7 /var/www/app.inisurabaya.id/vendor/codeigniter4/framework/system/Commands/Database/MigrateRollback.php(92): CodeIgniter\Database\MigrationRunner->regress()
#8 /var/www/app.inisurabaya.id/vendor/codeigniter4/framework/system/CLI/Commands.php(65): CodeIgniter\Commands\Database\MigrateRollback->run()
#9 /var/www/app.inisurabaya.id/vendor/codeigniter4/framework/system/CLI/BaseCommand.php(115): CodeIgniter\CLI\Commands->run()
#10 /var/www/app.inisurabaya.id/vendor/codeigniter4/framework/system/Commands/Database/MigrateRefresh.php(84): CodeIgniter\CLI\BaseCommand->call()
#11 /var/www/app.inisurabaya.id/vendor/codeigniter4/framework/system/CLI/Commands.php(65): CodeIgniter\Commands\Database\MigrateRefresh->run()
#12 /var/www/app.inisurabaya.id/vendor/codeigniter4/framework/system/CLI/Console.php(37): CodeIgniter\CLI\Commands->run()
#13 /var/www/app.inisurabaya.id/spark(97): CodeIgniter\CLI\Console->run()
#14 {main}
ERROR - 2023-10-12 08:30:46 --> mysqli_sql_exception: Unknown table 'mpp.blacklink' in /var/www/app.inisurabaya.id/vendor/codeigniter4/framework/system/Database/MySQLi/Connection.php:295
Stack trace:
#0 /var/www/app.inisurabaya.id/vendor/codeigniter4/framework/system/Database/MySQLi/Connection.php(295): mysqli->query()
#1 /var/www/app.inisurabaya.id/vendor/codeigniter4/framework/system/Database/BaseConnection.php(692): CodeIgniter\Database\MySQLi\Connection->execute()
#2 /var/www/app.inisurabaya.id/vendor/codeigniter4/framework/system/Database/BaseConnection.php(606): CodeIgniter\Database\BaseConnection->simpleQuery()
#3 /var/www/app.inisurabaya.id/vendor/codeigniter4/framework/system/Database/Forge.php(637): CodeIgniter\Database\BaseConnection->query()
#4 /var/www/app.inisurabaya.id/app/Database/Migrations/2023-09-01-102150_blacklink.php(43): CodeIgniter\Database\Forge->dropTable()
#5 /var/www/app.inisurabaya.id/vendor/codeigniter4/framework/system/Database/MigrationRunner.php(877): App\Database\Migrations\Blacklink->down()
#6 /var/www/app.inisurabaya.id/vendor/codeigniter4/framework/system/Database/MigrationRunner.php(299): CodeIgniter\Database\MigrationRunner->migrate()
#7 /var/www/app.inisurabaya.id/vendor/codeigniter4/framework/system/Commands/Database/MigrateRollback.php(92): CodeIgniter\Database\MigrationRunner->regress()
#8 /var/www/app.inisurabaya.id/vendor/codeigniter4/framework/system/CLI/Commands.php(65): CodeIgniter\Commands\Database\MigrateRollback->run()
#9 /var/www/app.inisurabaya.id/vendor/codeigniter4/framework/system/CLI/BaseCommand.php(115): CodeIgniter\CLI\Commands->run()
#10 /var/www/app.inisurabaya.id/vendor/codeigniter4/framework/system/Commands/Database/MigrateRefresh.php(84): CodeIgniter\CLI\BaseCommand->call()
#11 /var/www/app.inisurabaya.id/vendor/codeigniter4/framework/system/CLI/Commands.php(65): CodeIgniter\Commands\Database\MigrateRefresh->run()
#12 /var/www/app.inisurabaya.id/vendor/codeigniter4/framework/system/CLI/Console.php(37): CodeIgniter\CLI\Commands->run()
#13 /var/www/app.inisurabaya.id/spark(97): CodeIgniter\CLI\Console->run()
#14 {main}
ERROR - 2023-10-12 08:33:44 --> mysqli_sql_exception: Table 'mpp.users' doesn't exist in /var/www/app.inisurabaya.id/vendor/codeigniter4/framework/system/Database/MySQLi/Connection.php:295
Stack trace:
#0 /var/www/app.inisurabaya.id/vendor/codeigniter4/framework/system/Database/MySQLi/Connection.php(295): mysqli->query()
#1 /var/www/app.inisurabaya.id/vendor/codeigniter4/framework/system/Database/BaseConnection.php(692): CodeIgniter\Database\MySQLi\Connection->execute()
#2 /var/www/app.inisurabaya.id/vendor/codeigniter4/framework/system/Database/BaseConnection.php(606): CodeIgniter\Database\BaseConnection->simpleQuery()
#3 /var/www/app.inisurabaya.id/vendor/codeigniter4/framework/system/Database/BaseBuilder.php(1616): CodeIgniter\Database\BaseConnection->query()
#4 /var/www/app.inisurabaya.id/vendor/codeigniter4/framework/system/Validation/StrictRules/Rules.php(206): CodeIgniter\Database\BaseBuilder->get()
#5 /var/www/app.inisurabaya.id/vendor/codeigniter4/framework/system/Validation/Validation.php(278): CodeIgniter\Validation\StrictRules\Rules->is_unique()
#6 /var/www/app.inisurabaya.id/vendor/codeigniter4/framework/system/Validation/Validation.php(182): CodeIgniter\Validation\Validation->processRules()
#7 /var/www/app.inisurabaya.id/vendor/codeigniter4/framework/system/BaseModel.php(1464): CodeIgniter\Validation\Validation->run()
#8 /var/www/app.inisurabaya.id/vendor/codeigniter4/framework/system/BaseModel.php(745): CodeIgniter\BaseModel->validate()
#9 /var/www/app.inisurabaya.id/vendor/codeigniter4/framework/system/Model.php(730): CodeIgniter\BaseModel->insert()
#10 /var/www/app.inisurabaya.id/app/Database/Seeds/UserSeeder.php(19): CodeIgniter\Model->insert()
#11 /var/www/app.inisurabaya.id/vendor/codeigniter4/framework/system/Database/Seeder.php(146): App\Database\Seeds\UserSeeder->run()
#12 /var/www/app.inisurabaya.id/vendor/codeigniter4/framework/system/Commands/Database/Seed.php(77): CodeIgniter\Database\Seeder->call()
#13 /var/www/app.inisurabaya.id/vendor/codeigniter4/framework/system/CLI/Commands.php(65): CodeIgniter\Commands\Database\Seed->run()
#14 /var/www/app.inisurabaya.id/vendor/codeigniter4/framework/system/CLI/Console.php(37): CodeIgniter\CLI\Commands->run()
#15 /var/www/app.inisurabaya.id/spark(97): CodeIgniter\CLI\Console->run()
#16 {main}
