ERROR - 2023-10-22 09:49:37 --> mysqli_sql_exception: Unknown table 'mpp.backlink' in /var/www/app.inisurabaya.id/vendor/codeigniter4/framework/system/Database/MySQLi/Connection.php:295
Stack trace:
#0 /var/www/app.inisurabaya.id/vendor/codeigniter4/framework/system/Database/MySQLi/Connection.php(295): mysqli->query()
#1 /var/www/app.inisurabaya.id/vendor/codeigniter4/framework/system/Database/BaseConnection.php(692): CodeIgniter\Database\MySQLi\Connection->execute()
#2 /var/www/app.inisurabaya.id/vendor/codeigniter4/framework/system/Database/BaseConnection.php(606): CodeIgniter\Database\BaseConnection->simpleQuery()
#3 /var/www/app.inisurabaya.id/vendor/codeigniter4/framework/system/Database/Forge.php(637): CodeIgniter\Database\BaseConnection->query()
#4 /var/www/app.inisurabaya.id/app/Database/Migrations/2023-09-01-102150_backlink.php(43): CodeIgniter\Database\Forge->dropTable()
#5 /var/www/app.inisurabaya.id/vendor/codeigniter4/framework/system/Database/MigrationRunner.php(877): App\Database\Migrations\Blacklink->down()
#6 /var/www/app.inisurabaya.id/vendor/codeigniter4/framework/system/Database/MigrationRunner.php(299): CodeIgniter\Database\MigrationRunner->migrate()
#7 /var/www/app.inisurabaya.id/vendor/codeigniter4/framework/system/Commands/Database/MigrateRollback.php(92): CodeIgniter\Database\MigrationRunner->regress()
#8 /var/www/app.inisurabaya.id/vendor/codeigniter4/framework/system/CLI/Commands.php(65): CodeIgniter\Commands\Database\MigrateRollback->run()
#9 /var/www/app.inisurabaya.id/vendor/codeigniter4/framework/system/CLI/Console.php(37): CodeIgniter\CLI\Commands->run()
#10 /var/www/app.inisurabaya.id/spark(97): CodeIgniter\CLI\Console->run()
#11 {main}
WARNING - 2023-10-22 09:55:16 --> [DEPRECATED] Creation of dynamic property jcobhams\NewsApi\NewsApi::$client is deprecated in VENDORPATH/jcobhams/newsapi/src/NewsApi.php on line 18.
 1 APPPATH/Database/Seeds/ArticleSeeder.php(28): jcobhams\NewsApi\NewsApi->__construct('e3251800c3f84b94955818bea4a37d86')
 2 SYSTEMPATH/Database/Seeder.php(146): App\Database\Seeds\ArticleSeeder->run()
 3 SYSTEMPATH/Commands/Database/Seed.php(77): CodeIgniter\Database\Seeder->call('App\\Database\\Seeds\\ArticleSeeder')
 4 SYSTEMPATH/CLI/Commands.php(65): CodeIgniter\Commands\Database\Seed->run([])
 5 SYSTEMPATH/CLI/Console.php(37): CodeIgniter\CLI\Commands->run('db:seed', [...])
 6 ROOTPATH/spark(97): CodeIgniter\CLI\Console->run()
WARNING - 2023-10-22 09:57:00 --> [DEPRECATED] Creation of dynamic property jcobhams\NewsApi\NewsApi::$client is deprecated in VENDORPATH/jcobhams/newsapi/src/NewsApi.php on line 18.
 1 APPPATH/Database/Seeds/ArticleSeeder.php(28): jcobhams\NewsApi\NewsApi->__construct('e3251800c3f84b94955818bea4a37d86')
 2 SYSTEMPATH/Database/Seeder.php(146): App\Database\Seeds\ArticleSeeder->run()
 3 SYSTEMPATH/Commands/Database/Seed.php(77): CodeIgniter\Database\Seeder->call('App\\Database\\Seeds\\ArticleSeeder')
 4 SYSTEMPATH/CLI/Commands.php(65): CodeIgniter\Commands\Database\Seed->run([])
 5 SYSTEMPATH/CLI/Console.php(37): CodeIgniter\CLI\Commands->run('db:seed', [...])
 6 ROOTPATH/spark(97): CodeIgniter\CLI\Console->run()
WARNING - 2023-10-22 09:59:06 --> [DEPRECATED] Creation of dynamic property jcobhams\NewsApi\NewsApi::$client is deprecated in VENDORPATH/jcobhams/newsapi/src/NewsApi.php on line 18.
 1 APPPATH/Database/Seeds/ArticleSeeder.php(28): jcobhams\NewsApi\NewsApi->__construct('e3251800c3f84b94955818bea4a37d86')
 2 SYSTEMPATH/Database/Seeder.php(146): App\Database\Seeds\ArticleSeeder->run()
 3 SYSTEMPATH/Commands/Database/Seed.php(77): CodeIgniter\Database\Seeder->call('App\\Database\\Seeds\\ArticleSeeder')
 4 SYSTEMPATH/CLI/Commands.php(65): CodeIgniter\Commands\Database\Seed->run([])
 5 SYSTEMPATH/CLI/Console.php(37): CodeIgniter\CLI\Commands->run('db:seed', [...])
 6 ROOTPATH/spark(97): CodeIgniter\CLI\Console->run()
WARNING - 2023-10-22 10:00:22 --> [DEPRECATED] Creation of dynamic property jcobhams\NewsApi\NewsApi::$client is deprecated in VENDORPATH/jcobhams/newsapi/src/NewsApi.php on line 18.
 1 APPPATH/Database/Seeds/ArticleSeeder.php(28): jcobhams\NewsApi\NewsApi->__construct('e3251800c3f84b94955818bea4a37d86')
 2 SYSTEMPATH/Database/Seeder.php(146): App\Database\Seeds\ArticleSeeder->run()
 3 SYSTEMPATH/Commands/Database/Seed.php(77): CodeIgniter\Database\Seeder->call('App\\Database\\Seeds\\ArticleSeeder')
 4 SYSTEMPATH/CLI/Commands.php(65): CodeIgniter\Commands\Database\Seed->run([])
 5 SYSTEMPATH/CLI/Console.php(37): CodeIgniter\CLI\Commands->run('db:seed', [...])
 6 ROOTPATH/spark(97): CodeIgniter\CLI\Console->run()
WARNING - 2023-10-22 10:00:24 --> [DEPRECATED] Creation of dynamic property jcobhams\NewsApi\NewsApi::$client is deprecated in VENDORPATH/jcobhams/newsapi/src/NewsApi.php on line 18.
 1 APPPATH/Database/Seeds/ArticleSeeder.php(28): jcobhams\NewsApi\NewsApi->__construct('e3251800c3f84b94955818bea4a37d86')
 2 SYSTEMPATH/Database/Seeder.php(146): App\Database\Seeds\ArticleSeeder->run()
 3 SYSTEMPATH/Commands/Database/Seed.php(77): CodeIgniter\Database\Seeder->call('App\\Database\\Seeds\\ArticleSeeder')
 4 SYSTEMPATH/CLI/Commands.php(65): CodeIgniter\Commands\Database\Seed->run([])
 5 SYSTEMPATH/CLI/Console.php(37): CodeIgniter\CLI\Commands->run('db:seed', [...])
 6 ROOTPATH/spark(97): CodeIgniter\CLI\Console->run()
WARNING - 2023-10-22 10:16:18 --> [DEPRECATED] Creation of dynamic property jcobhams\NewsApi\NewsApi::$client is deprecated in VENDORPATH/jcobhams/newsapi/src/NewsApi.php on line 18.
 1 APPPATH/Database/Seeds/CategorySeeder.php(11): jcobhams\NewsApi\NewsApi->__construct('e3251800c3f84b94955818bea4a37d86')
 2 SYSTEMPATH/Database/Seeder.php(146): App\Database\Seeds\CategorySeeder->run()
 3 SYSTEMPATH/Commands/Database/Seed.php(77): CodeIgniter\Database\Seeder->call('App\\Database\\Seeds\\CategorySeeder')
 4 SYSTEMPATH/CLI/Commands.php(65): CodeIgniter\Commands\Database\Seed->run([])
 5 SYSTEMPATH/CLI/Console.php(37): CodeIgniter\CLI\Commands->run('db:seed', [...])
 6 ROOTPATH/spark(97): CodeIgniter\CLI\Console->run()
WARNING - 2023-10-22 10:16:42 --> [DEPRECATED] Creation of dynamic property jcobhams\NewsApi\NewsApi::$client is deprecated in VENDORPATH/jcobhams/newsapi/src/NewsApi.php on line 18.
 1 APPPATH/Database/Seeds/ArticleSeeder.php(14): jcobhams\NewsApi\NewsApi->__construct('e3251800c3f84b94955818bea4a37d86')
 2 SYSTEMPATH/Database/Seeder.php(146): App\Database\Seeds\ArticleSeeder->run()
 3 SYSTEMPATH/Commands/Database/Seed.php(77): CodeIgniter\Database\Seeder->call('App\\Database\\Seeds\\ArticleSeeder')
 4 SYSTEMPATH/CLI/Commands.php(65): CodeIgniter\Commands\Database\Seed->run([])
 5 SYSTEMPATH/CLI/Console.php(37): CodeIgniter\CLI\Commands->run('db:seed', [...])
 6 ROOTPATH/spark(97): CodeIgniter\CLI\Console->run()
WARNING - 2023-10-22 10:17:36 --> [DEPRECATED] Creation of dynamic property jcobhams\NewsApi\NewsApi::$client is deprecated in VENDORPATH/jcobhams/newsapi/src/NewsApi.php on line 18.
 1 APPPATH/Database/Seeds/ArticleSeeder.php(14): jcobhams\NewsApi\NewsApi->__construct('e3251800c3f84b94955818bea4a37d86')
 2 SYSTEMPATH/Database/Seeder.php(146): App\Database\Seeds\ArticleSeeder->run()
 3 SYSTEMPATH/Commands/Database/Seed.php(77): CodeIgniter\Database\Seeder->call('App\\Database\\Seeds\\ArticleSeeder')
 4 SYSTEMPATH/CLI/Commands.php(65): CodeIgniter\Commands\Database\Seed->run([])
 5 SYSTEMPATH/CLI/Console.php(37): CodeIgniter\CLI\Commands->run('db:seed', [...])
 6 ROOTPATH/spark(97): CodeIgniter\CLI\Console->run()
WARNING - 2023-10-22 10:18:22 --> [DEPRECATED] Creation of dynamic property jcobhams\NewsApi\NewsApi::$client is deprecated in VENDORPATH/jcobhams/newsapi/src/NewsApi.php on line 18.
 1 APPPATH/Database/Seeds/ArticleSeeder.php(14): jcobhams\NewsApi\NewsApi->__construct('e3251800c3f84b94955818bea4a37d86')
 2 SYSTEMPATH/Database/Seeder.php(146): App\Database\Seeds\ArticleSeeder->run()
 3 SYSTEMPATH/Commands/Database/Seed.php(77): CodeIgniter\Database\Seeder->call('App\\Database\\Seeds\\ArticleSeeder')
 4 SYSTEMPATH/CLI/Commands.php(65): CodeIgniter\Commands\Database\Seed->run([])
 5 SYSTEMPATH/CLI/Console.php(37): CodeIgniter\CLI\Commands->run('db:seed', [...])
 6 ROOTPATH/spark(97): CodeIgniter\CLI\Console->run()
WARNING - 2023-10-22 10:18:58 --> [DEPRECATED] Creation of dynamic property jcobhams\NewsApi\NewsApi::$client is deprecated in VENDORPATH/jcobhams/newsapi/src/NewsApi.php on line 18.
 1 APPPATH/Database/Seeds/ArticleSeeder.php(14): jcobhams\NewsApi\NewsApi->__construct('e3251800c3f84b94955818bea4a37d86')
 2 SYSTEMPATH/Database/Seeder.php(146): App\Database\Seeds\ArticleSeeder->run()
 3 SYSTEMPATH/Commands/Database/Seed.php(77): CodeIgniter\Database\Seeder->call('App\\Database\\Seeds\\ArticleSeeder')
 4 SYSTEMPATH/CLI/Commands.php(65): CodeIgniter\Commands\Database\Seed->run([])
 5 SYSTEMPATH/CLI/Console.php(37): CodeIgniter\CLI\Commands->run('db:seed', [...])
 6 ROOTPATH/spark(97): CodeIgniter\CLI\Console->run()
ERROR - 2023-10-22 10:19:00 --> mysqli_sql_exception: Column 'picture' cannot be null in /var/www/app.inisurabaya.id/vendor/codeigniter4/framework/system/Database/MySQLi/Connection.php:295
Stack trace:
#0 /var/www/app.inisurabaya.id/vendor/codeigniter4/framework/system/Database/MySQLi/Connection.php(295): mysqli->query()
#1 /var/www/app.inisurabaya.id/vendor/codeigniter4/framework/system/Database/BaseConnection.php(692): CodeIgniter\Database\MySQLi\Connection->execute()
#2 /var/www/app.inisurabaya.id/vendor/codeigniter4/framework/system/Database/BaseConnection.php(606): CodeIgniter\Database\BaseConnection->simpleQuery()
#3 /var/www/app.inisurabaya.id/vendor/codeigniter4/framework/system/Database/BaseBuilder.php(2309): CodeIgniter\Database\BaseConnection->query()
#4 /var/www/app.inisurabaya.id/vendor/codeigniter4/framework/system/Model.php(330): CodeIgniter\Database\BaseBuilder->insert()
#5 /var/www/app.inisurabaya.id/vendor/codeigniter4/framework/system/BaseModel.php(782): CodeIgniter\Model->doInsert()
#6 /var/www/app.inisurabaya.id/vendor/codeigniter4/framework/system/Model.php(730): CodeIgniter\BaseModel->insert()
#7 /var/www/app.inisurabaya.id/app/Database/Seeds/ArticleSeeder.php(32): CodeIgniter\Model->insert()
#8 /var/www/app.inisurabaya.id/vendor/codeigniter4/framework/system/Database/Seeder.php(146): App\Database\Seeds\ArticleSeeder->run()
#9 /var/www/app.inisurabaya.id/vendor/codeigniter4/framework/system/Commands/Database/Seed.php(77): CodeIgniter\Database\Seeder->call()
#10 /var/www/app.inisurabaya.id/vendor/codeigniter4/framework/system/CLI/Commands.php(65): CodeIgniter\Commands\Database\Seed->run()
#11 /var/www/app.inisurabaya.id/vendor/codeigniter4/framework/system/CLI/Console.php(37): CodeIgniter\CLI\Commands->run()
#12 /var/www/app.inisurabaya.id/spark(97): CodeIgniter\CLI\Console->run()
#13 {main}
WARNING - 2023-10-22 10:19:57 --> [DEPRECATED] Creation of dynamic property jcobhams\NewsApi\NewsApi::$client is deprecated in VENDORPATH/jcobhams/newsapi/src/NewsApi.php on line 18.
 1 APPPATH/Database/Seeds/ArticleSeeder.php(14): jcobhams\NewsApi\NewsApi->__construct('e3251800c3f84b94955818bea4a37d86')
 2 SYSTEMPATH/Database/Seeder.php(146): App\Database\Seeds\ArticleSeeder->run()
 3 SYSTEMPATH/Commands/Database/Seed.php(77): CodeIgniter\Database\Seeder->call('App\\Database\\Seeds\\ArticleSeeder')
 4 SYSTEMPATH/CLI/Commands.php(65): CodeIgniter\Commands\Database\Seed->run([])
 5 SYSTEMPATH/CLI/Console.php(37): CodeIgniter\CLI\Commands->run('db:seed', [...])
 6 ROOTPATH/spark(97): CodeIgniter\CLI\Console->run()
ERROR - 2023-10-22 10:19:59 --> mysqli_sql_exception: Column 'picture' cannot be null in /var/www/app.inisurabaya.id/vendor/codeigniter4/framework/system/Database/MySQLi/Connection.php:295
Stack trace:
#0 /var/www/app.inisurabaya.id/vendor/codeigniter4/framework/system/Database/MySQLi/Connection.php(295): mysqli->query()
#1 /var/www/app.inisurabaya.id/vendor/codeigniter4/framework/system/Database/BaseConnection.php(692): CodeIgniter\Database\MySQLi\Connection->execute()
#2 /var/www/app.inisurabaya.id/vendor/codeigniter4/framework/system/Database/BaseConnection.php(606): CodeIgniter\Database\BaseConnection->simpleQuery()
#3 /var/www/app.inisurabaya.id/vendor/codeigniter4/framework/system/Database/BaseBuilder.php(2309): CodeIgniter\Database\BaseConnection->query()
#4 /var/www/app.inisurabaya.id/vendor/codeigniter4/framework/system/Model.php(330): CodeIgniter\Database\BaseBuilder->insert()
#5 /var/www/app.inisurabaya.id/vendor/codeigniter4/framework/system/BaseModel.php(782): CodeIgniter\Model->doInsert()
#6 /var/www/app.inisurabaya.id/vendor/codeigniter4/framework/system/Model.php(730): CodeIgniter\BaseModel->insert()
#7 /var/www/app.inisurabaya.id/app/Database/Seeds/ArticleSeeder.php(32): CodeIgniter\Model->insert()
#8 /var/www/app.inisurabaya.id/vendor/codeigniter4/framework/system/Database/Seeder.php(146): App\Database\Seeds\ArticleSeeder->run()
#9 /var/www/app.inisurabaya.id/vendor/codeigniter4/framework/system/Commands/Database/Seed.php(77): CodeIgniter\Database\Seeder->call()
#10 /var/www/app.inisurabaya.id/vendor/codeigniter4/framework/system/CLI/Commands.php(65): CodeIgniter\Commands\Database\Seed->run()
#11 /var/www/app.inisurabaya.id/vendor/codeigniter4/framework/system/CLI/Console.php(37): CodeIgniter\CLI\Commands->run()
#12 /var/www/app.inisurabaya.id/spark(97): CodeIgniter\CLI\Console->run()
#13 {main}
WARNING - 2023-10-22 10:20:30 --> [DEPRECATED] Creation of dynamic property jcobhams\NewsApi\NewsApi::$client is deprecated in VENDORPATH/jcobhams/newsapi/src/NewsApi.php on line 18.
 1 APPPATH/Database/Seeds/ArticleSeeder.php(14): jcobhams\NewsApi\NewsApi->__construct('e3251800c3f84b94955818bea4a37d86')
 2 SYSTEMPATH/Database/Seeder.php(146): App\Database\Seeds\ArticleSeeder->run()
 3 SYSTEMPATH/Commands/Database/Seed.php(77): CodeIgniter\Database\Seeder->call('App\\Database\\Seeds\\ArticleSeeder')
 4 SYSTEMPATH/CLI/Commands.php(65): CodeIgniter\Commands\Database\Seed->run([])
 5 SYSTEMPATH/CLI/Console.php(37): CodeIgniter\CLI\Commands->run('db:seed', [...])
 6 ROOTPATH/spark(97): CodeIgniter\CLI\Console->run()
WARNING - 2023-10-22 10:21:20 --> [DEPRECATED] Creation of dynamic property jcobhams\NewsApi\NewsApi::$client is deprecated in VENDORPATH/jcobhams/newsapi/src/NewsApi.php on line 18.
 1 APPPATH/Database/Seeds/ArticleSeeder.php(14): jcobhams\NewsApi\NewsApi->__construct('e3251800c3f84b94955818bea4a37d86')
 2 SYSTEMPATH/Database/Seeder.php(146): App\Database\Seeds\ArticleSeeder->run()
 3 SYSTEMPATH/Commands/Database/Seed.php(77): CodeIgniter\Database\Seeder->call('App\\Database\\Seeds\\ArticleSeeder')
 4 SYSTEMPATH/CLI/Commands.php(65): CodeIgniter\Commands\Database\Seed->run([])
 5 SYSTEMPATH/CLI/Console.php(37): CodeIgniter\CLI\Commands->run('db:seed', [...])
 6 ROOTPATH/spark(97): CodeIgniter\CLI\Console->run()
ERROR - 2023-10-22 10:21:22 --> mysqli_sql_exception: Column 'picture' cannot be null in /var/www/app.inisurabaya.id/vendor/codeigniter4/framework/system/Database/MySQLi/Connection.php:295
Stack trace:
#0 /var/www/app.inisurabaya.id/vendor/codeigniter4/framework/system/Database/MySQLi/Connection.php(295): mysqli->query()
#1 /var/www/app.inisurabaya.id/vendor/codeigniter4/framework/system/Database/BaseConnection.php(692): CodeIgniter\Database\MySQLi\Connection->execute()
#2 /var/www/app.inisurabaya.id/vendor/codeigniter4/framework/system/Database/BaseConnection.php(606): CodeIgniter\Database\BaseConnection->simpleQuery()
#3 /var/www/app.inisurabaya.id/vendor/codeigniter4/framework/system/Database/BaseBuilder.php(2309): CodeIgniter\Database\BaseConnection->query()
#4 /var/www/app.inisurabaya.id/vendor/codeigniter4/framework/system/Model.php(330): CodeIgniter\Database\BaseBuilder->insert()
#5 /var/www/app.inisurabaya.id/vendor/codeigniter4/framework/system/BaseModel.php(782): CodeIgniter\Model->doInsert()
#6 /var/www/app.inisurabaya.id/vendor/codeigniter4/framework/system/Model.php(730): CodeIgniter\BaseModel->insert()
#7 /var/www/app.inisurabaya.id/app/Database/Seeds/ArticleSeeder.php(32): CodeIgniter\Model->insert()
#8 /var/www/app.inisurabaya.id/vendor/codeigniter4/framework/system/Database/Seeder.php(146): App\Database\Seeds\ArticleSeeder->run()
#9 /var/www/app.inisurabaya.id/vendor/codeigniter4/framework/system/Commands/Database/Seed.php(77): CodeIgniter\Database\Seeder->call()
#10 /var/www/app.inisurabaya.id/vendor/codeigniter4/framework/system/CLI/Commands.php(65): CodeIgniter\Commands\Database\Seed->run()
#11 /var/www/app.inisurabaya.id/vendor/codeigniter4/framework/system/CLI/Console.php(37): CodeIgniter\CLI\Commands->run()
#12 /var/www/app.inisurabaya.id/spark(97): CodeIgniter\CLI\Console->run()
#13 {main}
