INFO - 2023-09-29 19:43:44 --> Session: Class initialized using 'CodeIgniter\Session\Handlers\FileHandler' driver.
CRITICAL - 2023-09-29 19:43:51 --> Call to undefined function user()
in APPPATH/Views/dashboard/layouts/sidebar-right.php on line 8.
 1 SYSTEMPATH/View/View.php(224): include()
 2 SYSTEMPATH/View/View.php(227): CodeIgniter\View\View->CodeIgniter\View\{closure}()
 3 SYSTEMPATH/Common.php(1176): CodeIgniter\View\View->render()
 4 APPPATH/Views/dashboard/layouts/app.php(32): view()
 5 SYSTEMPATH/View/View.php(224): include('/home/buyung/Documents/Project/CI 4/themenet/app/Views/dashboard/layouts/app.php')
 6 SYSTEMPATH/View/View.php(227): CodeIgniter\View\View->CodeIgniter\View\{closure}()
 7 SYSTEMPATH/View/View.php(240): CodeIgniter\View\View->render()
 8 SYSTEMPATH/Common.php(1176): CodeIgniter\View\View->render()
 9 APPPATH/Controllers/backEnd/Dashboard.php(28): view()
10 SYSTEMPATH/CodeIgniter.php(932): App\Controllers\backEnd\Dashboard->index()
11 SYSTEMPATH/CodeIgniter.php(497): CodeIgniter\CodeIgniter->runController()
12 SYSTEMPATH/CodeIgniter.php(366): CodeIgniter\CodeIgniter->handleRequest()
13 FCPATH/index.php(67): CodeIgniter\CodeIgniter->run()
14 SYSTEMPATH/Commands/Server/rewrite.php(47): require_once('/home/buyung/Documents/Project/CI 4/themenet/public/index.php')
CRITICAL - 2023-09-29 19:45:27 --> Call to undefined function user()
in APPPATH/Views/dashboard/layouts/sidebar-right.php on line 8.
 1 SYSTEMPATH/View/View.php(224): include()
 2 SYSTEMPATH/View/View.php(227): CodeIgniter\View\View->CodeIgniter\View\{closure}()
 3 SYSTEMPATH/Common.php(1176): CodeIgniter\View\View->render()
 4 APPPATH/Views/dashboard/layouts/app.php(32): view()
 5 SYSTEMPATH/View/View.php(224): include('/home/buyung/Documents/Project/CI 4/themenet/app/Views/dashboard/layouts/app.php')
 6 SYSTEMPATH/View/View.php(227): CodeIgniter\View\View->CodeIgniter\View\{closure}()
 7 SYSTEMPATH/View/View.php(240): CodeIgniter\View\View->render()
 8 SYSTEMPATH/Common.php(1176): CodeIgniter\View\View->render()
 9 APPPATH/Controllers/backEnd/Dashboard.php(28): view()
10 SYSTEMPATH/CodeIgniter.php(932): App\Controllers\backEnd\Dashboard->index()
11 SYSTEMPATH/CodeIgniter.php(497): CodeIgniter\CodeIgniter->runController()
12 SYSTEMPATH/CodeIgniter.php(366): CodeIgniter\CodeIgniter->handleRequest()
13 FCPATH/index.php(67): CodeIgniter\CodeIgniter->run()
14 SYSTEMPATH/Commands/Server/rewrite.php(47): require_once('/home/buyung/Documents/Project/CI 4/themenet/public/index.php')
CRITICAL - 2023-09-29 19:45:31 --> Call to undefined function user()
in APPPATH/Views/dashboard/layouts/sidebar-right.php on line 8.
 1 SYSTEMPATH/View/View.php(224): include()
 2 SYSTEMPATH/View/View.php(227): CodeIgniter\View\View->CodeIgniter\View\{closure}()
 3 SYSTEMPATH/Common.php(1176): CodeIgniter\View\View->render()
 4 APPPATH/Views/dashboard/layouts/app.php(32): view()
 5 SYSTEMPATH/View/View.php(224): include('/home/buyung/Documents/Project/CI 4/themenet/app/Views/dashboard/layouts/app.php')
 6 SYSTEMPATH/View/View.php(227): CodeIgniter\View\View->CodeIgniter\View\{closure}()
 7 SYSTEMPATH/View/View.php(240): CodeIgniter\View\View->render()
 8 SYSTEMPATH/Common.php(1176): CodeIgniter\View\View->render()
 9 APPPATH/Controllers/backEnd/Dashboard.php(28): view()
10 SYSTEMPATH/CodeIgniter.php(932): App\Controllers\backEnd\Dashboard->index()
11 SYSTEMPATH/CodeIgniter.php(497): CodeIgniter\CodeIgniter->runController()
12 SYSTEMPATH/CodeIgniter.php(366): CodeIgniter\CodeIgniter->handleRequest()
13 FCPATH/index.php(67): CodeIgniter\CodeIgniter->run()
14 SYSTEMPATH/Commands/Server/rewrite.php(47): require_once('/home/buyung/Documents/Project/CI 4/themenet/public/index.php')
INFO - 2023-09-29 19:45:50 --> Session: Class initialized using 'CodeIgniter\Session\Handlers\FileHandler' driver.
INFO - 2023-09-29 19:45:58 --> Session: Class initialized using 'CodeIgniter\Session\Handlers\FileHandler' driver.
INFO - 2023-09-29 19:46:05 --> Session: Class initialized using 'CodeIgniter\Session\Handlers\FileHandler' driver.
INFO - 2023-09-29 19:46:57 --> Session: Class initialized using 'CodeIgniter\Session\Handlers\FileHandler' driver.
INFO - 2023-09-29 19:47:02 --> Session: Class initialized using 'CodeIgniter\Session\Handlers\FileHandler' driver.
INFO - 2023-09-29 19:47:02 --> Session: Class initialized using 'CodeIgniter\Session\Handlers\FileHandler' driver.
INFO - 2023-09-29 19:47:10 --> Session: Class initialized using 'CodeIgniter\Session\Handlers\FileHandler' driver.
INFO - 2023-09-29 19:47:10 --> Session: Class initialized using 'CodeIgniter\Session\Handlers\FileHandler' driver.
CRITICAL - 2023-09-29 19:47:19 --> Undefined variable $id
in APPPATH/Views/dashboard/article/create.php on line 32.
 1 APPPATH/Views/dashboard/article/create.php(32): CodeIgniter\Debug\Exceptions->errorHandler()
 2 SYSTEMPATH/View/View.php(224): include('/home/buyung/Documents/Project/CI 4/themenet/app/Views/dashboard/article/create.php')
 3 SYSTEMPATH/View/View.php(227): CodeIgniter\View\View->CodeIgniter\View\{closure}()
 4 SYSTEMPATH/Common.php(1176): CodeIgniter\View\View->render()
 5 APPPATH/Controllers/backEnd/ArticleController.php(19): view()
 6 SYSTEMPATH/CodeIgniter.php(932): App\Controllers\backEnd\ArticleController->create()
 7 SYSTEMPATH/CodeIgniter.php(497): CodeIgniter\CodeIgniter->runController()
 8 SYSTEMPATH/CodeIgniter.php(366): CodeIgniter\CodeIgniter->handleRequest()
 9 FCPATH/index.php(67): CodeIgniter\CodeIgniter->run()
10 SYSTEMPATH/Commands/Server/rewrite.php(47): require_once('/home/buyung/Documents/Project/CI 4/themenet/public/index.php')
CRITICAL - 2023-09-29 19:53:28 --> Call to undefined function user()
in APPPATH/Views/dashboard/layouts/sidebar-right.php on line 8.
 1 SYSTEMPATH/View/View.php(224): include()
 2 SYSTEMPATH/View/View.php(227): CodeIgniter\View\View->CodeIgniter\View\{closure}()
 3 SYSTEMPATH/Common.php(1176): CodeIgniter\View\View->render()
 4 APPPATH/Views/dashboard/layouts/app.php(32): view()
 5 SYSTEMPATH/View/View.php(224): include('/home/buyung/Documents/Project/CI 4/themenet/app/Views/dashboard/layouts/app.php')
 6 SYSTEMPATH/View/View.php(227): CodeIgniter\View\View->CodeIgniter\View\{closure}()
 7 SYSTEMPATH/View/View.php(240): CodeIgniter\View\View->render()
 8 SYSTEMPATH/Common.php(1176): CodeIgniter\View\View->render()
 9 APPPATH/Controllers/backEnd/ArticleController.php(19): view()
10 SYSTEMPATH/CodeIgniter.php(932): App\Controllers\backEnd\ArticleController->create()
11 SYSTEMPATH/CodeIgniter.php(497): CodeIgniter\CodeIgniter->runController()
12 SYSTEMPATH/CodeIgniter.php(366): CodeIgniter\CodeIgniter->handleRequest()
13 FCPATH/index.php(67): CodeIgniter\CodeIgniter->run()
14 SYSTEMPATH/Commands/Server/rewrite.php(47): require_once('/home/buyung/Documents/Project/CI 4/themenet/public/index.php')
CRITICAL - 2023-09-29 19:53:47 --> Call to undefined function user()
in APPPATH/Views/dashboard/layouts/sidebar-right.php on line 8.
 1 SYSTEMPATH/View/View.php(224): include()
 2 SYSTEMPATH/View/View.php(227): CodeIgniter\View\View->CodeIgniter\View\{closure}()
 3 SYSTEMPATH/Common.php(1176): CodeIgniter\View\View->render()
 4 APPPATH/Views/dashboard/layouts/app.php(32): view()
 5 SYSTEMPATH/View/View.php(224): include('/home/buyung/Documents/Project/CI 4/themenet/app/Views/dashboard/layouts/app.php')
 6 SYSTEMPATH/View/View.php(227): CodeIgniter\View\View->CodeIgniter\View\{closure}()
 7 SYSTEMPATH/View/View.php(240): CodeIgniter\View\View->render()
 8 SYSTEMPATH/Common.php(1176): CodeIgniter\View\View->render()
 9 APPPATH/Controllers/backEnd/ArticleController.php(19): view()
10 SYSTEMPATH/CodeIgniter.php(932): App\Controllers\backEnd\ArticleController->create()
11 SYSTEMPATH/CodeIgniter.php(497): CodeIgniter\CodeIgniter->runController()
12 SYSTEMPATH/CodeIgniter.php(366): CodeIgniter\CodeIgniter->handleRequest()
13 FCPATH/index.php(67): CodeIgniter\CodeIgniter->run()
14 SYSTEMPATH/Commands/Server/rewrite.php(47): require_once('/home/buyung/Documents/Project/CI 4/themenet/public/index.php')
CRITICAL - 2023-09-29 19:55:50 --> Call to undefined function user()
in APPPATH/Views/dashboard/layouts/sidebar-right.php on line 8.
 1 SYSTEMPATH/View/View.php(224): include()
 2 SYSTEMPATH/View/View.php(227): CodeIgniter\View\View->CodeIgniter\View\{closure}()
 3 SYSTEMPATH/Common.php(1176): CodeIgniter\View\View->render()
 4 APPPATH/Views/dashboard/layouts/app.php(32): view()
 5 SYSTEMPATH/View/View.php(224): include('/home/buyung/Documents/Project/CI 4/themenet/app/Views/dashboard/layouts/app.php')
 6 SYSTEMPATH/View/View.php(227): CodeIgniter\View\View->CodeIgniter\View\{closure}()
 7 SYSTEMPATH/View/View.php(240): CodeIgniter\View\View->render()
 8 SYSTEMPATH/Common.php(1176): CodeIgniter\View\View->render()
 9 APPPATH/Controllers/backEnd/ArticleController.php(19): view()
10 SYSTEMPATH/CodeIgniter.php(932): App\Controllers\backEnd\ArticleController->create()
11 SYSTEMPATH/CodeIgniter.php(497): CodeIgniter\CodeIgniter->runController()
12 SYSTEMPATH/CodeIgniter.php(366): CodeIgniter\CodeIgniter->handleRequest()
13 FCPATH/index.php(67): CodeIgniter\CodeIgniter->run()
14 SYSTEMPATH/Commands/Server/rewrite.php(47): require_once('/home/buyung/Documents/Project/CI 4/themenet/public/index.php')
INFO - 2023-09-29 20:05:54 --> Session: Class initialized using 'CodeIgniter\Session\Handlers\FileHandler' driver.
INFO - 2023-09-29 20:15:25 --> Session: Class initialized using 'CodeIgniter\Session\Handlers\FileHandler' driver.
INFO - 2023-09-29 20:16:30 --> Session: Class initialized using 'CodeIgniter\Session\Handlers\FileHandler' driver.
INFO - 2023-09-29 20:24:32 --> Session: Class initialized using 'CodeIgniter\Session\Handlers\FileHandler' driver.
INFO - 2023-09-29 20:25:19 --> Session: Class initialized using 'CodeIgniter\Session\Handlers\FileHandler' driver.
INFO - 2023-09-29 20:32:33 --> Session: Class initialized using 'CodeIgniter\Session\Handlers\FileHandler' driver.
INFO - 2023-09-29 20:33:07 --> Session: Class initialized using 'CodeIgniter\Session\Handlers\FileHandler' driver.
