CRITICAL - 2023-11-06 16:23:02 --> Array to string conversion
in APPPATH/Views/public/template1/categories.php on line 14.
 1 APPPATH/Views/public/template1/categories.php(14): CodeIgniter\Debug\Exceptions->errorHandler()
 2 SYSTEMPATH/View/View.php(224): include('/var/www/app.inisurabaya.id/app/Views/public/template1/categories.php')
 3 SYSTEMPATH/View/View.php(227): CodeIgniter\View\View->CodeIgniter\View\{closure}()
 4 SYSTEMPATH/Common.php(1176): CodeIgniter\View\View->render()
 5 APPPATH/Controllers/frontEnd/Home.php(86): view()
 6 SYSTEMPATH/CodeIgniter.php(932): App\Controllers\frontEnd\Home->categories()
 7 SYSTEMPATH/CodeIgniter.php(497): CodeIgniter\CodeIgniter->runController()
 8 SYSTEMPATH/CodeIgniter.php(366): CodeIgniter\CodeIgniter->handleRequest()
 9 FCPATH/index.php(67): CodeIgniter\CodeIgniter->run()
CRITICAL - 2023-11-06 16:28:27 --> Call to undefined method App\Models\Title::testCategory
in SYSTEMPATH/Model.php on line 838.
 1 APPPATH/Controllers/frontEnd/Home.php(75): CodeIgniter\Model->__call()
 2 SYSTEMPATH/CodeIgniter.php(932): App\Controllers\frontEnd\Home->categories()
 3 SYSTEMPATH/CodeIgniter.php(497): CodeIgniter\CodeIgniter->runController()
 4 SYSTEMPATH/CodeIgniter.php(366): CodeIgniter\CodeIgniter->handleRequest()
 5 FCPATH/index.php(67): CodeIgniter\CodeIgniter->run()
CRITICAL - 2023-11-06 16:28:44 --> Call to undefined method App\Models\Title::testCategory
in SYSTEMPATH/Model.php on line 838.
 1 APPPATH/Controllers/frontEnd/Home.php(75): CodeIgniter\Model->__call()
 2 SYSTEMPATH/CodeIgniter.php(932): App\Controllers\frontEnd\Home->categories()
 3 SYSTEMPATH/CodeIgniter.php(497): CodeIgniter\CodeIgniter->runController()
 4 SYSTEMPATH/CodeIgniter.php(366): CodeIgniter\CodeIgniter->handleRequest()
 5 FCPATH/index.php(67): CodeIgniter\CodeIgniter->run()
CRITICAL - 2023-11-06 16:37:01 --> Too few arguments to function App\Models\Title::getCategory(), 0 passed in /var/www/app.inisurabaya.id/app/Controllers/frontEnd/Home.php on line 74 and exactly 1 expected
in APPPATH/Models/Title.php on line 135.
 1 APPPATH/Controllers/frontEnd/Home.php(74): App\Models\Title->getCategory()
 2 SYSTEMPATH/CodeIgniter.php(932): App\Controllers\frontEnd\Home->categories()
 3 SYSTEMPATH/CodeIgniter.php(497): CodeIgniter\CodeIgniter->runController()
 4 SYSTEMPATH/CodeIgniter.php(366): CodeIgniter\CodeIgniter->handleRequest()
 5 FCPATH/index.php(67): CodeIgniter\CodeIgniter->run()
CRITICAL - 2023-11-06 16:37:25 --> Too few arguments to function App\Controllers\frontEnd\Home::categories(), 0 passed in /var/www/app.inisurabaya.id/vendor/codeigniter4/framework/system/CodeIgniter.php on line 932 and exactly 1 expected
in APPPATH/Controllers/frontEnd/Home.php on line 70.
 1 SYSTEMPATH/CodeIgniter.php(932): App\Controllers\frontEnd\Home->categories()
 2 SYSTEMPATH/CodeIgniter.php(497): CodeIgniter\CodeIgniter->runController()
 3 SYSTEMPATH/CodeIgniter.php(366): CodeIgniter\CodeIgniter->handleRequest()
 4 FCPATH/index.php(67): CodeIgniter\CodeIgniter->run()
CRITICAL - 2023-11-06 16:38:04 --> Too few arguments to function App\Controllers\frontEnd\Home::categories(), 0 passed in /var/www/app.inisurabaya.id/vendor/codeigniter4/framework/system/CodeIgniter.php on line 932 and exactly 1 expected
in APPPATH/Controllers/frontEnd/Home.php on line 70.
 1 SYSTEMPATH/CodeIgniter.php(932): App\Controllers\frontEnd\Home->categories()
 2 SYSTEMPATH/CodeIgniter.php(497): CodeIgniter\CodeIgniter->runController()
 3 SYSTEMPATH/CodeIgniter.php(366): CodeIgniter\CodeIgniter->handleRequest()
 4 FCPATH/index.php(67): CodeIgniter\CodeIgniter->run()
CRITICAL - 2023-11-06 16:50:19 --> Too few arguments to function App\Controllers\frontEnd\Home::categories(), 0 passed in /var/www/app.inisurabaya.id/vendor/codeigniter4/framework/system/CodeIgniter.php on line 932 and exactly 1 expected
in APPPATH/Controllers/frontEnd/Home.php on line 70.
 1 SYSTEMPATH/CodeIgniter.php(932): App\Controllers\frontEnd\Home->categories()
 2 SYSTEMPATH/CodeIgniter.php(497): CodeIgniter\CodeIgniter->runController()
 3 SYSTEMPATH/CodeIgniter.php(366): CodeIgniter\CodeIgniter->handleRequest()
 4 FCPATH/index.php(67): CodeIgniter\CodeIgniter->run()
CRITICAL - 2023-11-06 16:50:22 --> Too few arguments to function App\Models\Title::getCategory(), 0 passed in /var/www/app.inisurabaya.id/app/Controllers/frontEnd/Home.php on line 29 and exactly 1 expected
in APPPATH/Models/Title.php on line 135.
 1 APPPATH/Controllers/frontEnd/Home.php(29): App\Models\Title->getCategory()
 2 SYSTEMPATH/CodeIgniter.php(932): App\Controllers\frontEnd\Home->index()
 3 SYSTEMPATH/CodeIgniter.php(497): CodeIgniter\CodeIgniter->runController()
 4 SYSTEMPATH/CodeIgniter.php(366): CodeIgniter\CodeIgniter->handleRequest()
 5 FCPATH/index.php(67): CodeIgniter\CodeIgniter->run()
CRITICAL - 2023-11-06 16:50:47 --> Too few arguments to function App\Models\Title::getCategory(), 0 passed in /var/www/app.inisurabaya.id/app/Controllers/frontEnd/Home.php on line 29 and exactly 1 expected
in APPPATH/Models/Title.php on line 135.
 1 APPPATH/Controllers/frontEnd/Home.php(29): App\Models\Title->getCategory()
 2 SYSTEMPATH/CodeIgniter.php(932): App\Controllers\frontEnd\Home->index()
 3 SYSTEMPATH/CodeIgniter.php(497): CodeIgniter\CodeIgniter->runController()
 4 SYSTEMPATH/CodeIgniter.php(366): CodeIgniter\CodeIgniter->handleRequest()
 5 FCPATH/index.php(67): CodeIgniter\CodeIgniter->run()
CRITICAL - 2023-11-06 16:51:36 --> Too few arguments to function App\Models\Title::getCategory(), 0 passed in /var/www/app.inisurabaya.id/app/Controllers/frontEnd/Home.php on line 29 and exactly 1 expected
in APPPATH/Models/Title.php on line 135.
 1 APPPATH/Controllers/frontEnd/Home.php(29): App\Models\Title->getCategory()
 2 SYSTEMPATH/CodeIgniter.php(932): App\Controllers\frontEnd\Home->index()
 3 SYSTEMPATH/CodeIgniter.php(497): CodeIgniter\CodeIgniter->runController()
 4 SYSTEMPATH/CodeIgniter.php(366): CodeIgniter\CodeIgniter->handleRequest()
 5 FCPATH/index.php(67): CodeIgniter\CodeIgniter->run()
CRITICAL - 2023-11-06 16:51:39 --> Too few arguments to function App\Models\Title::getCategory(), 0 passed in /var/www/app.inisurabaya.id/app/Controllers/frontEnd/Home.php on line 29 and exactly 1 expected
in APPPATH/Models/Title.php on line 135.
 1 APPPATH/Controllers/frontEnd/Home.php(29): App\Models\Title->getCategory()
 2 SYSTEMPATH/CodeIgniter.php(932): App\Controllers\frontEnd\Home->index()
 3 SYSTEMPATH/CodeIgniter.php(497): CodeIgniter\CodeIgniter->runController()
 4 SYSTEMPATH/CodeIgniter.php(366): CodeIgniter\CodeIgniter->handleRequest()
 5 FCPATH/index.php(67): CodeIgniter\CodeIgniter->run()
CRITICAL - 2023-11-06 16:51:46 --> Too few arguments to function App\Models\Title::getCategory(), 0 passed in /var/www/app.inisurabaya.id/app/Controllers/frontEnd/Home.php on line 29 and exactly 1 expected
in APPPATH/Models/Title.php on line 135.
 1 APPPATH/Controllers/frontEnd/Home.php(29): App\Models\Title->getCategory()
 2 SYSTEMPATH/CodeIgniter.php(932): App\Controllers\frontEnd\Home->index()
 3 SYSTEMPATH/CodeIgniter.php(497): CodeIgniter\CodeIgniter->runController()
 4 SYSTEMPATH/CodeIgniter.php(366): CodeIgniter\CodeIgniter->handleRequest()
 5 FCPATH/index.php(67): CodeIgniter\CodeIgniter->run()
CRITICAL - 2023-11-06 16:51:56 --> syntax error, unexpected double-quoted string " class=", expecting "," or ";"
in APPPATH/Views/public/template1/navbar.php on line 17.
 1 SYSTEMPATH/View/View.php(227): CodeIgniter\View\View->CodeIgniter\View\{closure}()
 2 SYSTEMPATH/View/View.php(452): CodeIgniter\View\View->render()
 3 APPPATH/Views/public/template1/layout.php(19): CodeIgniter\View\View->include()
 4 SYSTEMPATH/View/View.php(224): include('/var/www/app.inisurabaya.id/app/Views/public/template1/layout.php')
 5 SYSTEMPATH/View/View.php(227): CodeIgniter\View\View->CodeIgniter\View\{closure}()
 6 SYSTEMPATH/View/View.php(240): CodeIgniter\View\View->render()
 7 SYSTEMPATH/Common.php(1176): CodeIgniter\View\View->render()
 8 APPPATH/Controllers/frontEnd/Home.php(42): view()
 9 SYSTEMPATH/CodeIgniter.php(932): App\Controllers\frontEnd\Home->index()
10 SYSTEMPATH/CodeIgniter.php(497): CodeIgniter\CodeIgniter->runController()
11 SYSTEMPATH/CodeIgniter.php(366): CodeIgniter\CodeIgniter->handleRequest()
12 FCPATH/index.php(67): CodeIgniter\CodeIgniter->run()
CRITICAL - 2023-11-06 16:59:19 --> Too few arguments to function App\Controllers\frontEnd\Home::categories(), 0 passed in /var/www/app.inisurabaya.id/vendor/codeigniter4/framework/system/CodeIgniter.php on line 932 and exactly 1 expected
in APPPATH/Controllers/frontEnd/Home.php on line 70.
 1 SYSTEMPATH/CodeIgniter.php(932): App\Controllers\frontEnd\Home->categories()
 2 SYSTEMPATH/CodeIgniter.php(497): CodeIgniter\CodeIgniter->runController()
 3 SYSTEMPATH/CodeIgniter.php(366): CodeIgniter\CodeIgniter->handleRequest()
 4 FCPATH/index.php(67): CodeIgniter\CodeIgniter->run()
CRITICAL - 2023-11-06 16:59:32 --> Too few arguments to function App\Controllers\frontEnd\Home::categories(), 0 passed in /var/www/app.inisurabaya.id/vendor/codeigniter4/framework/system/CodeIgniter.php on line 932 and exactly 1 expected
in APPPATH/Controllers/frontEnd/Home.php on line 70.
 1 SYSTEMPATH/CodeIgniter.php(932): App\Controllers\frontEnd\Home->categories()
 2 SYSTEMPATH/CodeIgniter.php(497): CodeIgniter\CodeIgniter->runController()
 3 SYSTEMPATH/CodeIgniter.php(366): CodeIgniter\CodeIgniter->handleRequest()
 4 FCPATH/index.php(67): CodeIgniter\CodeIgniter->run()
CRITICAL - 2023-11-06 16:59:40 --> Too few arguments to function App\Controllers\frontEnd\Home::categories(), 0 passed in /var/www/app.inisurabaya.id/vendor/codeigniter4/framework/system/CodeIgniter.php on line 932 and exactly 1 expected
in APPPATH/Controllers/frontEnd/Home.php on line 70.
 1 SYSTEMPATH/CodeIgniter.php(932): App\Controllers\frontEnd\Home->categories()
 2 SYSTEMPATH/CodeIgniter.php(497): CodeIgniter\CodeIgniter->runController()
 3 SYSTEMPATH/CodeIgniter.php(366): CodeIgniter\CodeIgniter->handleRequest()
 4 FCPATH/index.php(67): CodeIgniter\CodeIgniter->run()
CRITICAL - 2023-11-06 17:00:18 --> Too few arguments to function App\Controllers\frontEnd\Home::categories(), 0 passed in /var/www/app.inisurabaya.id/vendor/codeigniter4/framework/system/CodeIgniter.php on line 932 and exactly 1 expected
in APPPATH/Controllers/frontEnd/Home.php on line 70.
 1 SYSTEMPATH/CodeIgniter.php(932): App\Controllers\frontEnd\Home->categories()
 2 SYSTEMPATH/CodeIgniter.php(497): CodeIgniter\CodeIgniter->runController()
 3 SYSTEMPATH/CodeIgniter.php(366): CodeIgniter\CodeIgniter->handleRequest()
 4 FCPATH/index.php(67): CodeIgniter\CodeIgniter->run()
CRITICAL - 2023-11-06 17:00:25 --> Undefined variable $nama_kategori
in APPPATH/Controllers/frontEnd/Home.php on line 75.
 1 APPPATH/Controllers/frontEnd/Home.php(75): CodeIgniter\Debug\Exceptions->errorHandler()
 2 SYSTEMPATH/CodeIgniter.php(932): App\Controllers\frontEnd\Home->categories()
 3 SYSTEMPATH/CodeIgniter.php(497): CodeIgniter\CodeIgniter->runController()
 4 SYSTEMPATH/CodeIgniter.php(366): CodeIgniter\CodeIgniter->handleRequest()
 5 FCPATH/index.php(67): CodeIgniter\CodeIgniter->run()
CRITICAL - 2023-11-06 17:04:06 --> Too few arguments to function App\Controllers\frontEnd\Home::categories(), 0 passed in /var/www/app.inisurabaya.id/vendor/codeigniter4/framework/system/CodeIgniter.php on line 932 and exactly 1 expected
in APPPATH/Controllers/frontEnd/Home.php on line 70.
 1 SYSTEMPATH/CodeIgniter.php(932): App\Controllers\frontEnd\Home->categories()
 2 SYSTEMPATH/CodeIgniter.php(497): CodeIgniter\CodeIgniter->runController()
 3 SYSTEMPATH/CodeIgniter.php(366): CodeIgniter\CodeIgniter->handleRequest()
 4 FCPATH/index.php(67): CodeIgniter\CodeIgniter->run()
CRITICAL - 2023-11-06 17:04:18 --> Too few arguments to function App\Controllers\frontEnd\Home::categories(), 0 passed in /var/www/app.inisurabaya.id/vendor/codeigniter4/framework/system/CodeIgniter.php on line 932 and exactly 1 expected
in APPPATH/Controllers/frontEnd/Home.php on line 70.
 1 SYSTEMPATH/CodeIgniter.php(932): App\Controllers\frontEnd\Home->categories()
 2 SYSTEMPATH/CodeIgniter.php(497): CodeIgniter\CodeIgniter->runController()
 3 SYSTEMPATH/CodeIgniter.php(366): CodeIgniter\CodeIgniter->handleRequest()
 4 FCPATH/index.php(67): CodeIgniter\CodeIgniter->run()
CRITICAL - 2023-11-06 17:04:41 --> Too few arguments to function App\Controllers\frontEnd\Home::categories(), 0 passed in /var/www/app.inisurabaya.id/vendor/codeigniter4/framework/system/CodeIgniter.php on line 932 and exactly 1 expected
in APPPATH/Controllers/frontEnd/Home.php on line 70.
 1 SYSTEMPATH/CodeIgniter.php(932): App\Controllers\frontEnd\Home->categories()
 2 SYSTEMPATH/CodeIgniter.php(497): CodeIgniter\CodeIgniter->runController()
 3 SYSTEMPATH/CodeIgniter.php(366): CodeIgniter\CodeIgniter->handleRequest()
 4 FCPATH/index.php(67): CodeIgniter\CodeIgniter->run()
CRITICAL - 2023-11-06 17:06:26 --> Missing argument for "(.*)" in route "categories/(.*)".
in SYSTEMPATH/Router/RouteCollection.php on line 1245.
 1 SYSTEMPATH/Router/RouteCollection.php(1061): CodeIgniter\Router\RouteCollection->buildReverseRoute()
 2 SYSTEMPATH/Common.php(966): CodeIgniter\Router\RouteCollection->reverseRoute()
 3 SYSTEMPATH/Helpers/url_helper.php(592): route_to()
 4 APPPATH/Views/public/template1/navbar.php(17): url_to()
 5 SYSTEMPATH/View/View.php(224): include('/var/www/app.inisurabaya.id/app/Views/public/template1/navbar.php')
 6 SYSTEMPATH/View/View.php(227): CodeIgniter\View\View->CodeIgniter\View\{closure}()
 7 SYSTEMPATH/View/View.php(452): CodeIgniter\View\View->render()
 8 APPPATH/Views/public/template1/layout.php(19): CodeIgniter\View\View->include()
 9 SYSTEMPATH/View/View.php(224): include('/var/www/app.inisurabaya.id/app/Views/public/template1/layout.php')
10 SYSTEMPATH/View/View.php(227): CodeIgniter\View\View->CodeIgniter\View\{closure}()
11 SYSTEMPATH/View/View.php(240): CodeIgniter\View\View->render()
12 SYSTEMPATH/Common.php(1176): CodeIgniter\View\View->render()
13 APPPATH/Controllers/frontEnd/Home.php(89): view()
14 SYSTEMPATH/CodeIgniter.php(932): App\Controllers\frontEnd\Home->categories()
15 SYSTEMPATH/CodeIgniter.php(497): CodeIgniter\CodeIgniter->runController()
16 SYSTEMPATH/CodeIgniter.php(366): CodeIgniter\CodeIgniter->handleRequest()
17 FCPATH/index.php(67): CodeIgniter\CodeIgniter->run()
CRITICAL - 2023-11-06 17:06:39 --> Missing argument for "(.*)" in route "categories/(.*)".
in SYSTEMPATH/Router/RouteCollection.php on line 1245.
 1 SYSTEMPATH/Router/RouteCollection.php(1061): CodeIgniter\Router\RouteCollection->buildReverseRoute()
 2 SYSTEMPATH/Common.php(966): CodeIgniter\Router\RouteCollection->reverseRoute()
 3 SYSTEMPATH/Helpers/url_helper.php(592): route_to()
 4 APPPATH/Views/public/template1/navbar.php(17): url_to()
 5 SYSTEMPATH/View/View.php(224): include('/var/www/app.inisurabaya.id/app/Views/public/template1/navbar.php')
 6 SYSTEMPATH/View/View.php(227): CodeIgniter\View\View->CodeIgniter\View\{closure}()
 7 SYSTEMPATH/View/View.php(452): CodeIgniter\View\View->render()
 8 APPPATH/Views/public/template1/layout.php(19): CodeIgniter\View\View->include()
 9 SYSTEMPATH/View/View.php(224): include('/var/www/app.inisurabaya.id/app/Views/public/template1/layout.php')
10 SYSTEMPATH/View/View.php(227): CodeIgniter\View\View->CodeIgniter\View\{closure}()
11 SYSTEMPATH/View/View.php(240): CodeIgniter\View\View->render()
12 SYSTEMPATH/Common.php(1176): CodeIgniter\View\View->render()
13 APPPATH/Controllers/frontEnd/Home.php(89): view()
14 SYSTEMPATH/CodeIgniter.php(932): App\Controllers\frontEnd\Home->categories()
15 SYSTEMPATH/CodeIgniter.php(497): CodeIgniter\CodeIgniter->runController()
16 SYSTEMPATH/CodeIgniter.php(366): CodeIgniter\CodeIgniter->handleRequest()
17 FCPATH/index.php(67): CodeIgniter\CodeIgniter->run()
CRITICAL - 2023-11-06 17:06:44 --> Missing argument for "(.*)" in route "categories/(.*)".
in SYSTEMPATH/Router/RouteCollection.php on line 1245.
 1 SYSTEMPATH/Router/RouteCollection.php(1061): CodeIgniter\Router\RouteCollection->buildReverseRoute()
 2 SYSTEMPATH/Common.php(966): CodeIgniter\Router\RouteCollection->reverseRoute()
 3 SYSTEMPATH/Helpers/url_helper.php(592): route_to()
 4 APPPATH/Views/public/template1/navbar.php(17): url_to()
 5 SYSTEMPATH/View/View.php(224): include('/var/www/app.inisurabaya.id/app/Views/public/template1/navbar.php')
 6 SYSTEMPATH/View/View.php(227): CodeIgniter\View\View->CodeIgniter\View\{closure}()
 7 SYSTEMPATH/View/View.php(452): CodeIgniter\View\View->render()
 8 APPPATH/Views/public/template1/layout.php(19): CodeIgniter\View\View->include()
 9 SYSTEMPATH/View/View.php(224): include('/var/www/app.inisurabaya.id/app/Views/public/template1/layout.php')
10 SYSTEMPATH/View/View.php(227): CodeIgniter\View\View->CodeIgniter\View\{closure}()
11 SYSTEMPATH/View/View.php(240): CodeIgniter\View\View->render()
12 SYSTEMPATH/Common.php(1176): CodeIgniter\View\View->render()
13 APPPATH/Controllers/frontEnd/Home.php(42): view()
14 SYSTEMPATH/CodeIgniter.php(932): App\Controllers\frontEnd\Home->index()
15 SYSTEMPATH/CodeIgniter.php(497): CodeIgniter\CodeIgniter->runController()
16 SYSTEMPATH/CodeIgniter.php(366): CodeIgniter\CodeIgniter->handleRequest()
17 FCPATH/index.php(67): CodeIgniter\CodeIgniter->run()
CRITICAL - 2023-11-06 17:06:52 --> The route for "read.categories*" cannot be found.
in SYSTEMPATH/Helpers/url_helper.php on line 599.
 1 SYSTEMPATH/Helpers/url_helper.php(599): CodeIgniter\Router\Exceptions\RouterException::forInvalidRoute()
 2 APPPATH/Views/public/template1/navbar.php(17): url_to()
 3 SYSTEMPATH/View/View.php(224): include('/var/www/app.inisurabaya.id/app/Views/public/template1/navbar.php')
 4 SYSTEMPATH/View/View.php(227): CodeIgniter\View\View->CodeIgniter\View\{closure}()
 5 SYSTEMPATH/View/View.php(452): CodeIgniter\View\View->render()
 6 APPPATH/Views/public/template1/layout.php(19): CodeIgniter\View\View->include()
 7 SYSTEMPATH/View/View.php(224): include('/var/www/app.inisurabaya.id/app/Views/public/template1/layout.php')
 8 SYSTEMPATH/View/View.php(227): CodeIgniter\View\View->CodeIgniter\View\{closure}()
 9 SYSTEMPATH/View/View.php(240): CodeIgniter\View\View->render()
10 SYSTEMPATH/Common.php(1176): CodeIgniter\View\View->render()
11 APPPATH/Controllers/frontEnd/Home.php(42): view()
12 SYSTEMPATH/CodeIgniter.php(932): App\Controllers\frontEnd\Home->index()
13 SYSTEMPATH/CodeIgniter.php(497): CodeIgniter\CodeIgniter->runController()
14 SYSTEMPATH/CodeIgniter.php(366): CodeIgniter\CodeIgniter->handleRequest()
15 FCPATH/index.php(67): CodeIgniter\CodeIgniter->run()
CRITICAL - 2023-11-06 17:06:57 --> The route for "*read.categories" cannot be found.
in SYSTEMPATH/Helpers/url_helper.php on line 599.
 1 SYSTEMPATH/Helpers/url_helper.php(599): CodeIgniter\Router\Exceptions\RouterException::forInvalidRoute()
 2 APPPATH/Views/public/template1/navbar.php(17): url_to()
 3 SYSTEMPATH/View/View.php(224): include('/var/www/app.inisurabaya.id/app/Views/public/template1/navbar.php')
 4 SYSTEMPATH/View/View.php(227): CodeIgniter\View\View->CodeIgniter\View\{closure}()
 5 SYSTEMPATH/View/View.php(452): CodeIgniter\View\View->render()
 6 APPPATH/Views/public/template1/layout.php(19): CodeIgniter\View\View->include()
 7 SYSTEMPATH/View/View.php(224): include('/var/www/app.inisurabaya.id/app/Views/public/template1/layout.php')
 8 SYSTEMPATH/View/View.php(227): CodeIgniter\View\View->CodeIgniter\View\{closure}()
 9 SYSTEMPATH/View/View.php(240): CodeIgniter\View\View->render()
10 SYSTEMPATH/Common.php(1176): CodeIgniter\View\View->render()
11 APPPATH/Controllers/frontEnd/Home.php(42): view()
12 SYSTEMPATH/CodeIgniter.php(932): App\Controllers\frontEnd\Home->index()
13 SYSTEMPATH/CodeIgniter.php(497): CodeIgniter\CodeIgniter->runController()
14 SYSTEMPATH/CodeIgniter.php(366): CodeIgniter\CodeIgniter->handleRequest()
15 FCPATH/index.php(67): CodeIgniter\CodeIgniter->run()
CRITICAL - 2023-11-06 17:08:08 --> Missing argument for "(.*)" in route "categories/(.*)".
in SYSTEMPATH/Router/RouteCollection.php on line 1245.
 1 SYSTEMPATH/Router/RouteCollection.php(1061): CodeIgniter\Router\RouteCollection->buildReverseRoute()
 2 SYSTEMPATH/Common.php(966): CodeIgniter\Router\RouteCollection->reverseRoute()
 3 SYSTEMPATH/Helpers/url_helper.php(592): route_to()
 4 APPPATH/Views/public/template1/navbar.php(17): url_to()
 5 SYSTEMPATH/View/View.php(224): include('/var/www/app.inisurabaya.id/app/Views/public/template1/navbar.php')
 6 SYSTEMPATH/View/View.php(227): CodeIgniter\View\View->CodeIgniter\View\{closure}()
 7 SYSTEMPATH/View/View.php(452): CodeIgniter\View\View->render()
 8 APPPATH/Views/public/template1/layout.php(19): CodeIgniter\View\View->include()
 9 SYSTEMPATH/View/View.php(224): include('/var/www/app.inisurabaya.id/app/Views/public/template1/layout.php')
10 SYSTEMPATH/View/View.php(227): CodeIgniter\View\View->CodeIgniter\View\{closure}()
11 SYSTEMPATH/View/View.php(240): CodeIgniter\View\View->render()
12 SYSTEMPATH/Common.php(1176): CodeIgniter\View\View->render()
13 APPPATH/Controllers/frontEnd/Home.php(42): view()
14 SYSTEMPATH/CodeIgniter.php(932): App\Controllers\frontEnd\Home->index()
15 SYSTEMPATH/CodeIgniter.php(497): CodeIgniter\CodeIgniter->runController()
16 SYSTEMPATH/CodeIgniter.php(366): CodeIgniter\CodeIgniter->handleRequest()
17 FCPATH/index.php(67): CodeIgniter\CodeIgniter->run()
CRITICAL - 2023-11-06 17:08:12 --> Call to undefined function site_ul()
in APPPATH/Views/public/template1/navbar.php on line 17.
 1 SYSTEMPATH/View/View.php(224): include()
 2 SYSTEMPATH/View/View.php(227): CodeIgniter\View\View->CodeIgniter\View\{closure}()
 3 SYSTEMPATH/View/View.php(452): CodeIgniter\View\View->render()
 4 APPPATH/Views/public/template1/layout.php(19): CodeIgniter\View\View->include()
 5 SYSTEMPATH/View/View.php(224): include('/var/www/app.inisurabaya.id/app/Views/public/template1/layout.php')
 6 SYSTEMPATH/View/View.php(227): CodeIgniter\View\View->CodeIgniter\View\{closure}()
 7 SYSTEMPATH/View/View.php(240): CodeIgniter\View\View->render()
 8 SYSTEMPATH/Common.php(1176): CodeIgniter\View\View->render()
 9 APPPATH/Controllers/frontEnd/Home.php(42): view()
10 SYSTEMPATH/CodeIgniter.php(932): App\Controllers\frontEnd\Home->index()
11 SYSTEMPATH/CodeIgniter.php(497): CodeIgniter\CodeIgniter->runController()
12 SYSTEMPATH/CodeIgniter.php(366): CodeIgniter\CodeIgniter->handleRequest()
13 FCPATH/index.php(67): CodeIgniter\CodeIgniter->run()
CRITICAL - 2023-11-06 17:08:40 --> Missing argument for "(.*)" in route "categories/(.*)".
in SYSTEMPATH/Router/RouteCollection.php on line 1245.
 1 SYSTEMPATH/Router/RouteCollection.php(1061): CodeIgniter\Router\RouteCollection->buildReverseRoute()
 2 SYSTEMPATH/Common.php(966): CodeIgniter\Router\RouteCollection->reverseRoute()
 3 SYSTEMPATH/Helpers/url_helper.php(592): route_to()
 4 APPPATH/Views/public/template1/navbar.php(17): url_to()
 5 SYSTEMPATH/View/View.php(224): include('/var/www/app.inisurabaya.id/app/Views/public/template1/navbar.php')
 6 SYSTEMPATH/View/View.php(227): CodeIgniter\View\View->CodeIgniter\View\{closure}()
 7 SYSTEMPATH/View/View.php(452): CodeIgniter\View\View->render()
 8 APPPATH/Views/public/template1/layout.php(19): CodeIgniter\View\View->include()
 9 SYSTEMPATH/View/View.php(224): include('/var/www/app.inisurabaya.id/app/Views/public/template1/layout.php')
10 SYSTEMPATH/View/View.php(227): CodeIgniter\View\View->CodeIgniter\View\{closure}()
11 SYSTEMPATH/View/View.php(240): CodeIgniter\View\View->render()
12 SYSTEMPATH/Common.php(1176): CodeIgniter\View\View->render()
13 APPPATH/Controllers/frontEnd/Home.php(42): view()
14 SYSTEMPATH/CodeIgniter.php(932): App\Controllers\frontEnd\Home->index()
15 SYSTEMPATH/CodeIgniter.php(497): CodeIgniter\CodeIgniter->runController()
16 SYSTEMPATH/CodeIgniter.php(366): CodeIgniter\CodeIgniter->handleRequest()
17 FCPATH/index.php(67): CodeIgniter\CodeIgniter->run()
CRITICAL - 2023-11-06 17:09:57 --> Controller or its method is not found: frontEnd\Home::categories/$1
in SYSTEMPATH/Helpers/url_helper.php on line 596.
 1 SYSTEMPATH/Helpers/url_helper.php(596): CodeIgniter\Router\Exceptions\RouterException::forControllerNotFound()
 2 APPPATH/Views/public/template1/navbar.php(17): url_to()
 3 SYSTEMPATH/View/View.php(224): include('/var/www/app.inisurabaya.id/app/Views/public/template1/navbar.php')
 4 SYSTEMPATH/View/View.php(227): CodeIgniter\View\View->CodeIgniter\View\{closure}()
 5 SYSTEMPATH/View/View.php(452): CodeIgniter\View\View->render()
 6 APPPATH/Views/public/template1/layout.php(19): CodeIgniter\View\View->include()
 7 SYSTEMPATH/View/View.php(224): include('/var/www/app.inisurabaya.id/app/Views/public/template1/layout.php')
 8 SYSTEMPATH/View/View.php(227): CodeIgniter\View\View->CodeIgniter\View\{closure}()
 9 SYSTEMPATH/View/View.php(240): CodeIgniter\View\View->render()
10 SYSTEMPATH/Common.php(1176): CodeIgniter\View\View->render()
11 APPPATH/Controllers/frontEnd/Home.php(42): view()
12 SYSTEMPATH/CodeIgniter.php(932): App\Controllers\frontEnd\Home->index()
13 SYSTEMPATH/CodeIgniter.php(497): CodeIgniter\CodeIgniter->runController()
14 SYSTEMPATH/CodeIgniter.php(366): CodeIgniter\CodeIgniter->handleRequest()
15 FCPATH/index.php(67): CodeIgniter\CodeIgniter->run()
CRITICAL - 2023-11-06 17:10:22 --> Missing argument for "(.*)" in route "categories/(.*)".
in SYSTEMPATH/Router/RouteCollection.php on line 1245.
 1 SYSTEMPATH/Router/RouteCollection.php(1061): CodeIgniter\Router\RouteCollection->buildReverseRoute()
 2 SYSTEMPATH/Common.php(966): CodeIgniter\Router\RouteCollection->reverseRoute()
 3 SYSTEMPATH/Helpers/url_helper.php(592): route_to()
 4 APPPATH/Views/public/template1/navbar.php(17): url_to()
 5 SYSTEMPATH/View/View.php(224): include('/var/www/app.inisurabaya.id/app/Views/public/template1/navbar.php')
 6 SYSTEMPATH/View/View.php(227): CodeIgniter\View\View->CodeIgniter\View\{closure}()
 7 SYSTEMPATH/View/View.php(452): CodeIgniter\View\View->render()
 8 APPPATH/Views/public/template1/layout.php(19): CodeIgniter\View\View->include()
 9 SYSTEMPATH/View/View.php(224): include('/var/www/app.inisurabaya.id/app/Views/public/template1/layout.php')
10 SYSTEMPATH/View/View.php(227): CodeIgniter\View\View->CodeIgniter\View\{closure}()
11 SYSTEMPATH/View/View.php(240): CodeIgniter\View\View->render()
12 SYSTEMPATH/Common.php(1176): CodeIgniter\View\View->render()
13 APPPATH/Controllers/frontEnd/Home.php(42): view()
14 SYSTEMPATH/CodeIgniter.php(932): App\Controllers\frontEnd\Home->index()
15 SYSTEMPATH/CodeIgniter.php(497): CodeIgniter\CodeIgniter->runController()
16 SYSTEMPATH/CodeIgniter.php(366): CodeIgniter\CodeIgniter->handleRequest()
17 FCPATH/index.php(67): CodeIgniter\CodeIgniter->run()
CRITICAL - 2023-11-06 17:10:25 --> Missing argument for "(.*)" in route "categories/(.*)".
in SYSTEMPATH/Router/RouteCollection.php on line 1245.
 1 SYSTEMPATH/Router/RouteCollection.php(1061): CodeIgniter\Router\RouteCollection->buildReverseRoute()
 2 SYSTEMPATH/Common.php(966): CodeIgniter\Router\RouteCollection->reverseRoute()
 3 SYSTEMPATH/Helpers/url_helper.php(592): route_to()
 4 APPPATH/Views/public/template1/navbar.php(17): url_to()
 5 SYSTEMPATH/View/View.php(224): include('/var/www/app.inisurabaya.id/app/Views/public/template1/navbar.php')
 6 SYSTEMPATH/View/View.php(227): CodeIgniter\View\View->CodeIgniter\View\{closure}()
 7 SYSTEMPATH/View/View.php(452): CodeIgniter\View\View->render()
 8 APPPATH/Views/public/template1/layout.php(19): CodeIgniter\View\View->include()
 9 SYSTEMPATH/View/View.php(224): include('/var/www/app.inisurabaya.id/app/Views/public/template1/layout.php')
10 SYSTEMPATH/View/View.php(227): CodeIgniter\View\View->CodeIgniter\View\{closure}()
11 SYSTEMPATH/View/View.php(240): CodeIgniter\View\View->render()
12 SYSTEMPATH/Common.php(1176): CodeIgniter\View\View->render()
13 APPPATH/Controllers/frontEnd/Home.php(42): view()
14 SYSTEMPATH/CodeIgniter.php(932): App\Controllers\frontEnd\Home->index()
15 SYSTEMPATH/CodeIgniter.php(497): CodeIgniter\CodeIgniter->runController()
16 SYSTEMPATH/CodeIgniter.php(366): CodeIgniter\CodeIgniter->handleRequest()
17 FCPATH/index.php(67): CodeIgniter\CodeIgniter->run()
CRITICAL - 2023-11-06 17:10:44 --> Undefined constant "read"
in APPPATH/Views/public/template1/navbar.php on line 17.
 1 SYSTEMPATH/View/View.php(224): include()
 2 SYSTEMPATH/View/View.php(227): CodeIgniter\View\View->CodeIgniter\View\{closure}()
 3 SYSTEMPATH/View/View.php(452): CodeIgniter\View\View->render()
 4 APPPATH/Views/public/template1/layout.php(19): CodeIgniter\View\View->include()
 5 SYSTEMPATH/View/View.php(224): include('/var/www/app.inisurabaya.id/app/Views/public/template1/layout.php')
 6 SYSTEMPATH/View/View.php(227): CodeIgniter\View\View->CodeIgniter\View\{closure}()
 7 SYSTEMPATH/View/View.php(240): CodeIgniter\View\View->render()
 8 SYSTEMPATH/Common.php(1176): CodeIgniter\View\View->render()
 9 APPPATH/Controllers/frontEnd/Home.php(42): view()
10 SYSTEMPATH/CodeIgniter.php(932): App\Controllers\frontEnd\Home->index()
11 SYSTEMPATH/CodeIgniter.php(497): CodeIgniter\CodeIgniter->runController()
12 SYSTEMPATH/CodeIgniter.php(366): CodeIgniter\CodeIgniter->handleRequest()
13 FCPATH/index.php(67): CodeIgniter\CodeIgniter->run()
CRITICAL - 2023-11-06 17:32:23 --> Undefined variable $test_category
in APPPATH/Views/public/template1/categories.php on line 16.
 1 APPPATH/Views/public/template1/categories.php(16): CodeIgniter\Debug\Exceptions->errorHandler()
 2 SYSTEMPATH/View/View.php(224): include('/var/www/app.inisurabaya.id/app/Views/public/template1/categories.php')
 3 SYSTEMPATH/View/View.php(227): CodeIgniter\View\View->CodeIgniter\View\{closure}()
 4 SYSTEMPATH/Common.php(1176): CodeIgniter\View\View->render()
 5 APPPATH/Controllers/frontEnd/Home.php(88): view()
 6 SYSTEMPATH/CodeIgniter.php(932): App\Controllers\frontEnd\Home->categories()
 7 SYSTEMPATH/CodeIgniter.php(497): CodeIgniter\CodeIgniter->runController()
 8 SYSTEMPATH/CodeIgniter.php(366): CodeIgniter\CodeIgniter->handleRequest()
 9 FCPATH/index.php(67): CodeIgniter\CodeIgniter->run()
CRITICAL - 2023-11-06 17:32:30 --> Call to undefined method App\Models\Title::testCategory
in SYSTEMPATH/Model.php on line 838.
 1 APPPATH/Controllers/frontEnd/Home.php(76): CodeIgniter\Model->__call()
 2 SYSTEMPATH/CodeIgniter.php(932): App\Controllers\frontEnd\Home->categories()
 3 SYSTEMPATH/CodeIgniter.php(497): CodeIgniter\CodeIgniter->runController()
 4 SYSTEMPATH/CodeIgniter.php(366): CodeIgniter\CodeIgniter->handleRequest()
 5 FCPATH/index.php(67): CodeIgniter\CodeIgniter->run()
CRITICAL - 2023-11-06 17:47:07 --> Undefined variable $judul_grouped_by_category
in APPPATH/Views/public/template1/home.php on line 51.
 1 APPPATH/Views/public/template1/home.php(51): CodeIgniter\Debug\Exceptions->errorHandler()
 2 SYSTEMPATH/View/View.php(224): include('/var/www/app.inisurabaya.id/app/Views/public/template1/home.php')
 3 SYSTEMPATH/View/View.php(227): CodeIgniter\View\View->CodeIgniter\View\{closure}()
 4 SYSTEMPATH/Common.php(1176): CodeIgniter\View\View->render()
 5 APPPATH/Controllers/frontEnd/Home.php(42): view()
 6 SYSTEMPATH/CodeIgniter.php(932): App\Controllers\frontEnd\Home->index()
 7 SYSTEMPATH/CodeIgniter.php(497): CodeIgniter\CodeIgniter->runController()
 8 SYSTEMPATH/CodeIgniter.php(366): CodeIgniter\CodeIgniter->handleRequest()
 9 FCPATH/index.php(67): CodeIgniter\CodeIgniter->run()
CRITICAL - 2023-11-06 17:48:51 --> Call to undefined method App\Models\Title::getJudulByKategori
in SYSTEMPATH/Model.php on line 838.
 1 APPPATH/Controllers/frontEnd/Home.php(30): CodeIgniter\Model->__call()
 2 SYSTEMPATH/CodeIgniter.php(932): App\Controllers\frontEnd\Home->index()
 3 SYSTEMPATH/CodeIgniter.php(497): CodeIgniter\CodeIgniter->runController()
 4 SYSTEMPATH/CodeIgniter.php(366): CodeIgniter\CodeIgniter->handleRequest()
 5 FCPATH/index.php(67): CodeIgniter\CodeIgniter->run()
CRITICAL - 2023-11-06 17:48:52 --> Call to undefined method App\Models\Title::getJudulByKategori
in SYSTEMPATH/Model.php on line 838.
 1 APPPATH/Controllers/frontEnd/Home.php(30): CodeIgniter\Model->__call()
 2 SYSTEMPATH/CodeIgniter.php(932): App\Controllers\frontEnd\Home->index()
 3 SYSTEMPATH/CodeIgniter.php(497): CodeIgniter\CodeIgniter->runController()
 4 SYSTEMPATH/CodeIgniter.php(366): CodeIgniter\CodeIgniter->handleRequest()
 5 FCPATH/index.php(67): CodeIgniter\CodeIgniter->run()
CRITICAL - 2023-11-06 17:48:53 --> Call to undefined method App\Models\Title::getJudulByKategori
in SYSTEMPATH/Model.php on line 838.
 1 APPPATH/Controllers/frontEnd/Home.php(30): CodeIgniter\Model->__call()
 2 SYSTEMPATH/CodeIgniter.php(932): App\Controllers\frontEnd\Home->index()
 3 SYSTEMPATH/CodeIgniter.php(497): CodeIgniter\CodeIgniter->runController()
 4 SYSTEMPATH/CodeIgniter.php(366): CodeIgniter\CodeIgniter->handleRequest()
 5 FCPATH/index.php(67): CodeIgniter\CodeIgniter->run()
CRITICAL - 2023-11-06 17:49:45 --> Call to undefined method App\Models\Title::getJudulByKategori
in SYSTEMPATH/Model.php on line 838.
 1 APPPATH/Controllers/frontEnd/Home.php(30): CodeIgniter\Model->__call()
 2 SYSTEMPATH/CodeIgniter.php(932): App\Controllers\frontEnd\Home->index()
 3 SYSTEMPATH/CodeIgniter.php(497): CodeIgniter\CodeIgniter->runController()
 4 SYSTEMPATH/CodeIgniter.php(366): CodeIgniter\CodeIgniter->handleRequest()
 5 FCPATH/index.php(67): CodeIgniter\CodeIgniter->run()
CRITICAL - 2023-11-06 17:53:17 --> Too few arguments to function App\Controllers\frontEnd\Home::categories(), 0 passed in /var/www/app.inisurabaya.id/vendor/codeigniter4/framework/system/CodeIgniter.php on line 932 and exactly 1 expected
in APPPATH/Controllers/frontEnd/Home.php on line 70.
 1 SYSTEMPATH/CodeIgniter.php(932): App\Controllers\frontEnd\Home->categories()
 2 SYSTEMPATH/CodeIgniter.php(497): CodeIgniter\CodeIgniter->runController()
 3 SYSTEMPATH/CodeIgniter.php(366): CodeIgniter\CodeIgniter->handleRequest()
 4 FCPATH/index.php(67): CodeIgniter\CodeIgniter->run()
CRITICAL - 2023-11-06 17:53:26 --> Too few arguments to function App\Controllers\frontEnd\Home::categories(), 0 passed in /var/www/app.inisurabaya.id/vendor/codeigniter4/framework/system/CodeIgniter.php on line 932 and exactly 1 expected
in APPPATH/Controllers/frontEnd/Home.php on line 70.
 1 SYSTEMPATH/CodeIgniter.php(932): App\Controllers\frontEnd\Home->categories()
 2 SYSTEMPATH/CodeIgniter.php(497): CodeIgniter\CodeIgniter->runController()
 3 SYSTEMPATH/CodeIgniter.php(366): CodeIgniter\CodeIgniter->handleRequest()
 4 FCPATH/index.php(67): CodeIgniter\CodeIgniter->run()
CRITICAL - 2023-11-06 17:54:39 --> Undefined variable $article
in APPPATH/Views/public/template1/categories.php on line 20.
 1 APPPATH/Views/public/template1/categories.php(20): CodeIgniter\Debug\Exceptions->errorHandler()
 2 SYSTEMPATH/View/View.php(224): include('/var/www/app.inisurabaya.id/app/Views/public/template1/categories.php')
 3 SYSTEMPATH/View/View.php(227): CodeIgniter\View\View->CodeIgniter\View\{closure}()
 4 SYSTEMPATH/Common.php(1176): CodeIgniter\View\View->render()
 5 APPPATH/Controllers/frontEnd/Home.php(88): view()
 6 SYSTEMPATH/CodeIgniter.php(932): App\Controllers\frontEnd\Home->categories()
 7 SYSTEMPATH/CodeIgniter.php(497): CodeIgniter\CodeIgniter->runController()
 8 SYSTEMPATH/CodeIgniter.php(366): CodeIgniter\CodeIgniter->handleRequest()
 9 FCPATH/index.php(67): CodeIgniter\CodeIgniter->run()
CRITICAL - 2023-11-06 20:12:07 --> Too few arguments to function App\Controllers\frontEnd\Home::categories(), 0 passed in /var/www/app.inisurabaya.id/vendor/codeigniter4/framework/system/CodeIgniter.php on line 932 and exactly 1 expected
in APPPATH/Controllers/frontEnd/Home.php on line 70.
 1 SYSTEMPATH/CodeIgniter.php(932): App\Controllers\frontEnd\Home->categories()
 2 SYSTEMPATH/CodeIgniter.php(497): CodeIgniter\CodeIgniter->runController()
 3 SYSTEMPATH/CodeIgniter.php(366): CodeIgniter\CodeIgniter->handleRequest()
 4 FCPATH/index.php(67): CodeIgniter\CodeIgniter->run()
