INFO - 2023-10-03 08:31:13 --> Session: Class initialized using 'CodeIgniter\Session\Handlers\FileHandler' driver.
INFO - 2023-10-03 08:31:43 --> Session: Class initialized using 'CodeIgniter\Session\Handlers\FileHandler' driver.
INFO - 2023-10-03 08:32:03 --> Session: Class initialized using 'CodeIgniter\Session\Handlers\FileHandler' driver.
INFO - 2023-10-03 08:32:24 --> Session: Class initialized using 'CodeIgniter\Session\Handlers\FileHandler' driver.
INFO - 2023-10-03 08:53:14 --> Session: Class initialized using 'CodeIgniter\Session\Handlers\FileHandler' driver.
INFO - 2023-10-03 08:54:36 --> Session: Class initialized using 'CodeIgniter\Session\Handlers\FileHandler' driver.
INFO - 2023-10-03 08:55:20 --> Session: Class initialized using 'CodeIgniter\Session\Handlers\FileHandler' driver.
INFO - 2023-10-03 08:56:02 --> Session: Class initialized using 'CodeIgniter\Session\Handlers\FileHandler' driver.
INFO - 2023-10-03 08:57:14 --> Session: Class initialized using 'CodeIgniter\Session\Handlers\FileHandler' driver.
INFO - 2023-10-03 08:57:39 --> Session: Class initialized using 'CodeIgniter\Session\Handlers\FileHandler' driver.
INFO - 2023-10-03 08:58:04 --> Session: Class initialized using 'CodeIgniter\Session\Handlers\FileHandler' driver.
INFO - 2023-10-03 08:58:15 --> Session: Class initialized using 'CodeIgniter\Session\Handlers\FileHandler' driver.
INFO - 2023-10-03 09:11:08 --> Session: Class initialized using 'CodeIgniter\Session\Handlers\FileHandler' driver.
INFO - 2023-10-03 09:11:47 --> Session: Class initialized using 'CodeIgniter\Session\Handlers\FileHandler' driver.
INFO - 2023-10-03 09:12:11 --> Session: Class initialized using 'CodeIgniter\Session\Handlers\FileHandler' driver.
INFO - 2023-10-03 09:12:51 --> Session: Class initialized using 'CodeIgniter\Session\Handlers\FileHandler' driver.
INFO - 2023-10-03 09:13:33 --> Session: Class initialized using 'CodeIgniter\Session\Handlers\FileHandler' driver.
INFO - 2023-10-03 09:13:55 --> Session: Class initialized using 'CodeIgniter\Session\Handlers\FileHandler' driver.
INFO - 2023-10-03 09:14:46 --> Session: Class initialized using 'CodeIgniter\Session\Handlers\FileHandler' driver.
INFO - 2023-10-03 09:15:52 --> Session: Class initialized using 'CodeIgniter\Session\Handlers\FileHandler' driver.
INFO - 2023-10-03 09:16:30 --> Session: Class initialized using 'CodeIgniter\Session\Handlers\FileHandler' driver.
INFO - 2023-10-03 18:01:17 --> Session: Class initialized using 'CodeIgniter\Session\Handlers\FileHandler' driver.
INFO - 2023-10-03 18:01:30 --> Session: Class initialized using 'CodeIgniter\Session\Handlers\FileHandler' driver.
INFO - 2023-10-03 18:03:12 --> Session: Class initialized using 'CodeIgniter\Session\Handlers\FileHandler' driver.
INFO - 2023-10-03 18:03:18 --> Session: Class initialized using 'CodeIgniter\Session\Handlers\FileHandler' driver.
CRITICAL - 2023-10-03 18:03:18 --> Invalid file: "dashboard/article/form.php"
in SYSTEMPATH/Exceptions/FrameworkException.php on line 33.
 1 SYSTEMPATH/View/View.php(212): CodeIgniter\Exceptions\FrameworkException::forInvalidFile()
 2 SYSTEMPATH/Common.php(1176): CodeIgniter\View\View->render()
 3 APPPATH/Controllers/backEnd/ArticleController.php(29): view()
 4 SYSTEMPATH/CodeIgniter.php(932): App\Controllers\backEnd\ArticleController->form()
 5 SYSTEMPATH/CodeIgniter.php(497): CodeIgniter\CodeIgniter->runController()
 6 SYSTEMPATH/CodeIgniter.php(366): CodeIgniter\CodeIgniter->handleRequest()
 7 FCPATH/index.php(67): CodeIgniter\CodeIgniter->run()
 8 SYSTEMPATH/Commands/Server/rewrite.php(47): require_once('/home/buyung/Documents/Project/CI 4/themenet/public/index.php')
INFO - 2023-10-03 18:03:47 --> Session: Class initialized using 'CodeIgniter\Session\Handlers\FileHandler' driver.
INFO - 2023-10-03 18:52:16 --> Session: Class initialized using 'CodeIgniter\Session\Handlers\FileHandler' driver.
CRITICAL - 2023-10-03 18:53:07 --> Call to a member function getRandomName() on null
in APPPATH/Controllers/backEnd/GalleryController.php on line 30.
 1 SYSTEMPATH/CodeIgniter.php(932): App\Controllers\backEnd\GalleryController->editor()
 2 SYSTEMPATH/CodeIgniter.php(497): CodeIgniter\CodeIgniter->runController()
 3 SYSTEMPATH/CodeIgniter.php(366): CodeIgniter\CodeIgniter->handleRequest()
 4 FCPATH/index.php(67): CodeIgniter\CodeIgniter->run()
 5 SYSTEMPATH/Commands/Server/rewrite.php(47): require_once('/home/buyung/Documents/Project/CI 4/themenet/public/index.php')
INFO - 2023-10-03 18:53:54 --> Session: Class initialized using 'CodeIgniter\Session\Handlers\FileHandler' driver.
CRITICAL - 2023-10-03 18:54:13 --> Call to a member function getRandomName() on null
in APPPATH/Controllers/backEnd/GalleryController.php on line 30.
 1 SYSTEMPATH/CodeIgniter.php(932): App\Controllers\backEnd\GalleryController->editor()
 2 SYSTEMPATH/CodeIgniter.php(497): CodeIgniter\CodeIgniter->runController()
 3 SYSTEMPATH/CodeIgniter.php(366): CodeIgniter\CodeIgniter->handleRequest()
 4 FCPATH/index.php(67): CodeIgniter\CodeIgniter->run()
 5 SYSTEMPATH/Commands/Server/rewrite.php(47): require_once('/home/buyung/Documents/Project/CI 4/themenet/public/index.php')
INFO - 2023-10-03 18:59:19 --> Session: Class initialized using 'CodeIgniter\Session\Handlers\FileHandler' driver.
INFO - 2023-10-03 19:05:09 --> Session: Class initialized using 'CodeIgniter\Session\Handlers\FileHandler' driver.
INFO - 2023-10-03 19:06:33 --> Session: Class initialized using 'CodeIgniter\Session\Handlers\FileHandler' driver.
INFO - 2023-10-03 19:08:51 --> Session: Class initialized using 'CodeIgniter\Session\Handlers\FileHandler' driver.
INFO - 2023-10-03 19:09:23 --> Session: Class initialized using 'CodeIgniter\Session\Handlers\FileHandler' driver.
CRITICAL - 2023-10-03 19:09:32 --> "no_csrf" filter must have a matching alias defined.
in SYSTEMPATH/Filters/Filters.php on line 493.
 1 SYSTEMPATH/Filters/Filters.php(493): CodeIgniter\Filters\Exceptions\FilterException::forNoAlias()
 2 SYSTEMPATH/Filters/Filters.php(243): CodeIgniter\Filters\Filters->processAliasesToClass()
 3 SYSTEMPATH/Filters/Filters.php(163): CodeIgniter\Filters\Filters->initialize()
 4 SYSTEMPATH/CodeIgniter.php(471): CodeIgniter\Filters\Filters->run()
 5 SYSTEMPATH/CodeIgniter.php(366): CodeIgniter\CodeIgniter->handleRequest()
 6 FCPATH/index.php(67): CodeIgniter\CodeIgniter->run()
 7 SYSTEMPATH/Commands/Server/rewrite.php(47): require_once('/home/buyung/Documents/Project/CI 4/themenet/public/index.php')
INFO - 2023-10-03 19:10:03 --> Session: Class initialized using 'CodeIgniter\Session\Handlers\FileHandler' driver.
CRITICAL - 2023-10-03 19:10:15 --> "no_csrf" filter must have a matching alias defined.
in SYSTEMPATH/Filters/Filters.php on line 493.
 1 SYSTEMPATH/Filters/Filters.php(493): CodeIgniter\Filters\Exceptions\FilterException::forNoAlias()
 2 SYSTEMPATH/Filters/Filters.php(243): CodeIgniter\Filters\Filters->processAliasesToClass()
 3 SYSTEMPATH/Filters/Filters.php(163): CodeIgniter\Filters\Filters->initialize()
 4 SYSTEMPATH/CodeIgniter.php(471): CodeIgniter\Filters\Filters->run()
 5 SYSTEMPATH/CodeIgniter.php(366): CodeIgniter\CodeIgniter->handleRequest()
 6 FCPATH/index.php(67): CodeIgniter\CodeIgniter->run()
 7 SYSTEMPATH/Commands/Server/rewrite.php(47): require_once('/home/buyung/Documents/Project/CI 4/themenet/public/index.php')
CRITICAL - 2023-10-03 19:13:20 --> "no_csrf" filter must have a matching alias defined.
in SYSTEMPATH/Filters/Filters.php on line 493.
 1 SYSTEMPATH/Filters/Filters.php(493): CodeIgniter\Filters\Exceptions\FilterException::forNoAlias()
 2 SYSTEMPATH/Filters/Filters.php(243): CodeIgniter\Filters\Filters->processAliasesToClass()
 3 SYSTEMPATH/Filters/Filters.php(163): CodeIgniter\Filters\Filters->initialize()
 4 SYSTEMPATH/CodeIgniter.php(471): CodeIgniter\Filters\Filters->run()
 5 SYSTEMPATH/CodeIgniter.php(366): CodeIgniter\CodeIgniter->handleRequest()
 6 FCPATH/index.php(67): CodeIgniter\CodeIgniter->run()
 7 SYSTEMPATH/Commands/Server/rewrite.php(47): require_once('/home/buyung/Documents/Project/CI 4/themenet/public/index.php')
INFO - 2023-10-03 19:14:24 --> Session: Class initialized using 'CodeIgniter\Session\Handlers\FileHandler' driver.
CRITICAL - 2023-10-03 19:14:37 --> "no_csrf" filter must have a matching alias defined.
in SYSTEMPATH/Filters/Filters.php on line 340.
 1 SYSTEMPATH/Filters/Filters.php(340): CodeIgniter\Filters\Exceptions\FilterException::forNoAlias()
 2 SYSTEMPATH/CodeIgniter.php(464): CodeIgniter\Filters\Filters->enableFilter()
 3 SYSTEMPATH/CodeIgniter.php(366): CodeIgniter\CodeIgniter->handleRequest()
 4 FCPATH/index.php(67): CodeIgniter\CodeIgniter->run()
 5 SYSTEMPATH/Commands/Server/rewrite.php(47): require_once('/home/buyung/Documents/Project/CI 4/themenet/public/index.php')
INFO - 2023-10-03 19:17:14 --> Session: Class initialized using 'CodeIgniter\Session\Handlers\FileHandler' driver.
INFO - 2023-10-03 19:17:36 --> Session: Class initialized using 'CodeIgniter\Session\Handlers\FileHandler' driver.
CRITICAL - 2023-10-03 19:17:45 --> "no_csrf" filter must have a matching alias defined.
in SYSTEMPATH/Filters/Filters.php on line 340.
 1 SYSTEMPATH/Filters/Filters.php(340): CodeIgniter\Filters\Exceptions\FilterException::forNoAlias()
 2 SYSTEMPATH/CodeIgniter.php(464): CodeIgniter\Filters\Filters->enableFilter()
 3 SYSTEMPATH/CodeIgniter.php(366): CodeIgniter\CodeIgniter->handleRequest()
 4 FCPATH/index.php(67): CodeIgniter\CodeIgniter->run()
 5 SYSTEMPATH/Commands/Server/rewrite.php(47): require_once('/home/buyung/Documents/Project/CI 4/themenet/public/index.php')
INFO - 2023-10-03 19:18:16 --> Session: Class initialized using 'CodeIgniter\Session\Handlers\FileHandler' driver.
CRITICAL - 2023-10-03 19:18:27 --> Call to a member function getRandomName() on null
in APPPATH/Controllers/backEnd/GalleryController.php on line 30.
 1 SYSTEMPATH/CodeIgniter.php(932): App\Controllers\backEnd\GalleryController->editor()
 2 SYSTEMPATH/CodeIgniter.php(497): CodeIgniter\CodeIgniter->runController()
 3 SYSTEMPATH/CodeIgniter.php(366): CodeIgniter\CodeIgniter->handleRequest()
 4 FCPATH/index.php(67): CodeIgniter\CodeIgniter->run()
 5 SYSTEMPATH/Commands/Server/rewrite.php(47): require_once('/home/buyung/Documents/Project/CI 4/themenet/public/index.php')
INFO - 2023-10-03 19:19:04 --> Session: Class initialized using 'CodeIgniter\Session\Handlers\FileHandler' driver.
CRITICAL - 2023-10-03 19:19:15 --> Call to a member function getRandomName() on null
in APPPATH/Controllers/backEnd/GalleryController.php on line 30.
 1 SYSTEMPATH/CodeIgniter.php(932): App\Controllers\backEnd\GalleryController->editor()
 2 SYSTEMPATH/CodeIgniter.php(497): CodeIgniter\CodeIgniter->runController()
 3 SYSTEMPATH/CodeIgniter.php(366): CodeIgniter\CodeIgniter->handleRequest()
 4 FCPATH/index.php(67): CodeIgniter\CodeIgniter->run()
 5 SYSTEMPATH/Commands/Server/rewrite.php(47): require_once('/home/buyung/Documents/Project/CI 4/themenet/public/index.php')
INFO - 2023-10-03 19:24:04 --> Session: Class initialized using 'CodeIgniter\Session\Handlers\FileHandler' driver.
INFO - 2023-10-03 19:24:17 --> Session: Class initialized using 'CodeIgniter\Session\Handlers\FileHandler' driver.
CRITICAL - 2023-10-03 19:24:17 --> Too few arguments to function CodeIgniter\HTTP\Response::__construct(), 0 passed in /home/buyung/Documents/Project/CI 4/themenet/app/Controllers/backEnd/GalleryController.php on line 27 and exactly 1 expected
in SYSTEMPATH/HTTP/Response.php on line 149.
 1 APPPATH/Controllers/backEnd/GalleryController.php(27): CodeIgniter\HTTP\Response->__construct()
 2 SYSTEMPATH/CodeIgniter.php(932): App\Controllers\backEnd\GalleryController->editor()
 3 SYSTEMPATH/CodeIgniter.php(497): CodeIgniter\CodeIgniter->runController()
 4 SYSTEMPATH/CodeIgniter.php(366): CodeIgniter\CodeIgniter->handleRequest()
 5 FCPATH/index.php(67): CodeIgniter\CodeIgniter->run()
 6 SYSTEMPATH/Commands/Server/rewrite.php(47): require_once('/home/buyung/Documents/Project/CI 4/themenet/public/index.php')
INFO - 2023-10-03 19:25:49 --> Session: Class initialized using 'CodeIgniter\Session\Handlers\FileHandler' driver.
INFO - 2023-10-03 19:31:06 --> Session: Class initialized using 'CodeIgniter\Session\Handlers\FileHandler' driver.
INFO - 2023-10-03 19:31:17 --> Session: Class initialized using 'CodeIgniter\Session\Handlers\FileHandler' driver.
CRITICAL - 2023-10-03 19:31:17 --> Call to undefined method App\Controllers\backEnd\GalleryController::respondCreated()
in APPPATH/Controllers/backEnd/GalleryController.php on line 27.
 1 SYSTEMPATH/CodeIgniter.php(932): App\Controllers\backEnd\GalleryController->editor()
 2 SYSTEMPATH/CodeIgniter.php(497): CodeIgniter\CodeIgniter->runController()
 3 SYSTEMPATH/CodeIgniter.php(366): CodeIgniter\CodeIgniter->handleRequest()
 4 FCPATH/index.php(67): CodeIgniter\CodeIgniter->run()
 5 SYSTEMPATH/Commands/Server/rewrite.php(47): require_once('/home/buyung/Documents/Project/CI 4/themenet/public/index.php')
INFO - 2023-10-03 19:35:33 --> Session: Class initialized using 'CodeIgniter\Session\Handlers\FileHandler' driver.
INFO - 2023-10-03 19:35:44 --> Session: Class initialized using 'CodeIgniter\Session\Handlers\FileHandler' driver.
INFO - 2023-10-03 19:38:53 --> Session: Class initialized using 'CodeIgniter\Session\Handlers\FileHandler' driver.
INFO - 2023-10-03 19:39:04 --> Session: Class initialized using 'CodeIgniter\Session\Handlers\FileHandler' driver.
CRITICAL - 2023-10-03 19:39:04 --> Call to a member function getRandomName() on null
in APPPATH/Controllers/backEnd/GalleryController.php on line 30.
 1 SYSTEMPATH/CodeIgniter.php(932): App\Controllers\backEnd\GalleryController->editor()
 2 SYSTEMPATH/CodeIgniter.php(497): CodeIgniter\CodeIgniter->runController()
 3 SYSTEMPATH/CodeIgniter.php(366): CodeIgniter\CodeIgniter->handleRequest()
 4 FCPATH/index.php(67): CodeIgniter\CodeIgniter->run()
 5 SYSTEMPATH/Commands/Server/rewrite.php(47): require_once('/home/buyung/Documents/Project/CI 4/themenet/public/index.php')
INFO - 2023-10-03 19:40:46 --> Session: Class initialized using 'CodeIgniter\Session\Handlers\FileHandler' driver.
INFO - 2023-10-03 19:40:55 --> Session: Class initialized using 'CodeIgniter\Session\Handlers\FileHandler' driver.
CRITICAL - 2023-10-03 19:40:55 --> Call to a member function getRandomName() on null
in APPPATH/Controllers/backEnd/GalleryController.php on line 30.
 1 SYSTEMPATH/CodeIgniter.php(932): App\Controllers\backEnd\GalleryController->editor()
 2 SYSTEMPATH/CodeIgniter.php(497): CodeIgniter\CodeIgniter->runController()
 3 SYSTEMPATH/CodeIgniter.php(366): CodeIgniter\CodeIgniter->handleRequest()
 4 FCPATH/index.php(67): CodeIgniter\CodeIgniter->run()
 5 SYSTEMPATH/Commands/Server/rewrite.php(47): require_once('/home/buyung/Documents/Project/CI 4/themenet/public/index.php')
INFO - 2023-10-03 19:44:25 --> Session: Class initialized using 'CodeIgniter\Session\Handlers\FileHandler' driver.
INFO - 2023-10-03 19:44:36 --> Session: Class initialized using 'CodeIgniter\Session\Handlers\FileHandler' driver.
INFO - 2023-10-03 19:45:38 --> Session: Class initialized using 'CodeIgniter\Session\Handlers\FileHandler' driver.
INFO - 2023-10-03 19:45:47 --> Session: Class initialized using 'CodeIgniter\Session\Handlers\FileHandler' driver.
INFO - 2023-10-03 19:46:10 --> Session: Class initialized using 'CodeIgniter\Session\Handlers\FileHandler' driver.
INFO - 2023-10-03 19:46:21 --> Session: Class initialized using 'CodeIgniter\Session\Handlers\FileHandler' driver.
CRITICAL - 2023-10-03 19:46:21 --> Call to a member function getRandomName() on null
in APPPATH/Controllers/backEnd/GalleryController.php on line 31.
 1 SYSTEMPATH/CodeIgniter.php(932): App\Controllers\backEnd\GalleryController->editor()
 2 SYSTEMPATH/CodeIgniter.php(497): CodeIgniter\CodeIgniter->runController()
 3 SYSTEMPATH/CodeIgniter.php(366): CodeIgniter\CodeIgniter->handleRequest()
 4 FCPATH/index.php(67): CodeIgniter\CodeIgniter->run()
 5 SYSTEMPATH/Commands/Server/rewrite.php(47): require_once('/home/buyung/Documents/Project/CI 4/themenet/public/index.php')
INFO - 2023-10-03 19:46:56 --> Session: Class initialized using 'CodeIgniter\Session\Handlers\FileHandler' driver.
INFO - 2023-10-03 19:47:06 --> Session: Class initialized using 'CodeIgniter\Session\Handlers\FileHandler' driver.
INFO - 2023-10-03 19:49:33 --> Session: Class initialized using 'CodeIgniter\Session\Handlers\FileHandler' driver.
INFO - 2023-10-03 19:49:43 --> Session: Class initialized using 'CodeIgniter\Session\Handlers\FileHandler' driver.
INFO - 2023-10-03 19:50:11 --> Session: Class initialized using 'CodeIgniter\Session\Handlers\FileHandler' driver.
INFO - 2023-10-03 19:50:20 --> Session: Class initialized using 'CodeIgniter\Session\Handlers\FileHandler' driver.
CRITICAL - 2023-10-03 19:50:20 --> Too few arguments to function CodeIgniter\HTTP\IncomingRequest::getFile(), 0 passed in /home/buyung/Documents/Project/CI 4/themenet/app/Controllers/backEnd/GalleryController.php on line 28 and exactly 1 expected
in SYSTEMPATH/HTTP/IncomingRequest.php on line 934.
 1 APPPATH/Controllers/backEnd/GalleryController.php(28): CodeIgniter\HTTP\IncomingRequest->getFile()
 2 SYSTEMPATH/CodeIgniter.php(932): App\Controllers\backEnd\GalleryController->editor()
 3 SYSTEMPATH/CodeIgniter.php(497): CodeIgniter\CodeIgniter->runController()
 4 SYSTEMPATH/CodeIgniter.php(366): CodeIgniter\CodeIgniter->handleRequest()
 5 FCPATH/index.php(67): CodeIgniter\CodeIgniter->run()
 6 SYSTEMPATH/Commands/Server/rewrite.php(47): require_once('/home/buyung/Documents/Project/CI 4/themenet/public/index.php')
INFO - 2023-10-03 19:51:25 --> Session: Class initialized using 'CodeIgniter\Session\Handlers\FileHandler' driver.
INFO - 2023-10-03 19:51:48 --> Session: Class initialized using 'CodeIgniter\Session\Handlers\FileHandler' driver.
CRITICAL - 2023-10-03 19:51:48 --> getimagesize(/tmp/phpYFEbPt): Failed to open stream: No such file or directory
in APPPATH/Controllers/backEnd/GalleryController.php on line 36.
 1 [internal function]: CodeIgniter\Debug\Exceptions->errorHandler()
 2 APPPATH/Controllers/backEnd/GalleryController.php(36): getimagesize()
 3 SYSTEMPATH/CodeIgniter.php(932): App\Controllers\backEnd\GalleryController->editor()
 4 SYSTEMPATH/CodeIgniter.php(497): CodeIgniter\CodeIgniter->runController()
 5 SYSTEMPATH/CodeIgniter.php(366): CodeIgniter\CodeIgniter->handleRequest()
 6 FCPATH/index.php(67): CodeIgniter\CodeIgniter->run()
 7 SYSTEMPATH/Commands/Server/rewrite.php(47): require_once('/home/buyung/Documents/Project/CI 4/themenet/public/index.php')
INFO - 2023-10-03 19:53:10 --> Session: Class initialized using 'CodeIgniter\Session\Handlers\FileHandler' driver.
INFO - 2023-10-03 19:53:20 --> Session: Class initialized using 'CodeIgniter\Session\Handlers\FileHandler' driver.
INFO - 2023-10-03 19:59:41 --> Session: Class initialized using 'CodeIgniter\Session\Handlers\FileHandler' driver.
INFO - 2023-10-03 19:59:53 --> Session: Class initialized using 'CodeIgniter\Session\Handlers\FileHandler' driver.
INFO - 2023-10-03 20:00:43 --> Session: Class initialized using 'CodeIgniter\Session\Handlers\FileHandler' driver.
INFO - 2023-10-03 20:00:52 --> Session: Class initialized using 'CodeIgniter\Session\Handlers\FileHandler' driver.
INFO - 2023-10-03 20:02:06 --> Session: Class initialized using 'CodeIgniter\Session\Handlers\FileHandler' driver.
INFO - 2023-10-03 20:02:35 --> Session: Class initialized using 'CodeIgniter\Session\Handlers\FileHandler' driver.
INFO - 2023-10-03 20:02:45 --> Session: Class initialized using 'CodeIgniter\Session\Handlers\FileHandler' driver.
INFO - 2023-10-03 20:03:20 --> Session: Class initialized using 'CodeIgniter\Session\Handlers\FileHandler' driver.
INFO - 2023-10-03 20:03:54 --> Session: Class initialized using 'CodeIgniter\Session\Handlers\FileHandler' driver.
INFO - 2023-10-03 20:06:16 --> Session: Class initialized using 'CodeIgniter\Session\Handlers\FileHandler' driver.
INFO - 2023-10-03 20:06:35 --> Session: Class initialized using 'CodeIgniter\Session\Handlers\FileHandler' driver.
CRITICAL - 2023-10-03 20:06:35 --> DateTimeZone::__construct(): Unknown or bad timezone (id_ID)
in SYSTEMPATH/I18n/TimeTrait.php on line 90.
 1 SYSTEMPATH/I18n/TimeTrait.php(90): DateTimeZone->__construct()
 2 SYSTEMPATH/I18n/TimeTrait.php(115): CodeIgniter\I18n\Time->__construct()
 3 SYSTEMPATH/Helpers/date_helper.php(33): CodeIgniter\I18n\Time::now()
 4 APPPATH/Controllers/backEnd/GalleryController.php(41): now()
 5 SYSTEMPATH/CodeIgniter.php(932): App\Controllers\backEnd\GalleryController->editor()
 6 SYSTEMPATH/CodeIgniter.php(497): CodeIgniter\CodeIgniter->runController()
 7 SYSTEMPATH/CodeIgniter.php(366): CodeIgniter\CodeIgniter->handleRequest()
 8 FCPATH/index.php(67): CodeIgniter\CodeIgniter->run()
 9 SYSTEMPATH/Commands/Server/rewrite.php(47): require_once('/home/buyung/Documents/Project/CI 4/themenet/public/index.php')
INFO - 2023-10-03 20:07:23 --> Session: Class initialized using 'CodeIgniter\Session\Handlers\FileHandler' driver.
CRITICAL - 2023-10-03 20:07:23 --> DateTimeZone::__construct(): Unknown or bad timezone (id)
in SYSTEMPATH/I18n/TimeTrait.php on line 90.
 1 SYSTEMPATH/I18n/TimeTrait.php(90): DateTimeZone->__construct()
 2 SYSTEMPATH/I18n/TimeTrait.php(115): CodeIgniter\I18n\Time->__construct()
 3 SYSTEMPATH/Helpers/date_helper.php(33): CodeIgniter\I18n\Time::now()
 4 APPPATH/Controllers/backEnd/GalleryController.php(41): now()
 5 SYSTEMPATH/CodeIgniter.php(932): App\Controllers\backEnd\GalleryController->editor()
 6 SYSTEMPATH/CodeIgniter.php(497): CodeIgniter\CodeIgniter->runController()
 7 SYSTEMPATH/CodeIgniter.php(366): CodeIgniter\CodeIgniter->handleRequest()
 8 FCPATH/index.php(67): CodeIgniter\CodeIgniter->run()
 9 SYSTEMPATH/Commands/Server/rewrite.php(47): require_once('/home/buyung/Documents/Project/CI 4/themenet/public/index.php')
INFO - 2023-10-03 20:08:44 --> Session: Class initialized using 'CodeIgniter\Session\Handlers\FileHandler' driver.
INFO - 2023-10-03 20:08:58 --> Session: Class initialized using 'CodeIgniter\Session\Handlers\FileHandler' driver.
INFO - 2023-10-03 20:09:09 --> Session: Class initialized using 'CodeIgniter\Session\Handlers\FileHandler' driver.
INFO - 2023-10-03 20:10:46 --> Session: Class initialized using 'CodeIgniter\Session\Handlers\FileHandler' driver.
