CRITICAL - 2023-10-31 09:46:33 --> Trying to access array offset on value of type null
in APPPATH/Views/public/template1/read-news.php on line 16.
 1 APPPATH/Views/public/template1/read-news.php(16): CodeIgniter\Debug\Exceptions->errorHandler()
 2 SYSTEMPATH/View/View.php(224): include('/var/www/app.inisurabaya.id/app/Views/public/template1/read-news.php')
 3 SYSTEMPATH/View/View.php(227): CodeIgniter\View\View->CodeIgniter\View\{closure}()
 4 SYSTEMPATH/Common.php(1176): CodeIgniter\View\View->render()
 5 APPPATH/Controllers/frontEnd/Home.php(65): view()
 6 SYSTEMPATH/CodeIgniter.php(932): App\Controllers\frontEnd\Home->readnews()
 7 SYSTEMPATH/CodeIgniter.php(497): CodeIgniter\CodeIgniter->runController()
 8 SYSTEMPATH/CodeIgniter.php(366): CodeIgniter\CodeIgniter->handleRequest()
 9 FCPATH/index.php(67): CodeIgniter\CodeIgniter->run()
CRITICAL - 2023-10-31 10:34:05 --> Trying to access array offset on value of type null
in APPPATH/Views/public/template1/read-news.php on line 16.
 1 APPPATH/Views/public/template1/read-news.php(16): CodeIgniter\Debug\Exceptions->errorHandler()
 2 SYSTEMPATH/View/View.php(224): include('/var/www/app.inisurabaya.id/app/Views/public/template1/read-news.php')
 3 SYSTEMPATH/View/View.php(227): CodeIgniter\View\View->CodeIgniter\View\{closure}()
 4 SYSTEMPATH/Common.php(1176): CodeIgniter\View\View->render()
 5 APPPATH/Controllers/frontEnd/Home.php(65): view()
 6 SYSTEMPATH/CodeIgniter.php(932): App\Controllers\frontEnd\Home->readnews()
 7 SYSTEMPATH/CodeIgniter.php(497): CodeIgniter\CodeIgniter->runController()
 8 SYSTEMPATH/CodeIgniter.php(366): CodeIgniter\CodeIgniter->handleRequest()
 9 FCPATH/index.php(67): CodeIgniter\CodeIgniter->run()
