CRITICAL - 2023-12-03 01:10:21 --> Too few arguments to function App\Controllers\frontEnd\Home::categories(), 0 passed in /var/www/app.inisurabaya.id/vendor/codeigniter4/framework/system/CodeIgniter.php on line 932 and exactly 1 expected
in APPPATH/Controllers/frontEnd/Home.php on line 88.
 1 SYSTEMPATH/CodeIgniter.php(932): App\Controllers\frontEnd\Home->categories()
 2 SYSTEMPATH/CodeIgniter.php(497): CodeIgniter\CodeIgniter->runController()
 3 SYSTEMPATH/CodeIgniter.php(366): CodeIgniter\CodeIgniter->handleRequest()
 4 FCPATH/index.php(67): CodeIgniter\CodeIgniter->run()
CRITICAL - 2023-12-03 01:10:41 --> Too few arguments to function App\Controllers\frontEnd\Home::categories(), 0 passed in /var/www/app.inisurabaya.id/vendor/codeigniter4/framework/system/CodeIgniter.php on line 932 and exactly 1 expected
in APPPATH/Controllers/frontEnd/Home.php on line 88.
 1 SYSTEMPATH/CodeIgniter.php(932): App\Controllers\frontEnd\Home->categories()
 2 SYSTEMPATH/CodeIgniter.php(497): CodeIgniter\CodeIgniter->runController()
 3 SYSTEMPATH/CodeIgniter.php(366): CodeIgniter\CodeIgniter->handleRequest()
 4 FCPATH/index.php(67): CodeIgniter\CodeIgniter->run()
CRITICAL - 2023-12-03 01:11:21 --> Too few arguments to function App\Controllers\frontEnd\Home::categories(), 0 passed in /var/www/app.inisurabaya.id/vendor/codeigniter4/framework/system/CodeIgniter.php on line 932 and exactly 1 expected
in APPPATH/Controllers/frontEnd/Home.php on line 88.
 1 SYSTEMPATH/CodeIgniter.php(932): App\Controllers\frontEnd\Home->categories()
 2 SYSTEMPATH/CodeIgniter.php(497): CodeIgniter\CodeIgniter->runController()
 3 SYSTEMPATH/CodeIgniter.php(366): CodeIgniter\CodeIgniter->handleRequest()
 4 FCPATH/index.php(67): CodeIgniter\CodeIgniter->run()
CRITICAL - 2023-12-03 01:12:11 --> Too few arguments to function App\Controllers\frontEnd\Home::categories(), 0 passed in /var/www/app.inisurabaya.id/vendor/codeigniter4/framework/system/CodeIgniter.php on line 932 and exactly 1 expected
in APPPATH/Controllers/frontEnd/Home.php on line 88.
 1 SYSTEMPATH/CodeIgniter.php(932): App\Controllers\frontEnd\Home->categories()
 2 SYSTEMPATH/CodeIgniter.php(497): CodeIgniter\CodeIgniter->runController()
 3 SYSTEMPATH/CodeIgniter.php(366): CodeIgniter\CodeIgniter->handleRequest()
 4 FCPATH/index.php(67): CodeIgniter\CodeIgniter->run()
CRITICAL - 2023-12-03 01:13:31 --> Too few arguments to function App\Controllers\frontEnd\Home::categories(), 0 passed in /var/www/app.inisurabaya.id/vendor/codeigniter4/framework/system/CodeIgniter.php on line 932 and exactly 1 expected
in APPPATH/Controllers/frontEnd/Home.php on line 88.
 1 SYSTEMPATH/CodeIgniter.php(932): App\Controllers\frontEnd\Home->categories()
 2 SYSTEMPATH/CodeIgniter.php(497): CodeIgniter\CodeIgniter->runController()
 3 SYSTEMPATH/CodeIgniter.php(366): CodeIgniter\CodeIgniter->handleRequest()
 4 FCPATH/index.php(67): CodeIgniter\CodeIgniter->run()
CRITICAL - 2023-12-03 01:16:42 --> Too few arguments to function App\Controllers\frontEnd\Home::categories(), 0 passed in /var/www/app.inisurabaya.id/vendor/codeigniter4/framework/system/CodeIgniter.php on line 932 and exactly 1 expected
in APPPATH/Controllers/frontEnd/Home.php on line 88.
 1 SYSTEMPATH/CodeIgniter.php(932): App\Controllers\frontEnd\Home->categories()
 2 SYSTEMPATH/CodeIgniter.php(497): CodeIgniter\CodeIgniter->runController()
 3 SYSTEMPATH/CodeIgniter.php(366): CodeIgniter\CodeIgniter->handleRequest()
 4 FCPATH/index.php(67): CodeIgniter\CodeIgniter->run()
CRITICAL - 2023-12-03 01:22:53 --> Too few arguments to function App\Controllers\frontEnd\Home::categories(), 0 passed in /var/www/app.inisurabaya.id/vendor/codeigniter4/framework/system/CodeIgniter.php on line 932 and exactly 1 expected
in APPPATH/Controllers/frontEnd/Home.php on line 88.
 1 SYSTEMPATH/CodeIgniter.php(932): App\Controllers\frontEnd\Home->categories()
 2 SYSTEMPATH/CodeIgniter.php(497): CodeIgniter\CodeIgniter->runController()
 3 SYSTEMPATH/CodeIgniter.php(366): CodeIgniter\CodeIgniter->handleRequest()
 4 FCPATH/index.php(67): CodeIgniter\CodeIgniter->run()
CRITICAL - 2023-12-03 01:33:53 --> Too few arguments to function App\Controllers\frontEnd\Home::categories(), 0 passed in /var/www/app.inisurabaya.id/vendor/codeigniter4/framework/system/CodeIgniter.php on line 932 and exactly 1 expected
in APPPATH/Controllers/frontEnd/Home.php on line 88.
 1 SYSTEMPATH/CodeIgniter.php(932): App\Controllers\frontEnd\Home->categories()
 2 SYSTEMPATH/CodeIgniter.php(497): CodeIgniter\CodeIgniter->runController()
 3 SYSTEMPATH/CodeIgniter.php(366): CodeIgniter\CodeIgniter->handleRequest()
 4 FCPATH/index.php(67): CodeIgniter\CodeIgniter->run()
CRITICAL - 2023-12-03 01:49:05 --> Too few arguments to function App\Controllers\frontEnd\Home::categories(), 0 passed in /var/www/app.inisurabaya.id/vendor/codeigniter4/framework/system/CodeIgniter.php on line 932 and exactly 1 expected
in APPPATH/Controllers/frontEnd/Home.php on line 88.
 1 SYSTEMPATH/CodeIgniter.php(932): App\Controllers\frontEnd\Home->categories()
 2 SYSTEMPATH/CodeIgniter.php(497): CodeIgniter\CodeIgniter->runController()
 3 SYSTEMPATH/CodeIgniter.php(366): CodeIgniter\CodeIgniter->handleRequest()
 4 FCPATH/index.php(67): CodeIgniter\CodeIgniter->run()
CRITICAL - 2023-12-03 02:02:36 --> Too few arguments to function App\Controllers\frontEnd\Home::categories(), 0 passed in /var/www/app.inisurabaya.id/vendor/codeigniter4/framework/system/CodeIgniter.php on line 932 and exactly 1 expected
in APPPATH/Controllers/frontEnd/Home.php on line 88.
 1 SYSTEMPATH/CodeIgniter.php(932): App\Controllers\frontEnd\Home->categories()
 2 SYSTEMPATH/CodeIgniter.php(497): CodeIgniter\CodeIgniter->runController()
 3 SYSTEMPATH/CodeIgniter.php(366): CodeIgniter\CodeIgniter->handleRequest()
 4 FCPATH/index.php(67): CodeIgniter\CodeIgniter->run()
CRITICAL - 2023-12-03 02:16:07 --> Too few arguments to function App\Controllers\frontEnd\Home::categories(), 0 passed in /var/www/app.inisurabaya.id/vendor/codeigniter4/framework/system/CodeIgniter.php on line 932 and exactly 1 expected
in APPPATH/Controllers/frontEnd/Home.php on line 88.
 1 SYSTEMPATH/CodeIgniter.php(932): App\Controllers\frontEnd\Home->categories()
 2 SYSTEMPATH/CodeIgniter.php(497): CodeIgniter\CodeIgniter->runController()
 3 SYSTEMPATH/CodeIgniter.php(366): CodeIgniter\CodeIgniter->handleRequest()
 4 FCPATH/index.php(67): CodeIgniter\CodeIgniter->run()
