INFO - 2023-10-25 06:35:27 --> Session: Class initialized using 'CodeIgniter\Session\Handlers\FileHandler' driver.
WARNING - 2023-10-25 06:35:27 --> [DEPRECATED] DateTime::__construct(): Passing null to parameter #1 ($datetime) of type string is deprecated in APPPATH/Views/dashboard/article/list.php on line 55.
 1 APPPATH/Views/dashboard/article/list.php(55): DateTime->__construct(null)
 2 SYSTEMPATH/View/View.php(224): include('/home/buyung/Documents/Project/CI 4/themenet/app/Views/dashboard/article/list.php')
 3 SYSTEMPATH/View/View.php(227): CodeIgniter\View\View->CodeIgniter\View\{closure}()
 4 SYSTEMPATH/Common.php(1176): CodeIgniter\View\View->render('dashboard/article/list', [], true)
 5 APPPATH/Controllers/backEnd/ArticleController.php(62): view('dashboard/article/list', [...])
 6 SYSTEMPATH/CodeIgniter.php(932): App\Controllers\backEnd\ArticleController->index()
 7 SYSTEMPATH/CodeIgniter.php(497): CodeIgniter\CodeIgniter->runController(Object(App\Controllers\backEnd\ArticleController))
 8 SYSTEMPATH/CodeIgniter.php(366): CodeIgniter\CodeIgniter->handleRequest(null, Object(Config\Cache), false)
 9 FCPATH/index.php(67): CodeIgniter\CodeIgniter->run()
10 SYSTEMPATH/Commands/Server/rewrite.php(47): require_once('/home/buyung/Documents/Project/CI 4/themenet/public/index.php')
INFO - 2023-10-25 07:16:45 --> Session: Class initialized using 'CodeIgniter\Session\Handlers\FileHandler' driver.
INFO - 2023-10-25 07:16:45 --> Session: Class initialized using 'CodeIgniter\Session\Handlers\FileHandler' driver.
INFO - 2023-10-25 07:23:30 --> Session: Class initialized using 'CodeIgniter\Session\Handlers\FileHandler' driver.
WARNING - 2023-10-25 07:23:30 --> [DEPRECATED] DateTime::__construct(): Passing null to parameter #1 ($datetime) of type string is deprecated in APPPATH/Views/dashboard/article/list.php on line 55.
 1 APPPATH/Views/dashboard/article/list.php(55): DateTime->__construct(null)
 2 SYSTEMPATH/View/View.php(224): include('/home/buyung/Documents/Project/CI 4/themenet/app/Views/dashboard/article/list.php')
 3 SYSTEMPATH/View/View.php(227): CodeIgniter\View\View->CodeIgniter\View\{closure}()
 4 SYSTEMPATH/Common.php(1176): CodeIgniter\View\View->render('dashboard/article/list', [], true)
 5 APPPATH/Controllers/backEnd/ArticleController.php(62): view('dashboard/article/list', [...])
 6 SYSTEMPATH/CodeIgniter.php(932): App\Controllers\backEnd\ArticleController->index()
 7 SYSTEMPATH/CodeIgniter.php(497): CodeIgniter\CodeIgniter->runController(Object(App\Controllers\backEnd\ArticleController))
 8 SYSTEMPATH/CodeIgniter.php(366): CodeIgniter\CodeIgniter->handleRequest(null, Object(Config\Cache), false)
 9 FCPATH/index.php(67): CodeIgniter\CodeIgniter->run()
10 SYSTEMPATH/Commands/Server/rewrite.php(47): require_once('/home/buyung/Documents/Project/CI 4/themenet/public/index.php')
INFO - 2023-10-25 07:28:08 --> Session: Class initialized using 'CodeIgniter\Session\Handlers\FileHandler' driver.
WARNING - 2023-10-25 07:28:08 --> [DEPRECATED] DateTime::__construct(): Passing null to parameter #1 ($datetime) of type string is deprecated in APPPATH/Views/dashboard/article/list.php on line 55.
 1 APPPATH/Views/dashboard/article/list.php(55): DateTime->__construct(null)
 2 SYSTEMPATH/View/View.php(224): include('/home/buyung/Documents/Project/CI 4/themenet/app/Views/dashboard/article/list.php')
 3 SYSTEMPATH/View/View.php(227): CodeIgniter\View\View->CodeIgniter\View\{closure}()
 4 SYSTEMPATH/Common.php(1176): CodeIgniter\View\View->render('dashboard/article/list', [], true)
 5 APPPATH/Controllers/backEnd/ArticleController.php(62): view('dashboard/article/list', [...])
 6 SYSTEMPATH/CodeIgniter.php(932): App\Controllers\backEnd\ArticleController->index()
 7 SYSTEMPATH/CodeIgniter.php(497): CodeIgniter\CodeIgniter->runController(Object(App\Controllers\backEnd\ArticleController))
 8 SYSTEMPATH/CodeIgniter.php(366): CodeIgniter\CodeIgniter->handleRequest(null, Object(Config\Cache), false)
 9 FCPATH/index.php(67): CodeIgniter\CodeIgniter->run()
10 SYSTEMPATH/Commands/Server/rewrite.php(47): require_once('/home/buyung/Documents/Project/CI 4/themenet/public/index.php')
INFO - 2023-10-25 07:28:14 --> Session: Class initialized using 'CodeIgniter\Session\Handlers\FileHandler' driver.
INFO - 2023-10-25 07:28:19 --> Session: Class initialized using 'CodeIgniter\Session\Handlers\FileHandler' driver.
INFO - 2023-10-25 07:28:24 --> Session: Class initialized using 'CodeIgniter\Session\Handlers\FileHandler' driver.
INFO - 2023-10-25 07:32:15 --> Session: Class initialized using 'CodeIgniter\Session\Handlers\FileHandler' driver.
INFO - 2023-10-25 07:32:38 --> Session: Class initialized using 'CodeIgniter\Session\Handlers\FileHandler' driver.
INFO - 2023-10-25 07:32:43 --> Session: Class initialized using 'CodeIgniter\Session\Handlers\FileHandler' driver.
INFO - 2023-10-25 07:32:51 --> Session: Class initialized using 'CodeIgniter\Session\Handlers\FileHandler' driver.
WARNING - 2023-10-25 07:32:51 --> [DEPRECATED] DateTime::__construct(): Passing null to parameter #1 ($datetime) of type string is deprecated in APPPATH/Views/dashboard/article/list.php on line 55.
 1 APPPATH/Views/dashboard/article/list.php(55): DateTime->__construct(null)
 2 SYSTEMPATH/View/View.php(224): include('/home/buyung/Documents/Project/CI 4/themenet/app/Views/dashboard/article/list.php')
 3 SYSTEMPATH/View/View.php(227): CodeIgniter\View\View->CodeIgniter\View\{closure}()
 4 SYSTEMPATH/Common.php(1176): CodeIgniter\View\View->render('dashboard/article/list', [], true)
 5 APPPATH/Controllers/backEnd/ArticleController.php(62): view('dashboard/article/list', [...])
 6 SYSTEMPATH/CodeIgniter.php(932): App\Controllers\backEnd\ArticleController->index()
 7 SYSTEMPATH/CodeIgniter.php(497): CodeIgniter\CodeIgniter->runController(Object(App\Controllers\backEnd\ArticleController))
 8 SYSTEMPATH/CodeIgniter.php(366): CodeIgniter\CodeIgniter->handleRequest(null, Object(Config\Cache), false)
 9 FCPATH/index.php(67): CodeIgniter\CodeIgniter->run()
10 SYSTEMPATH/Commands/Server/rewrite.php(47): require_once('/home/buyung/Documents/Project/CI 4/themenet/public/index.php')
INFO - 2023-10-25 07:32:57 --> Session: Class initialized using 'CodeIgniter\Session\Handlers\FileHandler' driver.
INFO - 2023-10-25 07:33:12 --> Session: Class initialized using 'CodeIgniter\Session\Handlers\FileHandler' driver.
INFO - 2023-10-25 07:33:23 --> Session: Class initialized using 'CodeIgniter\Session\Handlers\FileHandler' driver.
WARNING - 2023-10-25 07:33:23 --> [DEPRECATED] DateTime::__construct(): Passing null to parameter #1 ($datetime) of type string is deprecated in APPPATH/Views/dashboard/article/list.php on line 55.
 1 APPPATH/Views/dashboard/article/list.php(55): DateTime->__construct(null)
 2 SYSTEMPATH/View/View.php(224): include('/home/buyung/Documents/Project/CI 4/themenet/app/Views/dashboard/article/list.php')
 3 SYSTEMPATH/View/View.php(227): CodeIgniter\View\View->CodeIgniter\View\{closure}()
 4 SYSTEMPATH/Common.php(1176): CodeIgniter\View\View->render('dashboard/article/list', [], true)
 5 APPPATH/Controllers/backEnd/ArticleController.php(62): view('dashboard/article/list', [...])
 6 SYSTEMPATH/CodeIgniter.php(932): App\Controllers\backEnd\ArticleController->index()
 7 SYSTEMPATH/CodeIgniter.php(497): CodeIgniter\CodeIgniter->runController(Object(App\Controllers\backEnd\ArticleController))
 8 SYSTEMPATH/CodeIgniter.php(366): CodeIgniter\CodeIgniter->handleRequest(null, Object(Config\Cache), false)
 9 FCPATH/index.php(67): CodeIgniter\CodeIgniter->run()
10 SYSTEMPATH/Commands/Server/rewrite.php(47): require_once('/home/buyung/Documents/Project/CI 4/themenet/public/index.php')
