INFO - 2023-12-08 08:27:12 --> Session: Class initialized using 'CodeIgniter\Session\Handlers\FileHandler' driver.
INFO - 2023-12-08 08:27:16 --> Session: Class initialized using 'CodeIgniter\Session\Handlers\FileHandler' driver.
INFO - 2023-12-08 08:27:16 --> Session: Class initialized using 'CodeIgniter\Session\Handlers\FileHandler' driver.
INFO - 2023-12-08 08:47:21 --> Session: Class initialized using 'CodeIgniter\Session\Handlers\FileHandler' driver.
INFO - 2023-12-08 08:47:29 --> Session: Class initialized using 'CodeIgniter\Session\Handlers\FileHandler' driver.
INFO - 2023-12-08 08:47:34 --> Session: Class initialized using 'CodeIgniter\Session\Handlers\FileHandler' driver.
INFO - 2023-12-08 08:48:54 --> Session: Class initialized using 'CodeIgniter\Session\Handlers\FileHandler' driver.
INFO - 2023-12-08 09:00:24 --> Session: Class initialized using 'CodeIgniter\Session\Handlers\FileHandler' driver.
INFO - 2023-12-08 09:00:32 --> Session: Class initialized using 'CodeIgniter\Session\Handlers\FileHandler' driver.
INFO - 2023-12-08 09:00:37 --> Session: Class initialized using 'CodeIgniter\Session\Handlers\FileHandler' driver.
INFO - 2023-12-08 09:05:34 --> Session: Class initialized using 'CodeIgniter\Session\Handlers\FileHandler' driver.
INFO - 2023-12-08 09:06:33 --> Session: Class initialized using 'CodeIgniter\Session\Handlers\FileHandler' driver.
INFO - 2023-12-08 09:22:11 --> Session: Class initialized using 'CodeIgniter\Session\Handlers\FileHandler' driver.
WARNING - 2023-12-08 09:28:18 --> [DEPRECATED] Creation of dynamic property App\Controllers\frontEnd\Home::$pager is deprecated in APPPATH/Controllers/frontEnd/Home.php on line 21.
 1 SYSTEMPATH/CodeIgniter.php(904): App\Controllers\frontEnd\Home->__construct()
 2 SYSTEMPATH/CodeIgniter.php(488): CodeIgniter\CodeIgniter->createController()
 3 SYSTEMPATH/CodeIgniter.php(366): CodeIgniter\CodeIgniter->handleRequest(null, Object(Config\Cache), false)
 4 FCPATH/index.php(67): CodeIgniter\CodeIgniter->run()
 5 SYSTEMPATH/Commands/Server/rewrite.php(47): require_once('/home/buyung/Documents/Project/CI 4/themenet/public/index.php')
WARNING - 2023-12-08 09:28:42 --> [DEPRECATED] Creation of dynamic property App\Controllers\frontEnd\Home::$pager is deprecated in APPPATH/Controllers/frontEnd/Home.php on line 21.
 1 SYSTEMPATH/CodeIgniter.php(904): App\Controllers\frontEnd\Home->__construct()
 2 SYSTEMPATH/CodeIgniter.php(488): CodeIgniter\CodeIgniter->createController()
 3 SYSTEMPATH/CodeIgniter.php(366): CodeIgniter\CodeIgniter->handleRequest(null, Object(Config\Cache), false)
 4 FCPATH/index.php(67): CodeIgniter\CodeIgniter->run()
 5 SYSTEMPATH/Commands/Server/rewrite.php(47): require_once('/home/buyung/Documents/Project/CI 4/themenet/public/index.php')
WARNING - 2023-12-08 09:28:52 --> [DEPRECATED] Creation of dynamic property App\Controllers\frontEnd\Home::$pager is deprecated in APPPATH/Controllers/frontEnd/Home.php on line 21.
 1 SYSTEMPATH/CodeIgniter.php(904): App\Controllers\frontEnd\Home->__construct()
 2 SYSTEMPATH/CodeIgniter.php(488): CodeIgniter\CodeIgniter->createController()
 3 SYSTEMPATH/CodeIgniter.php(366): CodeIgniter\CodeIgniter->handleRequest(null, Object(Config\Cache), false)
 4 FCPATH/index.php(67): CodeIgniter\CodeIgniter->run()
 5 SYSTEMPATH/Commands/Server/rewrite.php(47): require_once('/home/buyung/Documents/Project/CI 4/themenet/public/index.php')
WARNING - 2023-12-08 09:28:54 --> [DEPRECATED] Creation of dynamic property App\Controllers\frontEnd\Home::$pager is deprecated in APPPATH/Controllers/frontEnd/Home.php on line 21.
 1 SYSTEMPATH/CodeIgniter.php(904): App\Controllers\frontEnd\Home->__construct()
 2 SYSTEMPATH/CodeIgniter.php(488): CodeIgniter\CodeIgniter->createController()
 3 SYSTEMPATH/CodeIgniter.php(366): CodeIgniter\CodeIgniter->handleRequest(null, Object(Config\Cache), false)
 4 FCPATH/index.php(67): CodeIgniter\CodeIgniter->run()
 5 SYSTEMPATH/Commands/Server/rewrite.php(47): require_once('/home/buyung/Documents/Project/CI 4/themenet/public/index.php')
WARNING - 2023-12-08 09:28:56 --> [DEPRECATED] Creation of dynamic property App\Controllers\frontEnd\Home::$pager is deprecated in APPPATH/Controllers/frontEnd/Home.php on line 21.
 1 SYSTEMPATH/CodeIgniter.php(904): App\Controllers\frontEnd\Home->__construct()
 2 SYSTEMPATH/CodeIgniter.php(488): CodeIgniter\CodeIgniter->createController()
 3 SYSTEMPATH/CodeIgniter.php(366): CodeIgniter\CodeIgniter->handleRequest(null, Object(Config\Cache), false)
 4 FCPATH/index.php(67): CodeIgniter\CodeIgniter->run()
 5 SYSTEMPATH/Commands/Server/rewrite.php(47): require_once('/home/buyung/Documents/Project/CI 4/themenet/public/index.php')
WARNING - 2023-12-08 09:28:58 --> [DEPRECATED] Creation of dynamic property App\Controllers\frontEnd\Home::$pager is deprecated in APPPATH/Controllers/frontEnd/Home.php on line 21.
 1 SYSTEMPATH/CodeIgniter.php(904): App\Controllers\frontEnd\Home->__construct()
 2 SYSTEMPATH/CodeIgniter.php(488): CodeIgniter\CodeIgniter->createController()
 3 SYSTEMPATH/CodeIgniter.php(366): CodeIgniter\CodeIgniter->handleRequest(null, Object(Config\Cache), false)
 4 FCPATH/index.php(67): CodeIgniter\CodeIgniter->run()
 5 SYSTEMPATH/Commands/Server/rewrite.php(47): require_once('/home/buyung/Documents/Project/CI 4/themenet/public/index.php')
WARNING - 2023-12-08 09:29:00 --> [DEPRECATED] Creation of dynamic property App\Controllers\frontEnd\Home::$pager is deprecated in APPPATH/Controllers/frontEnd/Home.php on line 21.
 1 SYSTEMPATH/CodeIgniter.php(904): App\Controllers\frontEnd\Home->__construct()
 2 SYSTEMPATH/CodeIgniter.php(488): CodeIgniter\CodeIgniter->createController()
 3 SYSTEMPATH/CodeIgniter.php(366): CodeIgniter\CodeIgniter->handleRequest(null, Object(Config\Cache), false)
 4 FCPATH/index.php(67): CodeIgniter\CodeIgniter->run()
 5 SYSTEMPATH/Commands/Server/rewrite.php(47): require_once('/home/buyung/Documents/Project/CI 4/themenet/public/index.php')
WARNING - 2023-12-08 09:29:01 --> [DEPRECATED] Creation of dynamic property App\Controllers\frontEnd\Home::$pager is deprecated in APPPATH/Controllers/frontEnd/Home.php on line 21.
 1 SYSTEMPATH/CodeIgniter.php(904): App\Controllers\frontEnd\Home->__construct()
 2 SYSTEMPATH/CodeIgniter.php(488): CodeIgniter\CodeIgniter->createController()
 3 SYSTEMPATH/CodeIgniter.php(366): CodeIgniter\CodeIgniter->handleRequest(null, Object(Config\Cache), false)
 4 FCPATH/index.php(67): CodeIgniter\CodeIgniter->run()
 5 SYSTEMPATH/Commands/Server/rewrite.php(47): require_once('/home/buyung/Documents/Project/CI 4/themenet/public/index.php')
WARNING - 2023-12-08 09:29:02 --> [DEPRECATED] Creation of dynamic property App\Controllers\frontEnd\Home::$pager is deprecated in APPPATH/Controllers/frontEnd/Home.php on line 21.
 1 SYSTEMPATH/CodeIgniter.php(904): App\Controllers\frontEnd\Home->__construct()
 2 SYSTEMPATH/CodeIgniter.php(488): CodeIgniter\CodeIgniter->createController()
 3 SYSTEMPATH/CodeIgniter.php(366): CodeIgniter\CodeIgniter->handleRequest(null, Object(Config\Cache), false)
 4 FCPATH/index.php(67): CodeIgniter\CodeIgniter->run()
 5 SYSTEMPATH/Commands/Server/rewrite.php(47): require_once('/home/buyung/Documents/Project/CI 4/themenet/public/index.php')
WARNING - 2023-12-08 09:29:03 --> [DEPRECATED] Creation of dynamic property App\Controllers\frontEnd\Home::$pager is deprecated in APPPATH/Controllers/frontEnd/Home.php on line 21.
 1 SYSTEMPATH/CodeIgniter.php(904): App\Controllers\frontEnd\Home->__construct()
 2 SYSTEMPATH/CodeIgniter.php(488): CodeIgniter\CodeIgniter->createController()
 3 SYSTEMPATH/CodeIgniter.php(366): CodeIgniter\CodeIgniter->handleRequest(null, Object(Config\Cache), false)
 4 FCPATH/index.php(67): CodeIgniter\CodeIgniter->run()
 5 SYSTEMPATH/Commands/Server/rewrite.php(47): require_once('/home/buyung/Documents/Project/CI 4/themenet/public/index.php')
INFO - 2023-12-08 09:29:11 --> Session: Class initialized using 'CodeIgniter\Session\Handlers\FileHandler' driver.
WARNING - 2023-12-08 09:29:21 --> [DEPRECATED] Creation of dynamic property App\Controllers\frontEnd\Home::$pager is deprecated in APPPATH/Controllers/frontEnd/Home.php on line 21.
 1 SYSTEMPATH/CodeIgniter.php(904): App\Controllers\frontEnd\Home->__construct()
 2 SYSTEMPATH/CodeIgniter.php(488): CodeIgniter\CodeIgniter->createController()
 3 SYSTEMPATH/CodeIgniter.php(366): CodeIgniter\CodeIgniter->handleRequest(null, Object(Config\Cache), false)
 4 FCPATH/index.php(67): CodeIgniter\CodeIgniter->run()
 5 SYSTEMPATH/Commands/Server/rewrite.php(47): require_once('/home/buyung/Documents/Project/CI 4/themenet/public/index.php')
INFO - 2023-12-08 09:29:28 --> Session: Class initialized using 'CodeIgniter\Session\Handlers\FileHandler' driver.
