WARNING - 2023-11-28 01:16:35 --> [DEPRECATED] Creation of dynamic property App\Controllers\frontEnd\Home::$pager is deprecated in APPPATH/Controllers/frontEnd/Home.php on line 21.
 1 SYSTEMPATH/CodeIgniter.php(904): App\Controllers\frontEnd\Home->__construct()
 2 SYSTEMPATH/CodeIgniter.php(488): CodeIgniter\CodeIgniter->createController()
 3 SYSTEMPATH/CodeIgniter.php(366): CodeIgniter\CodeIgniter->handleRequest(null, Object(Config\Cache), false)
 4 FCPATH/index.php(67): CodeIgniter\CodeIgniter->run()
WARNING - 2023-11-28 04:47:07 --> [DEPRECATED] Creation of dynamic property App\Controllers\frontEnd\Home::$pager is deprecated in APPPATH/Controllers/frontEnd/Home.php on line 21.
 1 SYSTEMPATH/CodeIgniter.php(904): App\Controllers\frontEnd\Home->__construct()
 2 SYSTEMPATH/CodeIgniter.php(488): CodeIgniter\CodeIgniter->createController()
 3 SYSTEMPATH/CodeIgniter.php(366): CodeIgniter\CodeIgniter->handleRequest(null, Object(Config\Cache), false)
 4 FCPATH/index.php(67): CodeIgniter\CodeIgniter->run()
WARNING - 2023-11-28 05:47:30 --> [DEPRECATED] Creation of dynamic property App\Controllers\frontEnd\Home::$pager is deprecated in APPPATH/Controllers/frontEnd/Home.php on line 21.
 1 SYSTEMPATH/CodeIgniter.php(904): App\Controllers\frontEnd\Home->__construct()
 2 SYSTEMPATH/CodeIgniter.php(488): CodeIgniter\CodeIgniter->createController()
 3 SYSTEMPATH/CodeIgniter.php(366): CodeIgniter\CodeIgniter->handleRequest(null, Object(Config\Cache), false)
 4 FCPATH/index.php(67): CodeIgniter\CodeIgniter->run()
WARNING - 2023-11-28 05:47:34 --> [DEPRECATED] Creation of dynamic property App\Controllers\frontEnd\Home::$pager is deprecated in APPPATH/Controllers/frontEnd/Home.php on line 21.
 1 SYSTEMPATH/CodeIgniter.php(904): App\Controllers\frontEnd\Home->__construct()
 2 SYSTEMPATH/CodeIgniter.php(488): CodeIgniter\CodeIgniter->createController()
 3 SYSTEMPATH/CodeIgniter.php(366): CodeIgniter\CodeIgniter->handleRequest(null, Object(Config\Cache), false)
 4 FCPATH/index.php(67): CodeIgniter\CodeIgniter->run()
WARNING - 2023-11-28 07:52:00 --> [DEPRECATED] Creation of dynamic property App\Controllers\frontEnd\Home::$pager is deprecated in APPPATH/Controllers/frontEnd/Home.php on line 21.
 1 SYSTEMPATH/CodeIgniter.php(904): App\Controllers\frontEnd\Home->__construct()
 2 SYSTEMPATH/CodeIgniter.php(488): CodeIgniter\CodeIgniter->createController()
 3 SYSTEMPATH/CodeIgniter.php(366): CodeIgniter\CodeIgniter->handleRequest(null, Object(Config\Cache), false)
 4 FCPATH/index.php(67): CodeIgniter\CodeIgniter->run()
WARNING - 2023-11-28 08:22:27 --> [DEPRECATED] Creation of dynamic property App\Controllers\frontEnd\Home::$pager is deprecated in APPPATH/Controllers/frontEnd/Home.php on line 21.
 1 SYSTEMPATH/CodeIgniter.php(904): App\Controllers\frontEnd\Home->__construct()
 2 SYSTEMPATH/CodeIgniter.php(488): CodeIgniter\CodeIgniter->createController()
 3 SYSTEMPATH/CodeIgniter.php(366): CodeIgniter\CodeIgniter->handleRequest(null, Object(Config\Cache), false)
 4 FCPATH/index.php(67): CodeIgniter\CodeIgniter->run()
WARNING - 2023-11-28 08:22:57 --> [DEPRECATED] Creation of dynamic property App\Controllers\frontEnd\Home::$pager is deprecated in APPPATH/Controllers/frontEnd/Home.php on line 21.
 1 SYSTEMPATH/CodeIgniter.php(904): App\Controllers\frontEnd\Home->__construct()
 2 SYSTEMPATH/CodeIgniter.php(488): CodeIgniter\CodeIgniter->createController()
 3 SYSTEMPATH/CodeIgniter.php(366): CodeIgniter\CodeIgniter->handleRequest(null, Object(Config\Cache), false)
 4 FCPATH/index.php(67): CodeIgniter\CodeIgniter->run()
WARNING - 2023-11-28 08:22:59 --> [DEPRECATED] Creation of dynamic property App\Controllers\frontEnd\Home::$pager is deprecated in APPPATH/Controllers/frontEnd/Home.php on line 21.
 1 SYSTEMPATH/CodeIgniter.php(904): App\Controllers\frontEnd\Home->__construct()
 2 SYSTEMPATH/CodeIgniter.php(488): CodeIgniter\CodeIgniter->createController()
 3 SYSTEMPATH/CodeIgniter.php(366): CodeIgniter\CodeIgniter->handleRequest(null, Object(Config\Cache), false)
 4 FCPATH/index.php(67): CodeIgniter\CodeIgniter->run()
WARNING - 2023-11-28 08:23:03 --> [DEPRECATED] Creation of dynamic property App\Controllers\frontEnd\Home::$pager is deprecated in APPPATH/Controllers/frontEnd/Home.php on line 21.
 1 SYSTEMPATH/CodeIgniter.php(904): App\Controllers\frontEnd\Home->__construct()
 2 SYSTEMPATH/CodeIgniter.php(488): CodeIgniter\CodeIgniter->createController()
 3 SYSTEMPATH/CodeIgniter.php(366): CodeIgniter\CodeIgniter->handleRequest(null, Object(Config\Cache), false)
 4 FCPATH/index.php(67): CodeIgniter\CodeIgniter->run()
WARNING - 2023-11-28 08:23:07 --> [DEPRECATED] Creation of dynamic property App\Controllers\frontEnd\Home::$pager is deprecated in APPPATH/Controllers/frontEnd/Home.php on line 21.
 1 SYSTEMPATH/CodeIgniter.php(904): App\Controllers\frontEnd\Home->__construct()
 2 SYSTEMPATH/CodeIgniter.php(488): CodeIgniter\CodeIgniter->createController()
 3 SYSTEMPATH/CodeIgniter.php(366): CodeIgniter\CodeIgniter->handleRequest(null, Object(Config\Cache), false)
 4 FCPATH/index.php(67): CodeIgniter\CodeIgniter->run()
WARNING - 2023-11-28 08:23:09 --> [DEPRECATED] Creation of dynamic property App\Controllers\frontEnd\Home::$pager is deprecated in APPPATH/Controllers/frontEnd/Home.php on line 21.
 1 SYSTEMPATH/CodeIgniter.php(904): App\Controllers\frontEnd\Home->__construct()
 2 SYSTEMPATH/CodeIgniter.php(488): CodeIgniter\CodeIgniter->createController()
 3 SYSTEMPATH/CodeIgniter.php(366): CodeIgniter\CodeIgniter->handleRequest(null, Object(Config\Cache), false)
 4 FCPATH/index.php(67): CodeIgniter\CodeIgniter->run()
WARNING - 2023-11-28 08:23:11 --> [DEPRECATED] Creation of dynamic property App\Controllers\frontEnd\Home::$pager is deprecated in APPPATH/Controllers/frontEnd/Home.php on line 21.
 1 SYSTEMPATH/CodeIgniter.php(904): App\Controllers\frontEnd\Home->__construct()
 2 SYSTEMPATH/CodeIgniter.php(488): CodeIgniter\CodeIgniter->createController()
 3 SYSTEMPATH/CodeIgniter.php(366): CodeIgniter\CodeIgniter->handleRequest(null, Object(Config\Cache), false)
 4 FCPATH/index.php(67): CodeIgniter\CodeIgniter->run()
WARNING - 2023-11-28 08:23:22 --> [DEPRECATED] Creation of dynamic property App\Controllers\frontEnd\Home::$pager is deprecated in APPPATH/Controllers/frontEnd/Home.php on line 21.
 1 SYSTEMPATH/CodeIgniter.php(904): App\Controllers\frontEnd\Home->__construct()
 2 SYSTEMPATH/CodeIgniter.php(488): CodeIgniter\CodeIgniter->createController()
 3 SYSTEMPATH/CodeIgniter.php(366): CodeIgniter\CodeIgniter->handleRequest(null, Object(Config\Cache), false)
 4 FCPATH/index.php(67): CodeIgniter\CodeIgniter->run()
WARNING - 2023-11-28 08:23:24 --> [DEPRECATED] Creation of dynamic property App\Controllers\frontEnd\Home::$pager is deprecated in APPPATH/Controllers/frontEnd/Home.php on line 21.
 1 SYSTEMPATH/CodeIgniter.php(904): App\Controllers\frontEnd\Home->__construct()
 2 SYSTEMPATH/CodeIgniter.php(488): CodeIgniter\CodeIgniter->createController()
 3 SYSTEMPATH/CodeIgniter.php(366): CodeIgniter\CodeIgniter->handleRequest(null, Object(Config\Cache), false)
 4 FCPATH/index.php(67): CodeIgniter\CodeIgniter->run()
WARNING - 2023-11-28 08:23:26 --> [DEPRECATED] Creation of dynamic property App\Controllers\frontEnd\Home::$pager is deprecated in APPPATH/Controllers/frontEnd/Home.php on line 21.
 1 SYSTEMPATH/CodeIgniter.php(904): App\Controllers\frontEnd\Home->__construct()
 2 SYSTEMPATH/CodeIgniter.php(488): CodeIgniter\CodeIgniter->createController()
 3 SYSTEMPATH/CodeIgniter.php(366): CodeIgniter\CodeIgniter->handleRequest(null, Object(Config\Cache), false)
 4 FCPATH/index.php(67): CodeIgniter\CodeIgniter->run()
WARNING - 2023-11-28 08:23:33 --> [DEPRECATED] Creation of dynamic property App\Controllers\frontEnd\Home::$pager is deprecated in APPPATH/Controllers/frontEnd/Home.php on line 21.
 1 SYSTEMPATH/CodeIgniter.php(904): App\Controllers\frontEnd\Home->__construct()
 2 SYSTEMPATH/CodeIgniter.php(488): CodeIgniter\CodeIgniter->createController()
 3 SYSTEMPATH/CodeIgniter.php(366): CodeIgniter\CodeIgniter->handleRequest(null, Object(Config\Cache), false)
 4 FCPATH/index.php(67): CodeIgniter\CodeIgniter->run()
WARNING - 2023-11-28 08:23:35 --> [DEPRECATED] Creation of dynamic property App\Controllers\frontEnd\Home::$pager is deprecated in APPPATH/Controllers/frontEnd/Home.php on line 21.
 1 SYSTEMPATH/CodeIgniter.php(904): App\Controllers\frontEnd\Home->__construct()
 2 SYSTEMPATH/CodeIgniter.php(488): CodeIgniter\CodeIgniter->createController()
 3 SYSTEMPATH/CodeIgniter.php(366): CodeIgniter\CodeIgniter->handleRequest(null, Object(Config\Cache), false)
 4 FCPATH/index.php(67): CodeIgniter\CodeIgniter->run()
WARNING - 2023-11-28 08:23:36 --> [DEPRECATED] Creation of dynamic property App\Controllers\frontEnd\Home::$pager is deprecated in APPPATH/Controllers/frontEnd/Home.php on line 21.
 1 SYSTEMPATH/CodeIgniter.php(904): App\Controllers\frontEnd\Home->__construct()
 2 SYSTEMPATH/CodeIgniter.php(488): CodeIgniter\CodeIgniter->createController()
 3 SYSTEMPATH/CodeIgniter.php(366): CodeIgniter\CodeIgniter->handleRequest(null, Object(Config\Cache), false)
 4 FCPATH/index.php(67): CodeIgniter\CodeIgniter->run()
WARNING - 2023-11-28 08:23:37 --> [DEPRECATED] Creation of dynamic property App\Controllers\frontEnd\Home::$pager is deprecated in APPPATH/Controllers/frontEnd/Home.php on line 21.
 1 SYSTEMPATH/CodeIgniter.php(904): App\Controllers\frontEnd\Home->__construct()
 2 SYSTEMPATH/CodeIgniter.php(488): CodeIgniter\CodeIgniter->createController()
 3 SYSTEMPATH/CodeIgniter.php(366): CodeIgniter\CodeIgniter->handleRequest(null, Object(Config\Cache), false)
 4 FCPATH/index.php(67): CodeIgniter\CodeIgniter->run()
WARNING - 2023-11-28 08:23:39 --> [DEPRECATED] Creation of dynamic property App\Controllers\frontEnd\Home::$pager is deprecated in APPPATH/Controllers/frontEnd/Home.php on line 21.
 1 SYSTEMPATH/CodeIgniter.php(904): App\Controllers\frontEnd\Home->__construct()
 2 SYSTEMPATH/CodeIgniter.php(488): CodeIgniter\CodeIgniter->createController()
 3 SYSTEMPATH/CodeIgniter.php(366): CodeIgniter\CodeIgniter->handleRequest(null, Object(Config\Cache), false)
 4 FCPATH/index.php(67): CodeIgniter\CodeIgniter->run()
WARNING - 2023-11-28 08:23:45 --> [DEPRECATED] Creation of dynamic property App\Controllers\frontEnd\Home::$pager is deprecated in APPPATH/Controllers/frontEnd/Home.php on line 21.
 1 SYSTEMPATH/CodeIgniter.php(904): App\Controllers\frontEnd\Home->__construct()
 2 SYSTEMPATH/CodeIgniter.php(488): CodeIgniter\CodeIgniter->createController()
 3 SYSTEMPATH/CodeIgniter.php(366): CodeIgniter\CodeIgniter->handleRequest(null, Object(Config\Cache), false)
 4 FCPATH/index.php(67): CodeIgniter\CodeIgniter->run()
WARNING - 2023-11-28 08:23:47 --> [DEPRECATED] Creation of dynamic property App\Controllers\frontEnd\Home::$pager is deprecated in APPPATH/Controllers/frontEnd/Home.php on line 21.
 1 SYSTEMPATH/CodeIgniter.php(904): App\Controllers\frontEnd\Home->__construct()
 2 SYSTEMPATH/CodeIgniter.php(488): CodeIgniter\CodeIgniter->createController()
 3 SYSTEMPATH/CodeIgniter.php(366): CodeIgniter\CodeIgniter->handleRequest(null, Object(Config\Cache), false)
 4 FCPATH/index.php(67): CodeIgniter\CodeIgniter->run()
WARNING - 2023-11-28 08:23:52 --> [DEPRECATED] Creation of dynamic property App\Controllers\frontEnd\Home::$pager is deprecated in APPPATH/Controllers/frontEnd/Home.php on line 21.
 1 SYSTEMPATH/CodeIgniter.php(904): App\Controllers\frontEnd\Home->__construct()
 2 SYSTEMPATH/CodeIgniter.php(488): CodeIgniter\CodeIgniter->createController()
 3 SYSTEMPATH/CodeIgniter.php(366): CodeIgniter\CodeIgniter->handleRequest(null, Object(Config\Cache), false)
 4 FCPATH/index.php(67): CodeIgniter\CodeIgniter->run()
WARNING - 2023-11-28 08:23:55 --> [DEPRECATED] Creation of dynamic property App\Controllers\frontEnd\Home::$pager is deprecated in APPPATH/Controllers/frontEnd/Home.php on line 21.
 1 SYSTEMPATH/CodeIgniter.php(904): App\Controllers\frontEnd\Home->__construct()
 2 SYSTEMPATH/CodeIgniter.php(488): CodeIgniter\CodeIgniter->createController()
 3 SYSTEMPATH/CodeIgniter.php(366): CodeIgniter\CodeIgniter->handleRequest(null, Object(Config\Cache), false)
 4 FCPATH/index.php(67): CodeIgniter\CodeIgniter->run()
WARNING - 2023-11-28 08:23:59 --> [DEPRECATED] Creation of dynamic property App\Controllers\frontEnd\Home::$pager is deprecated in APPPATH/Controllers/frontEnd/Home.php on line 21.
 1 SYSTEMPATH/CodeIgniter.php(904): App\Controllers\frontEnd\Home->__construct()
 2 SYSTEMPATH/CodeIgniter.php(488): CodeIgniter\CodeIgniter->createController()
 3 SYSTEMPATH/CodeIgniter.php(366): CodeIgniter\CodeIgniter->handleRequest(null, Object(Config\Cache), false)
 4 FCPATH/index.php(67): CodeIgniter\CodeIgniter->run()
WARNING - 2023-11-28 08:24:05 --> [DEPRECATED] Creation of dynamic property App\Controllers\frontEnd\Home::$pager is deprecated in APPPATH/Controllers/frontEnd/Home.php on line 21.
 1 SYSTEMPATH/CodeIgniter.php(904): App\Controllers\frontEnd\Home->__construct()
 2 SYSTEMPATH/CodeIgniter.php(488): CodeIgniter\CodeIgniter->createController()
 3 SYSTEMPATH/CodeIgniter.php(366): CodeIgniter\CodeIgniter->handleRequest(null, Object(Config\Cache), false)
 4 FCPATH/index.php(67): CodeIgniter\CodeIgniter->run()
WARNING - 2023-11-28 08:24:08 --> [DEPRECATED] Creation of dynamic property App\Controllers\frontEnd\Home::$pager is deprecated in APPPATH/Controllers/frontEnd/Home.php on line 21.
 1 SYSTEMPATH/CodeIgniter.php(904): App\Controllers\frontEnd\Home->__construct()
 2 SYSTEMPATH/CodeIgniter.php(488): CodeIgniter\CodeIgniter->createController()
 3 SYSTEMPATH/CodeIgniter.php(366): CodeIgniter\CodeIgniter->handleRequest(null, Object(Config\Cache), false)
 4 FCPATH/index.php(67): CodeIgniter\CodeIgniter->run()
WARNING - 2023-11-28 08:24:43 --> [DEPRECATED] Creation of dynamic property App\Controllers\frontEnd\Home::$pager is deprecated in APPPATH/Controllers/frontEnd/Home.php on line 21.
 1 SYSTEMPATH/CodeIgniter.php(904): App\Controllers\frontEnd\Home->__construct()
 2 SYSTEMPATH/CodeIgniter.php(488): CodeIgniter\CodeIgniter->createController()
 3 SYSTEMPATH/CodeIgniter.php(366): CodeIgniter\CodeIgniter->handleRequest(null, Object(Config\Cache), false)
 4 FCPATH/index.php(67): CodeIgniter\CodeIgniter->run()
WARNING - 2023-11-28 08:24:47 --> [DEPRECATED] Creation of dynamic property App\Controllers\frontEnd\Home::$pager is deprecated in APPPATH/Controllers/frontEnd/Home.php on line 21.
 1 SYSTEMPATH/CodeIgniter.php(904): App\Controllers\frontEnd\Home->__construct()
 2 SYSTEMPATH/CodeIgniter.php(488): CodeIgniter\CodeIgniter->createController()
 3 SYSTEMPATH/CodeIgniter.php(366): CodeIgniter\CodeIgniter->handleRequest(null, Object(Config\Cache), false)
 4 FCPATH/index.php(67): CodeIgniter\CodeIgniter->run()
WARNING - 2023-11-28 08:24:54 --> [DEPRECATED] Creation of dynamic property App\Controllers\frontEnd\Home::$pager is deprecated in APPPATH/Controllers/frontEnd/Home.php on line 21.
 1 SYSTEMPATH/CodeIgniter.php(904): App\Controllers\frontEnd\Home->__construct()
 2 SYSTEMPATH/CodeIgniter.php(488): CodeIgniter\CodeIgniter->createController()
 3 SYSTEMPATH/CodeIgniter.php(366): CodeIgniter\CodeIgniter->handleRequest(null, Object(Config\Cache), false)
 4 FCPATH/index.php(67): CodeIgniter\CodeIgniter->run()
WARNING - 2023-11-28 08:25:01 --> [DEPRECATED] Creation of dynamic property App\Controllers\frontEnd\Home::$pager is deprecated in APPPATH/Controllers/frontEnd/Home.php on line 21.
 1 SYSTEMPATH/CodeIgniter.php(904): App\Controllers\frontEnd\Home->__construct()
 2 SYSTEMPATH/CodeIgniter.php(488): CodeIgniter\CodeIgniter->createController()
 3 SYSTEMPATH/CodeIgniter.php(366): CodeIgniter\CodeIgniter->handleRequest(null, Object(Config\Cache), false)
 4 FCPATH/index.php(67): CodeIgniter\CodeIgniter->run()
WARNING - 2023-11-28 08:25:09 --> [DEPRECATED] Creation of dynamic property App\Controllers\frontEnd\Home::$pager is deprecated in APPPATH/Controllers/frontEnd/Home.php on line 21.
 1 SYSTEMPATH/CodeIgniter.php(904): App\Controllers\frontEnd\Home->__construct()
 2 SYSTEMPATH/CodeIgniter.php(488): CodeIgniter\CodeIgniter->createController()
 3 SYSTEMPATH/CodeIgniter.php(366): CodeIgniter\CodeIgniter->handleRequest(null, Object(Config\Cache), false)
 4 FCPATH/index.php(67): CodeIgniter\CodeIgniter->run()
WARNING - 2023-11-28 08:25:18 --> [DEPRECATED] Creation of dynamic property App\Controllers\frontEnd\Home::$pager is deprecated in APPPATH/Controllers/frontEnd/Home.php on line 21.
 1 SYSTEMPATH/CodeIgniter.php(904): App\Controllers\frontEnd\Home->__construct()
 2 SYSTEMPATH/CodeIgniter.php(488): CodeIgniter\CodeIgniter->createController()
 3 SYSTEMPATH/CodeIgniter.php(366): CodeIgniter\CodeIgniter->handleRequest(null, Object(Config\Cache), false)
 4 FCPATH/index.php(67): CodeIgniter\CodeIgniter->run()
WARNING - 2023-11-28 08:25:24 --> [DEPRECATED] Creation of dynamic property App\Controllers\frontEnd\Home::$pager is deprecated in APPPATH/Controllers/frontEnd/Home.php on line 21.
 1 SYSTEMPATH/CodeIgniter.php(904): App\Controllers\frontEnd\Home->__construct()
 2 SYSTEMPATH/CodeIgniter.php(488): CodeIgniter\CodeIgniter->createController()
 3 SYSTEMPATH/CodeIgniter.php(366): CodeIgniter\CodeIgniter->handleRequest(null, Object(Config\Cache), false)
 4 FCPATH/index.php(67): CodeIgniter\CodeIgniter->run()
WARNING - 2023-11-28 08:25:28 --> [DEPRECATED] Creation of dynamic property App\Controllers\frontEnd\Home::$pager is deprecated in APPPATH/Controllers/frontEnd/Home.php on line 21.
 1 SYSTEMPATH/CodeIgniter.php(904): App\Controllers\frontEnd\Home->__construct()
 2 SYSTEMPATH/CodeIgniter.php(488): CodeIgniter\CodeIgniter->createController()
 3 SYSTEMPATH/CodeIgniter.php(366): CodeIgniter\CodeIgniter->handleRequest(null, Object(Config\Cache), false)
 4 FCPATH/index.php(67): CodeIgniter\CodeIgniter->run()
WARNING - 2023-11-28 08:25:33 --> [DEPRECATED] Creation of dynamic property App\Controllers\frontEnd\Home::$pager is deprecated in APPPATH/Controllers/frontEnd/Home.php on line 21.
 1 SYSTEMPATH/CodeIgniter.php(904): App\Controllers\frontEnd\Home->__construct()
 2 SYSTEMPATH/CodeIgniter.php(488): CodeIgniter\CodeIgniter->createController()
 3 SYSTEMPATH/CodeIgniter.php(366): CodeIgniter\CodeIgniter->handleRequest(null, Object(Config\Cache), false)
 4 FCPATH/index.php(67): CodeIgniter\CodeIgniter->run()
WARNING - 2023-11-28 09:03:59 --> [DEPRECATED] Creation of dynamic property App\Controllers\frontEnd\Home::$pager is deprecated in APPPATH/Controllers/frontEnd/Home.php on line 21.
 1 SYSTEMPATH/CodeIgniter.php(904): App\Controllers\frontEnd\Home->__construct()
 2 SYSTEMPATH/CodeIgniter.php(488): CodeIgniter\CodeIgniter->createController()
 3 SYSTEMPATH/CodeIgniter.php(366): CodeIgniter\CodeIgniter->handleRequest(null, Object(Config\Cache), false)
 4 FCPATH/index.php(67): CodeIgniter\CodeIgniter->run()
WARNING - 2023-11-28 10:16:01 --> [DEPRECATED] Creation of dynamic property App\Controllers\frontEnd\Home::$pager is deprecated in APPPATH/Controllers/frontEnd/Home.php on line 21.
 1 SYSTEMPATH/CodeIgniter.php(904): App\Controllers\frontEnd\Home->__construct()
 2 SYSTEMPATH/CodeIgniter.php(488): CodeIgniter\CodeIgniter->createController()
 3 SYSTEMPATH/CodeIgniter.php(366): CodeIgniter\CodeIgniter->handleRequest(null, Object(Config\Cache), false)
 4 FCPATH/index.php(67): CodeIgniter\CodeIgniter->run()
WARNING - 2023-11-28 10:46:29 --> [DEPRECATED] Creation of dynamic property App\Controllers\frontEnd\Home::$pager is deprecated in APPPATH/Controllers/frontEnd/Home.php on line 21.
 1 SYSTEMPATH/CodeIgniter.php(904): App\Controllers\frontEnd\Home->__construct()
 2 SYSTEMPATH/CodeIgniter.php(488): CodeIgniter\CodeIgniter->createController()
 3 SYSTEMPATH/CodeIgniter.php(366): CodeIgniter\CodeIgniter->handleRequest(null, Object(Config\Cache), false)
 4 FCPATH/index.php(67): CodeIgniter\CodeIgniter->run()
WARNING - 2023-11-28 11:51:30 --> [DEPRECATED] Creation of dynamic property App\Controllers\frontEnd\Home::$pager is deprecated in APPPATH/Controllers/frontEnd/Home.php on line 21.
 1 SYSTEMPATH/CodeIgniter.php(904): App\Controllers\frontEnd\Home->__construct()
 2 SYSTEMPATH/CodeIgniter.php(488): CodeIgniter\CodeIgniter->createController()
 3 SYSTEMPATH/CodeIgniter.php(366): CodeIgniter\CodeIgniter->handleRequest(null, Object(Config\Cache), false)
 4 FCPATH/index.php(67): CodeIgniter\CodeIgniter->run()
WARNING - 2023-11-28 12:39:13 --> [DEPRECATED] Creation of dynamic property App\Controllers\frontEnd\Home::$pager is deprecated in APPPATH/Controllers/frontEnd/Home.php on line 21.
 1 SYSTEMPATH/CodeIgniter.php(904): App\Controllers\frontEnd\Home->__construct()
 2 SYSTEMPATH/CodeIgniter.php(488): CodeIgniter\CodeIgniter->createController()
 3 SYSTEMPATH/CodeIgniter.php(366): CodeIgniter\CodeIgniter->handleRequest(null, Object(Config\Cache), false)
 4 FCPATH/index.php(67): CodeIgniter\CodeIgniter->run()
WARNING - 2023-11-28 14:11:59 --> [DEPRECATED] Creation of dynamic property App\Controllers\frontEnd\Home::$pager is deprecated in APPPATH/Controllers/frontEnd/Home.php on line 21.
 1 SYSTEMPATH/CodeIgniter.php(904): App\Controllers\frontEnd\Home->__construct()
 2 SYSTEMPATH/CodeIgniter.php(488): CodeIgniter\CodeIgniter->createController()
 3 SYSTEMPATH/CodeIgniter.php(366): CodeIgniter\CodeIgniter->handleRequest(null, Object(Config\Cache), false)
 4 FCPATH/index.php(67): CodeIgniter\CodeIgniter->run()
WARNING - 2023-11-28 14:22:13 --> [DEPRECATED] Creation of dynamic property App\Controllers\frontEnd\Home::$pager is deprecated in APPPATH/Controllers/frontEnd/Home.php on line 21.
 1 SYSTEMPATH/CodeIgniter.php(904): App\Controllers\frontEnd\Home->__construct()
 2 SYSTEMPATH/CodeIgniter.php(488): CodeIgniter\CodeIgniter->createController()
 3 SYSTEMPATH/CodeIgniter.php(366): CodeIgniter\CodeIgniter->handleRequest(null, Object(Config\Cache), false)
 4 FCPATH/index.php(67): CodeIgniter\CodeIgniter->run()
WARNING - 2023-11-28 15:16:10 --> [DEPRECATED] Creation of dynamic property App\Controllers\frontEnd\Home::$pager is deprecated in APPPATH/Controllers/frontEnd/Home.php on line 21.
 1 SYSTEMPATH/CodeIgniter.php(904): App\Controllers\frontEnd\Home->__construct()
 2 SYSTEMPATH/CodeIgniter.php(488): CodeIgniter\CodeIgniter->createController()
 3 SYSTEMPATH/CodeIgniter.php(366): CodeIgniter\CodeIgniter->handleRequest(null, Object(Config\Cache), false)
 4 FCPATH/index.php(67): CodeIgniter\CodeIgniter->run()
INFO - 2023-11-28 16:00:56 --> Session: Class initialized using 'CodeIgniter\Session\Handlers\FileHandler' driver.
WARNING - 2023-11-28 16:08:26 --> [DEPRECATED] Creation of dynamic property App\Controllers\frontEnd\Home::$pager is deprecated in APPPATH/Controllers/frontEnd/Home.php on line 21.
 1 SYSTEMPATH/CodeIgniter.php(904): App\Controllers\frontEnd\Home->__construct()
 2 SYSTEMPATH/CodeIgniter.php(488): CodeIgniter\CodeIgniter->createController()
 3 SYSTEMPATH/CodeIgniter.php(366): CodeIgniter\CodeIgniter->handleRequest(null, Object(Config\Cache), false)
 4 FCPATH/index.php(67): CodeIgniter\CodeIgniter->run()
WARNING - 2023-11-28 16:08:29 --> [DEPRECATED] Creation of dynamic property App\Controllers\frontEnd\Home::$pager is deprecated in APPPATH/Controllers/frontEnd/Home.php on line 21.
 1 SYSTEMPATH/CodeIgniter.php(904): App\Controllers\frontEnd\Home->__construct()
 2 SYSTEMPATH/CodeIgniter.php(488): CodeIgniter\CodeIgniter->createController()
 3 SYSTEMPATH/CodeIgniter.php(366): CodeIgniter\CodeIgniter->handleRequest(null, Object(Config\Cache), false)
 4 FCPATH/index.php(67): CodeIgniter\CodeIgniter->run()
WARNING - 2023-11-28 16:46:37 --> [DEPRECATED] Creation of dynamic property App\Controllers\frontEnd\Home::$pager is deprecated in APPPATH/Controllers/frontEnd/Home.php on line 21.
 1 SYSTEMPATH/CodeIgniter.php(904): App\Controllers\frontEnd\Home->__construct()
 2 SYSTEMPATH/CodeIgniter.php(488): CodeIgniter\CodeIgniter->createController()
 3 SYSTEMPATH/CodeIgniter.php(366): CodeIgniter\CodeIgniter->handleRequest(null, Object(Config\Cache), false)
 4 FCPATH/index.php(67): CodeIgniter\CodeIgniter->run()
WARNING - 2023-11-28 18:41:35 --> [DEPRECATED] Creation of dynamic property App\Controllers\frontEnd\Home::$pager is deprecated in APPPATH/Controllers/frontEnd/Home.php on line 21.
 1 SYSTEMPATH/CodeIgniter.php(904): App\Controllers\frontEnd\Home->__construct()
 2 SYSTEMPATH/CodeIgniter.php(488): CodeIgniter\CodeIgniter->createController()
 3 SYSTEMPATH/CodeIgniter.php(366): CodeIgniter\CodeIgniter->handleRequest(null, Object(Config\Cache), false)
 4 FCPATH/index.php(67): CodeIgniter\CodeIgniter->run()
WARNING - 2023-11-28 18:41:36 --> [DEPRECATED] Creation of dynamic property App\Controllers\frontEnd\Home::$pager is deprecated in APPPATH/Controllers/frontEnd/Home.php on line 21.
 1 SYSTEMPATH/CodeIgniter.php(904): App\Controllers\frontEnd\Home->__construct()
 2 SYSTEMPATH/CodeIgniter.php(488): CodeIgniter\CodeIgniter->createController()
 3 SYSTEMPATH/CodeIgniter.php(366): CodeIgniter\CodeIgniter->handleRequest(null, Object(Config\Cache), false)
 4 FCPATH/index.php(67): CodeIgniter\CodeIgniter->run()
WARNING - 2023-11-28 18:41:36 --> [DEPRECATED] Creation of dynamic property App\Controllers\frontEnd\Home::$pager is deprecated in APPPATH/Controllers/frontEnd/Home.php on line 21.
 1 SYSTEMPATH/CodeIgniter.php(904): App\Controllers\frontEnd\Home->__construct()
 2 SYSTEMPATH/CodeIgniter.php(488): CodeIgniter\CodeIgniter->createController()
 3 SYSTEMPATH/CodeIgniter.php(366): CodeIgniter\CodeIgniter->handleRequest(null, Object(Config\Cache), false)
 4 FCPATH/index.php(67): CodeIgniter\CodeIgniter->run()
WARNING - 2023-11-28 18:41:38 --> [DEPRECATED] Creation of dynamic property App\Controllers\frontEnd\Home::$pager is deprecated in APPPATH/Controllers/frontEnd/Home.php on line 21.
 1 SYSTEMPATH/CodeIgniter.php(904): App\Controllers\frontEnd\Home->__construct()
 2 SYSTEMPATH/CodeIgniter.php(488): CodeIgniter\CodeIgniter->createController()
 3 SYSTEMPATH/CodeIgniter.php(366): CodeIgniter\CodeIgniter->handleRequest(null, Object(Config\Cache), false)
 4 FCPATH/index.php(67): CodeIgniter\CodeIgniter->run()
WARNING - 2023-11-28 18:41:39 --> [DEPRECATED] Creation of dynamic property App\Controllers\frontEnd\Home::$pager is deprecated in APPPATH/Controllers/frontEnd/Home.php on line 21.
 1 SYSTEMPATH/CodeIgniter.php(904): App\Controllers\frontEnd\Home->__construct()
 2 SYSTEMPATH/CodeIgniter.php(488): CodeIgniter\CodeIgniter->createController()
 3 SYSTEMPATH/CodeIgniter.php(366): CodeIgniter\CodeIgniter->handleRequest(null, Object(Config\Cache), false)
 4 FCPATH/index.php(67): CodeIgniter\CodeIgniter->run()
WARNING - 2023-11-28 18:41:39 --> [DEPRECATED] Creation of dynamic property App\Controllers\frontEnd\Home::$pager is deprecated in APPPATH/Controllers/frontEnd/Home.php on line 21.
 1 SYSTEMPATH/CodeIgniter.php(904): App\Controllers\frontEnd\Home->__construct()
 2 SYSTEMPATH/CodeIgniter.php(488): CodeIgniter\CodeIgniter->createController()
 3 SYSTEMPATH/CodeIgniter.php(366): CodeIgniter\CodeIgniter->handleRequest(null, Object(Config\Cache), false)
 4 FCPATH/index.php(67): CodeIgniter\CodeIgniter->run()
WARNING - 2023-11-28 18:41:40 --> [DEPRECATED] Creation of dynamic property App\Controllers\frontEnd\Home::$pager is deprecated in APPPATH/Controllers/frontEnd/Home.php on line 21.
 1 SYSTEMPATH/CodeIgniter.php(904): App\Controllers\frontEnd\Home->__construct()
 2 SYSTEMPATH/CodeIgniter.php(488): CodeIgniter\CodeIgniter->createController()
 3 SYSTEMPATH/CodeIgniter.php(366): CodeIgniter\CodeIgniter->handleRequest(null, Object(Config\Cache), false)
 4 FCPATH/index.php(67): CodeIgniter\CodeIgniter->run()
WARNING - 2023-11-28 18:41:41 --> [DEPRECATED] Creation of dynamic property App\Controllers\frontEnd\Home::$pager is deprecated in APPPATH/Controllers/frontEnd/Home.php on line 21.
 1 SYSTEMPATH/CodeIgniter.php(904): App\Controllers\frontEnd\Home->__construct()
 2 SYSTEMPATH/CodeIgniter.php(488): CodeIgniter\CodeIgniter->createController()
 3 SYSTEMPATH/CodeIgniter.php(366): CodeIgniter\CodeIgniter->handleRequest(null, Object(Config\Cache), false)
 4 FCPATH/index.php(67): CodeIgniter\CodeIgniter->run()
WARNING - 2023-11-28 18:41:46 --> [DEPRECATED] Creation of dynamic property App\Controllers\frontEnd\Home::$pager is deprecated in APPPATH/Controllers/frontEnd/Home.php on line 21.
 1 SYSTEMPATH/CodeIgniter.php(904): App\Controllers\frontEnd\Home->__construct()
 2 SYSTEMPATH/CodeIgniter.php(488): CodeIgniter\CodeIgniter->createController()
 3 SYSTEMPATH/CodeIgniter.php(366): CodeIgniter\CodeIgniter->handleRequest(null, Object(Config\Cache), false)
 4 FCPATH/index.php(67): CodeIgniter\CodeIgniter->run()
WARNING - 2023-11-28 18:58:49 --> [DEPRECATED] Creation of dynamic property App\Controllers\frontEnd\Home::$pager is deprecated in APPPATH/Controllers/frontEnd/Home.php on line 21.
 1 SYSTEMPATH/CodeIgniter.php(904): App\Controllers\frontEnd\Home->__construct()
 2 SYSTEMPATH/CodeIgniter.php(488): CodeIgniter\CodeIgniter->createController()
 3 SYSTEMPATH/CodeIgniter.php(366): CodeIgniter\CodeIgniter->handleRequest(null, Object(Config\Cache), false)
 4 FCPATH/index.php(67): CodeIgniter\CodeIgniter->run()
WARNING - 2023-11-28 19:20:10 --> [DEPRECATED] Creation of dynamic property App\Controllers\frontEnd\Home::$pager is deprecated in APPPATH/Controllers/frontEnd/Home.php on line 21.
 1 SYSTEMPATH/CodeIgniter.php(904): App\Controllers\frontEnd\Home->__construct()
 2 SYSTEMPATH/CodeIgniter.php(488): CodeIgniter\CodeIgniter->createController()
 3 SYSTEMPATH/CodeIgniter.php(366): CodeIgniter\CodeIgniter->handleRequest(null, Object(Config\Cache), false)
 4 FCPATH/index.php(67): CodeIgniter\CodeIgniter->run()
WARNING - 2023-11-28 19:52:16 --> [DEPRECATED] Creation of dynamic property App\Controllers\frontEnd\Home::$pager is deprecated in APPPATH/Controllers/frontEnd/Home.php on line 21.
 1 SYSTEMPATH/CodeIgniter.php(904): App\Controllers\frontEnd\Home->__construct()
 2 SYSTEMPATH/CodeIgniter.php(488): CodeIgniter\CodeIgniter->createController()
 3 SYSTEMPATH/CodeIgniter.php(366): CodeIgniter\CodeIgniter->handleRequest(null, Object(Config\Cache), false)
 4 FCPATH/index.php(67): CodeIgniter\CodeIgniter->run()
WARNING - 2023-11-28 20:16:03 --> [DEPRECATED] Creation of dynamic property App\Controllers\frontEnd\Home::$pager is deprecated in APPPATH/Controllers/frontEnd/Home.php on line 21.
 1 SYSTEMPATH/CodeIgniter.php(904): App\Controllers\frontEnd\Home->__construct()
 2 SYSTEMPATH/CodeIgniter.php(488): CodeIgniter\CodeIgniter->createController()
 3 SYSTEMPATH/CodeIgniter.php(366): CodeIgniter\CodeIgniter->handleRequest(null, Object(Config\Cache), false)
 4 FCPATH/index.php(67): CodeIgniter\CodeIgniter->run()
WARNING - 2023-11-28 20:16:08 --> [DEPRECATED] Creation of dynamic property App\Controllers\frontEnd\Home::$pager is deprecated in APPPATH/Controllers/frontEnd/Home.php on line 21.
 1 SYSTEMPATH/CodeIgniter.php(904): App\Controllers\frontEnd\Home->__construct()
 2 SYSTEMPATH/CodeIgniter.php(488): CodeIgniter\CodeIgniter->createController()
 3 SYSTEMPATH/CodeIgniter.php(366): CodeIgniter\CodeIgniter->handleRequest(null, Object(Config\Cache), false)
 4 FCPATH/index.php(67): CodeIgniter\CodeIgniter->run()
WARNING - 2023-11-28 20:38:01 --> [DEPRECATED] Creation of dynamic property App\Controllers\frontEnd\Home::$pager is deprecated in APPPATH/Controllers/frontEnd/Home.php on line 21.
 1 SYSTEMPATH/CodeIgniter.php(904): App\Controllers\frontEnd\Home->__construct()
 2 SYSTEMPATH/CodeIgniter.php(488): CodeIgniter\CodeIgniter->createController()
 3 SYSTEMPATH/CodeIgniter.php(366): CodeIgniter\CodeIgniter->handleRequest(null, Object(Config\Cache), false)
 4 FCPATH/index.php(67): CodeIgniter\CodeIgniter->run()
WARNING - 2023-11-28 20:43:36 --> [DEPRECATED] Creation of dynamic property App\Controllers\frontEnd\Home::$pager is deprecated in APPPATH/Controllers/frontEnd/Home.php on line 21.
 1 SYSTEMPATH/CodeIgniter.php(904): App\Controllers\frontEnd\Home->__construct()
 2 SYSTEMPATH/CodeIgniter.php(488): CodeIgniter\CodeIgniter->createController()
 3 SYSTEMPATH/CodeIgniter.php(366): CodeIgniter\CodeIgniter->handleRequest(null, Object(Config\Cache), false)
 4 FCPATH/index.php(67): CodeIgniter\CodeIgniter->run()
WARNING - 2023-11-28 20:44:06 --> [DEPRECATED] Creation of dynamic property App\Controllers\frontEnd\Home::$pager is deprecated in APPPATH/Controllers/frontEnd/Home.php on line 21.
 1 SYSTEMPATH/CodeIgniter.php(904): App\Controllers\frontEnd\Home->__construct()
 2 SYSTEMPATH/CodeIgniter.php(488): CodeIgniter\CodeIgniter->createController()
 3 SYSTEMPATH/CodeIgniter.php(366): CodeIgniter\CodeIgniter->handleRequest(null, Object(Config\Cache), false)
 4 FCPATH/index.php(67): CodeIgniter\CodeIgniter->run()
WARNING - 2023-11-28 20:57:33 --> [DEPRECATED] Creation of dynamic property App\Controllers\frontEnd\Home::$pager is deprecated in APPPATH/Controllers/frontEnd/Home.php on line 21.
 1 SYSTEMPATH/CodeIgniter.php(904): App\Controllers\frontEnd\Home->__construct()
 2 SYSTEMPATH/CodeIgniter.php(488): CodeIgniter\CodeIgniter->createController()
 3 SYSTEMPATH/CodeIgniter.php(366): CodeIgniter\CodeIgniter->handleRequest(null, Object(Config\Cache), false)
 4 FCPATH/index.php(67): CodeIgniter\CodeIgniter->run()
WARNING - 2023-11-28 22:21:36 --> [DEPRECATED] Creation of dynamic property App\Controllers\frontEnd\Home::$pager is deprecated in APPPATH/Controllers/frontEnd/Home.php on line 21.
 1 SYSTEMPATH/CodeIgniter.php(904): App\Controllers\frontEnd\Home->__construct()
 2 SYSTEMPATH/CodeIgniter.php(488): CodeIgniter\CodeIgniter->createController()
 3 SYSTEMPATH/CodeIgniter.php(366): CodeIgniter\CodeIgniter->handleRequest(null, Object(Config\Cache), false)
 4 FCPATH/index.php(67): CodeIgniter\CodeIgniter->run()
INFO - 2023-11-28 22:58:02 --> Session: Class initialized using 'CodeIgniter\Session\Handlers\FileHandler' driver.
WARNING - 2023-11-28 23:06:06 --> [DEPRECATED] Creation of dynamic property App\Controllers\frontEnd\Home::$pager is deprecated in APPPATH/Controllers/frontEnd/Home.php on line 21.
 1 SYSTEMPATH/CodeIgniter.php(904): App\Controllers\frontEnd\Home->__construct()
 2 SYSTEMPATH/CodeIgniter.php(488): CodeIgniter\CodeIgniter->createController()
 3 SYSTEMPATH/CodeIgniter.php(366): CodeIgniter\CodeIgniter->handleRequest(null, Object(Config\Cache), false)
 4 FCPATH/index.php(67): CodeIgniter\CodeIgniter->run()
WARNING - 2023-11-28 23:06:18 --> [DEPRECATED] Creation of dynamic property App\Controllers\frontEnd\Home::$pager is deprecated in APPPATH/Controllers/frontEnd/Home.php on line 21.
 1 SYSTEMPATH/CodeIgniter.php(904): App\Controllers\frontEnd\Home->__construct()
 2 SYSTEMPATH/CodeIgniter.php(488): CodeIgniter\CodeIgniter->createController()
 3 SYSTEMPATH/CodeIgniter.php(366): CodeIgniter\CodeIgniter->handleRequest(null, Object(Config\Cache), false)
 4 FCPATH/index.php(67): CodeIgniter\CodeIgniter->run()
WARNING - 2023-11-28 23:06:18 --> [DEPRECATED] Creation of dynamic property App\Controllers\frontEnd\Home::$pager is deprecated in APPPATH/Controllers/frontEnd/Home.php on line 21.
 1 SYSTEMPATH/CodeIgniter.php(904): App\Controllers\frontEnd\Home->__construct()
 2 SYSTEMPATH/CodeIgniter.php(488): CodeIgniter\CodeIgniter->createController()
 3 SYSTEMPATH/CodeIgniter.php(366): CodeIgniter\CodeIgniter->handleRequest(null, Object(Config\Cache), false)
 4 FCPATH/index.php(67): CodeIgniter\CodeIgniter->run()
WARNING - 2023-11-28 23:46:56 --> [DEPRECATED] Creation of dynamic property App\Controllers\frontEnd\Home::$pager is deprecated in APPPATH/Controllers/frontEnd/Home.php on line 21.
 1 SYSTEMPATH/CodeIgniter.php(904): App\Controllers\frontEnd\Home->__construct()
 2 SYSTEMPATH/CodeIgniter.php(488): CodeIgniter\CodeIgniter->createController()
 3 SYSTEMPATH/CodeIgniter.php(366): CodeIgniter\CodeIgniter->handleRequest(null, Object(Config\Cache), false)
 4 FCPATH/index.php(67): CodeIgniter\CodeIgniter->run()
